Fold 0
Model 0 best validation auc = 0.871057 on epoch 28
Model 0 test auc = 0.937839
Model 0 test accuracy = 0.846939
Model 0 test pre = 0.891304
Model 0 test rec = 0.803922
Ensemble test auc = 0.937839
Ensemble test accuracy = 0.846939
Ensemble test pre = 0.891304
Ensemble test rec = 0.803922
Fold 1
Model 0 best validation auc = 0.943452 on epoch 29
Model 0 test auc = 0.870205
Model 0 test accuracy = 0.824742
Model 0 test pre = 0.803571
Model 0 test rec = 0.882353
Ensemble test auc = 0.870205
Ensemble test accuracy = 0.824742
Ensemble test pre = 0.803571
Ensemble test rec = 0.882353
Fold 2
Model 0 best validation auc = 0.855236 on epoch 29
Model 0 test auc = 0.920493
Model 0 test accuracy = 0.824742
Model 0 test pre = 0.771930
Model 0 test rec = 0.916667
Ensemble test auc = 0.920493
Ensemble test accuracy = 0.824742
Ensemble test pre = 0.771930
Ensemble test rec = 0.916667
Fold 3
Model 0 best validation auc = 0.864414 on epoch 29
Model 0 test auc = 0.864831
Model 0 test accuracy = 0.806122
Model 0 test pre = 0.791667
Model 0 test rec = 0.808511
Ensemble test auc = 0.864831
Ensemble test accuracy = 0.806122
Ensemble test pre = 0.791667
Ensemble test rec = 0.808511
Fold 4
Model 0 best validation auc = 0.915311 on epoch 29
Model 0 test auc = 0.873175
Model 0 test accuracy = 0.816327
Model 0 test pre = 0.784314
Model 0 test rec = 0.851064
Ensemble test auc = 0.873175
Ensemble test accuracy = 0.816327
Ensemble test pre = 0.784314
Ensemble test rec = 0.851064
5-fold cross validation
	Seed 42 ==> test auc = 0.937839
	Seed 42 ==> test accuracy = 0.846939
	Seed 42 ==> test pre = 0.891304
	Seed 42 ==> test rec = 0.803922
	Seed 43 ==> test auc = 0.870205
	Seed 43 ==> test accuracy = 0.824742
	Seed 43 ==> test pre = 0.803571
	Seed 43 ==> test rec = 0.882353
	Seed 44 ==> test auc = 0.920493
	Seed 44 ==> test accuracy = 0.824742
	Seed 44 ==> test pre = 0.771930
	Seed 44 ==> test rec = 0.916667
	Seed 45 ==> test auc = 0.864831
	Seed 45 ==> test accuracy = 0.806122
	Seed 45 ==> test pre = 0.791667
	Seed 45 ==> test rec = 0.808511
	Seed 46 ==> test auc = 0.873175
	Seed 46 ==> test accuracy = 0.816327
	Seed 46 ==> test pre = 0.784314
	Seed 46 ==> test rec = 0.851064
Overall test auc = 0.893309 +/- 0.029907
Overall test accuracy = 0.823774 +/- 0.013458
Overall test pre = 0.808557 +/- 0.042630
Overall test rec = 0.852503 +/- 0.043141
Elapsed time = 0:03:00
