Command line
python D:\anaconda\envs\chemprop\Scripts\chemprop_train --data_path mpnn.csv --dataset_type classification --split_type cv --num_folds 5 --metric auc --extra_metrics accuracy pre rec --seed 42 --save_dir result_random
Args
{'activation': 'ReLU',
 'adding_h': False,
 'aggregation': 'mean',
 'aggregation_norm': 100,
 'atom_descriptor_scaling': True,
 'atom_descriptors': None,
 'atom_descriptors_path': None,
 'atom_descriptors_size': 0,
 'atom_features_size': 0,
 'atom_messages': False,
 'batch_size': 50,
 'bias': False,
 'bias_solvent': False,
 'bond_feature_scaling': True,
 'bond_features_path': None,
 'bond_features_size': 0,
 'cache_cutoff': 10000,
 'checkpoint_dir': None,
 'checkpoint_frzn': None,
 'checkpoint_path': None,
 'checkpoint_paths': None,
 'class_balance': False,
 'config_path': None,
 'crossval_index_dir': None,
 'crossval_index_file': None,
 'crossval_index_sets': None,
 'cuda': False,
 'data_path': 'mpnn.csv',
 'data_weights_path': None,
 'dataset_type': 'classification',
 'depth': 3,
 'depth_solvent': 3,
 'device': device(type='cpu'),
 'dropout': 0.0,
 'empty_cache': False,
 'ensemble_size': 1,
 'epochs': 30,
 'evidential_regularization': 0,
 'explicit_h': False,
 'extra_metrics': ['accuracy', 'pre', 'rec'],
 'features_generator': None,
 'features_only': False,
 'features_path': None,
 'features_scaling': True,
 'features_size': None,
 'ffn_hidden_size': 300,
 'ffn_num_layers': 2,
 'final_lr': 0.0001,
 'folds_file': None,
 'freeze_first_only': False,
 'frzn_ffn_layers': 0,
 'gpu': None,
 'grad_clip': None,
 'hidden_size': 300,
 'hidden_size_solvent': 300,
 'ignore_columns': None,
 'init_lr': 0.0001,
 'log_frequency': 10,
 'loss_function': 'binary_cross_entropy',
 'max_data_size': None,
 'max_lr': 0.001,
 'metric': 'auc',
 'metrics': ['auc', 'accuracy', 'pre', 'rec'],
 'minimize_score': False,
 'mpn_shared': False,
 'multiclass_num_classes': 3,
 'no_atom_descriptor_scaling': False,
 'no_bond_features_scaling': False,
 'no_cache_mol': False,
 'no_cuda': False,
 'no_features_scaling': False,
 'num_folds': 5,
 'num_lrs': 1,
 'num_tasks': 4,
 'num_workers': 8,
 'number_of_molecules': 1,
 'overwrite_default_atom_features': False,
 'overwrite_default_bond_features': False,
 'phase_features_path': None,
 'pytorch_seed': 0,
 'quiet': False,
 'reaction': False,
 'reaction_mode': 'reac_diff',
 'reaction_solvent': False,
 'resume_experiment': False,
 'save_dir': 'result_random',
 'save_preds': False,
 'save_smiles_splits': False,
 'seed': 42,
 'separate_test_atom_descriptors_path': None,
 'separate_test_bond_features_path': None,
 'separate_test_features_path': None,
 'separate_test_path': None,
 'separate_test_phase_features_path': None,
 'separate_val_atom_descriptors_path': None,
 'separate_val_bond_features_path': None,
 'separate_val_features_path': None,
 'separate_val_path': None,
 'separate_val_phase_features_path': None,
 'show_individual_scores': False,
 'smiles_columns': ['name'],
 'spectra_activation': 'exp',
 'spectra_phase_mask_path': None,
 'spectra_target_floor': 1e-08,
 'split_key_molecule': 0,
 'split_sizes': [0.8, 0.1, 0.1],
 'split_type': 'cv',
 'target_columns': None,
 'target_weights': None,
 'task_names': ['origin', 'label', 'smiles', 'target'],
 'test': False,
 'test_fold_index': None,
 'train_data_size': None,
 'undirected': False,
 'use_input_features': False,
 'val_fold_index': None,
 'warmup_epochs': 2.0}
Setting molecule featurization parameters to default.
Loading data
Command line
python D:\anaconda\envs\chemprop\Scripts\chemprop_train --data_path mpnn.csv --dataset_type classification --split_type cv --num_folds 5 --metric auc --extra_metrics accuracy pre rec --seed 42 --save_dir result_random
Args
{'activation': 'ReLU',
 'adding_h': False,
 'aggregation': 'mean',
 'aggregation_norm': 100,
 'atom_descriptor_scaling': True,
 'atom_descriptors': None,
 'atom_descriptors_path': None,
 'atom_descriptors_size': 0,
 'atom_features_size': 0,
 'atom_messages': False,
 'batch_size': 50,
 'bias': False,
 'bias_solvent': False,
 'bond_feature_scaling': True,
 'bond_features_path': None,
 'bond_features_size': 0,
 'cache_cutoff': 10000,
 'checkpoint_dir': None,
 'checkpoint_frzn': None,
 'checkpoint_path': None,
 'checkpoint_paths': None,
 'class_balance': False,
 'config_path': None,
 'crossval_index_dir': None,
 'crossval_index_file': None,
 'crossval_index_sets': None,
 'cuda': False,
 'data_path': 'mpnn.csv',
 'data_weights_path': None,
 'dataset_type': 'classification',
 'depth': 3,
 'depth_solvent': 3,
 'device': device(type='cpu'),
 'dropout': 0.0,
 'empty_cache': False,
 'ensemble_size': 1,
 'epochs': 30,
 'evidential_regularization': 0,
 'explicit_h': False,
 'extra_metrics': ['accuracy', 'pre', 'rec'],
 'features_generator': None,
 'features_only': False,
 'features_path': None,
 'features_scaling': True,
 'features_size': None,
 'ffn_hidden_size': 300,
 'ffn_num_layers': 2,
 'final_lr': 0.0001,
 'folds_file': None,
 'freeze_first_only': False,
 'frzn_ffn_layers': 0,
 'gpu': None,
 'grad_clip': None,
 'hidden_size': 300,
 'hidden_size_solvent': 300,
 'ignore_columns': None,
 'init_lr': 0.0001,
 'log_frequency': 10,
 'loss_function': 'binary_cross_entropy',
 'max_data_size': None,
 'max_lr': 0.001,
 'metric': 'auc',
 'metrics': ['auc', 'accuracy', 'pre', 'rec'],
 'minimize_score': False,
 'mpn_shared': False,
 'multiclass_num_classes': 3,
 'no_atom_descriptor_scaling': False,
 'no_bond_features_scaling': False,
 'no_cache_mol': False,
 'no_cuda': False,
 'no_features_scaling': False,
 'num_folds': 5,
 'num_lrs': 1,
 'num_tasks': 1,
 'num_workers': 8,
 'number_of_molecules': 1,
 'overwrite_default_atom_features': False,
 'overwrite_default_bond_features': False,
 'phase_features_path': None,
 'pytorch_seed': 0,
 'quiet': False,
 'reaction': False,
 'reaction_mode': 'reac_diff',
 'reaction_solvent': False,
 'resume_experiment': False,
 'save_dir': 'result_random',
 'save_preds': False,
 'save_smiles_splits': False,
 'seed': 42,
 'separate_test_atom_descriptors_path': None,
 'separate_test_bond_features_path': None,
 'separate_test_features_path': None,
 'separate_test_path': None,
 'separate_test_phase_features_path': None,
 'separate_val_atom_descriptors_path': None,
 'separate_val_bond_features_path': None,
 'separate_val_features_path': None,
 'separate_val_path': None,
 'separate_val_phase_features_path': None,
 'show_individual_scores': False,
 'smiles_columns': ['smiles'],
 'spectra_activation': 'exp',
 'spectra_phase_mask_path': None,
 'spectra_target_floor': 1e-08,
 'split_key_molecule': 0,
 'split_sizes': [0.8, 0.1, 0.1],
 'split_type': 'cv',
 'target_columns': None,
 'target_weights': None,
 'task_names': ['target'],
 'test': False,
 'test_fold_index': None,
 'train_data_size': None,
 'undirected': False,
 'use_input_features': False,
 'val_fold_index': None,
 'warmup_epochs': 2.0}
Setting molecule featurization parameters to default.
Loading data
Number of tasks = 1
Fold 0
Splitting data with seed 42
Class sizes
target 0: 50.00%, 1: 50.00%
Total size = 488 | train size = 293 | val size = 97 | test size = 98
Building model 0
MoleculeModel(
  (sigmoid): Sigmoid()
  (encoder): MPN(
    (encoder): ModuleList(
      (0): MPNEncoder(
        (dropout_layer): Dropout(p=0.0, inplace=False)
        (act_func): ReLU()
        (W_i): Linear(in_features=147, out_features=300, bias=False)
        (W_h): Linear(in_features=300, out_features=300, bias=False)
        (W_o): Linear(in_features=433, out_features=300, bias=True)
      )
    )
  )
  (ffn): Sequential(
    (0): Dropout(p=0.0, inplace=False)
    (1): Linear(in_features=300, out_features=300, bias=True)
    (2): ReLU()
    (3): Dropout(p=0.0, inplace=False)
    (4): Linear(in_features=300, out_features=1, bias=True)
  )
)
Number of parameters = 355,201
Epoch 0
Validation auc = 0.747016
Validation accuracy = 0.639175
Validation pre = 0.605263
Validation rec = 0.901961
Epoch 1
Loss = 6.3039e-01, PNorm = 34.0333, GNorm = 0.5151, lr_0 = 9.6764e-04
Validation auc = 0.784740
Validation accuracy = 0.711340
Validation pre = 0.870968
Validation rec = 0.529412
Epoch 2
Validation auc = 0.806266
Validation accuracy = 0.701031
Validation pre = 0.866667
Validation rec = 0.509804
Epoch 3
Loss = 5.3761e-01, PNorm = 34.0856, GNorm = 0.5674, lr_0 = 8.2089e-04
Validation auc = 0.815644
Validation accuracy = 0.639175
Validation pre = 0.600000
Validation rec = 0.941176
Epoch 4
Validation auc = 0.821611
Validation accuracy = 0.680412
Validation pre = 0.857143
Validation rec = 0.470588
Epoch 5
Loss = 5.8483e-01, PNorm = 34.1401, GNorm = 2.0220, lr_0 = 6.9640e-04
Validation auc = 0.835678
Validation accuracy = 0.701031
Validation pre = 0.866667
Validation rec = 0.509804
Epoch 6
Loss = 5.7189e-01, PNorm = 34.1940, GNorm = 0.8349, lr_0 = 5.9078e-04
Validation auc = 0.846121
Validation accuracy = 0.762887
Validation pre = 0.741379
Validation rec = 0.843137
Epoch 7
Validation auc = 0.844203
Validation accuracy = 0.680412
Validation pre = 0.857143
Validation rec = 0.470588
Epoch 8
Loss = 4.8674e-01, PNorm = 34.2482, GNorm = 1.3972, lr_0 = 4.9301e-04
Validation auc = 0.853581
Validation accuracy = 0.773196
Validation pre = 0.763636
Validation rec = 0.823529
Epoch 9
Validation auc = 0.854433
Validation accuracy = 0.762887
Validation pre = 0.868421
Validation rec = 0.647059
Epoch 10
Loss = 4.7334e-01, PNorm = 34.3010, GNorm = 1.1861, lr_0 = 4.1824e-04
Validation auc = 0.856991
Validation accuracy = 0.773196
Validation pre = 0.795918
Validation rec = 0.764706
Epoch 11
Loss = 4.2960e-01, PNorm = 34.3594, GNorm = 1.0352, lr_0 = 3.5481e-04
Validation auc = 0.861253
Validation accuracy = 0.773196
Validation pre = 0.795918
Validation rec = 0.764706
Epoch 12
Validation auc = 0.859122
Validation accuracy = 0.793814
Validation pre = 0.829787
Validation rec = 0.764706
Epoch 13
Loss = 3.6704e-01, PNorm = 34.4131, GNorm = 2.6956, lr_0 = 3.0100e-04
Validation auc = 0.863598
Validation accuracy = 0.804124
Validation pre = 0.785714
Validation rec = 0.862745
Epoch 14
Validation auc = 0.863811
Validation accuracy = 0.814433
Validation pre = 0.789474
Validation rec = 0.882353
Epoch 15
Loss = 4.2861e-01, PNorm = 34.4569, GNorm = 2.8836, lr_0 = 2.5119e-04
Validation auc = 0.862958
Validation accuracy = 0.742268
Validation pre = 0.861111
Validation rec = 0.607843
Epoch 16
Validation auc = 0.865090
Validation accuracy = 0.814433
Validation pre = 0.789474
Validation rec = 0.882353
Epoch 17
Loss = 3.2812e-01, PNorm = 34.4876, GNorm = 4.2158, lr_0 = 2.1309e-04
Validation auc = 0.867647
Validation accuracy = 0.793814
Validation pre = 0.829787
Validation rec = 0.764706
Epoch 18
Loss = 3.5773e-01, PNorm = 34.5141, GNorm = 2.3859, lr_0 = 1.8078e-04
Validation auc = 0.868073
Validation accuracy = 0.804124
Validation pre = 0.785714
Validation rec = 0.862745
Epoch 19
Validation auc = 0.864663
Validation accuracy = 0.762887
Validation pre = 0.818182
Validation rec = 0.705882
Epoch 20
Loss = 3.8154e-01, PNorm = 34.5363, GNorm = 4.9681, lr_0 = 1.5336e-04
Validation auc = 0.868073
Validation accuracy = 0.814433
Validation pre = 0.789474
Validation rec = 0.882353
Epoch 21
Validation auc = 0.865729
Validation accuracy = 0.804124
Validation pre = 0.833333
Validation rec = 0.784314
Epoch 22
Loss = 3.9869e-01, PNorm = 34.5574, GNorm = 3.8381, lr_0 = 1.2798e-04
Validation auc = 0.866368
Validation accuracy = 0.804124
Validation pre = 0.807692
Validation rec = 0.823529
Epoch 23
Loss = 3.2855e-01, PNorm = 34.5739, GNorm = 0.8384, lr_0 = 1.0857e-04
Validation auc = 0.865942
Validation accuracy = 0.814433
Validation pre = 0.836735
Validation rec = 0.803922
Epoch 24
Validation auc = 0.868073
Validation accuracy = 0.814433
Validation pre = 0.836735
Validation rec = 0.803922
Epoch 25
Loss = 3.3316e-01, PNorm = 34.5885, GNorm = 2.0432, lr_0 = 1.0000e-04
Validation auc = 0.870631
Validation accuracy = 0.814433
Validation pre = 0.836735
Validation rec = 0.803922
Epoch 26
Validation auc = 0.868073
Validation accuracy = 0.814433
Validation pre = 0.836735
Validation rec = 0.803922
Epoch 27
Loss = 3.1476e-01, PNorm = 34.6020, GNorm = 1.0141, lr_0 = 1.0000e-04
Validation auc = 0.869778
Validation accuracy = 0.824742
Validation pre = 0.840000
Validation rec = 0.823529
Epoch 28
Validation auc = 0.871057
Validation accuracy = 0.814433
Validation pre = 0.836735
Validation rec = 0.803922
Epoch 29
Loss = 2.9194e-01, PNorm = 34.6180, GNorm = 0.7506, lr_0 = 1.0000e-04
Validation auc = 0.870631
Validation accuracy = 0.814433
Validation pre = 0.836735
Validation rec = 0.803922
Model 0 best validation auc = 0.871057 on epoch 28
Loading pretrained parameter "encoder.encoder.0.cached_zero_vector".
Loading pretrained parameter "encoder.encoder.0.W_i.weight".
Loading pretrained parameter "encoder.encoder.0.W_h.weight".
Loading pretrained parameter "encoder.encoder.0.W_o.weight".
Loading pretrained parameter "encoder.encoder.0.W_o.bias".
Loading pretrained parameter "ffn.1.weight".
Loading pretrained parameter "ffn.1.bias".
Loading pretrained parameter "ffn.4.weight".
Loading pretrained parameter "ffn.4.bias".
Model 0 test auc = 0.937839
Model 0 test accuracy = 0.846939
Model 0 test pre = 0.891304
Model 0 test rec = 0.803922
Ensemble test auc = 0.937839
Ensemble test accuracy = 0.846939
Ensemble test pre = 0.891304
Ensemble test rec = 0.803922
Fold 1
Splitting data with seed 43
Class sizes
target 0: 50.00%, 1: 50.00%
Total size = 488 | train size = 294 | val size = 97 | test size = 97
Building model 0
MoleculeModel(
  (sigmoid): Sigmoid()
  (encoder): MPN(
    (encoder): ModuleList(
      (0): MPNEncoder(
        (dropout_layer): Dropout(p=0.0, inplace=False)
        (act_func): ReLU()
        (W_i): Linear(in_features=147, out_features=300, bias=False)
        (W_h): Linear(in_features=300, out_features=300, bias=False)
        (W_o): Linear(in_features=433, out_features=300, bias=True)
      )
    )
  )
  (ffn): Sequential(
    (0): Dropout(p=0.0, inplace=False)
    (1): Linear(in_features=300, out_features=300, bias=True)
    (2): ReLU()
    (3): Dropout(p=0.0, inplace=False)
    (4): Linear(in_features=300, out_features=1, bias=True)
  )
)
Number of parameters = 355,201
Epoch 0
Validation auc = 0.796344
Validation accuracy = 0.721649
Validation pre = 0.800000
Validation rec = 0.583333
Epoch 1
Loss = 6.6755e-01, PNorm = 34.0340, GNorm = 2.2636, lr_0 = 9.6764e-04
Validation auc = 0.827381
Validation accuracy = 0.731959
Validation pre = 0.866667
Validation rec = 0.541667
Epoch 2
Validation auc = 0.829507
Validation accuracy = 0.762887
Validation pre = 0.735849
Validation rec = 0.812500
Epoch 3
Loss = 5.7634e-01, PNorm = 34.0741, GNorm = 0.8271, lr_0 = 8.2089e-04
Validation auc = 0.835459
Validation accuracy = 0.752577
Validation pre = 0.833333
Validation rec = 0.625000
Epoch 4
Validation auc = 0.849490
Validation accuracy = 0.773196
Validation pre = 0.770833
Validation rec = 0.770833
Epoch 5
Loss = 6.2260e-01, PNorm = 34.1258, GNorm = 1.9204, lr_0 = 6.9640e-04
Validation auc = 0.863095
Validation accuracy = 0.783505
Validation pre = 0.885714
Validation rec = 0.645833
Epoch 6
Loss = 5.2052e-01, PNorm = 34.1860, GNorm = 0.7352, lr_0 = 5.9078e-04
Validation auc = 0.874575
Validation accuracy = 0.793814
Validation pre = 0.791667
Validation rec = 0.791667
Epoch 7
Validation auc = 0.898810
Validation accuracy = 0.793814
Validation pre = 0.769231
Validation rec = 0.833333
Epoch 8
Loss = 4.9752e-01, PNorm = 34.2450, GNorm = 1.5527, lr_0 = 5.0119e-04
Validation auc = 0.906888
Validation accuracy = 0.773196
Validation pre = 0.709677
Validation rec = 0.916667
Epoch 9
Validation auc = 0.915391
Validation accuracy = 0.752577
Validation pre = 0.687500
Validation rec = 0.916667
Epoch 10
Loss = 5.1278e-01, PNorm = 34.3103, GNorm = 4.2838, lr_0 = 4.1824e-04
Validation auc = 0.914116
Validation accuracy = 0.824742
Validation pre = 0.897436
Validation rec = 0.729167
Epoch 11
Loss = 4.8027e-01, PNorm = 34.3544, GNorm = 1.2384, lr_0 = 3.5481e-04
Validation auc = 0.921344
Validation accuracy = 0.824742
Validation pre = 0.878049
Validation rec = 0.750000
Epoch 12
Validation auc = 0.924320
Validation accuracy = 0.793814
Validation pre = 0.733333
Validation rec = 0.916667
Epoch 13
Loss = 4.3024e-01, PNorm = 34.3941, GNorm = 1.0460, lr_0 = 3.0100e-04
Validation auc = 0.928571
Validation accuracy = 0.845361
Validation pre = 0.883721
Validation rec = 0.791667
Epoch 14
Validation auc = 0.926871
Validation accuracy = 0.793814
Validation pre = 0.733333
Validation rec = 0.916667
Epoch 15
Loss = 3.3026e-01, PNorm = 34.4324, GNorm = 1.2352, lr_0 = 2.5535e-04
Validation auc = 0.935799
Validation accuracy = 0.845361
Validation pre = 0.823529
Validation rec = 0.875000
Epoch 16
Validation auc = 0.939201
Validation accuracy = 0.865979
Validation pre = 0.830189
Validation rec = 0.916667
Epoch 17
Loss = 3.2516e-01, PNorm = 34.4705, GNorm = 1.1375, lr_0 = 2.1309e-04
Validation auc = 0.937075
Validation accuracy = 0.804124
Validation pre = 0.745763
Validation rec = 0.916667
Epoch 18
Loss = 3.5518e-01, PNorm = 34.4989, GNorm = 0.9455, lr_0 = 1.8078e-04
Validation auc = 0.932823
Validation accuracy = 0.855670
Validation pre = 0.854167
Validation rec = 0.854167
Epoch 19
Validation auc = 0.937500
Validation accuracy = 0.845361
Validation pre = 0.811321
Validation rec = 0.895833
Epoch 20
Loss = 2.9888e-01, PNorm = 34.5243, GNorm = 1.3522, lr_0 = 1.5336e-04
Validation auc = 0.936224
Validation accuracy = 0.845361
Validation pre = 0.800000
Validation rec = 0.916667
Epoch 21
Validation auc = 0.939201
Validation accuracy = 0.855670
Validation pre = 0.826923
Validation rec = 0.895833
Epoch 22
Loss = 3.1516e-01, PNorm = 34.5461, GNorm = 1.5787, lr_0 = 1.3010e-04
Validation auc = 0.937075
Validation accuracy = 0.845361
Validation pre = 0.800000
Validation rec = 0.916667
Epoch 23
Loss = 3.4157e-01, PNorm = 34.5636, GNorm = 1.8733, lr_0 = 1.1037e-04
Validation auc = 0.937925
Validation accuracy = 0.876289
Validation pre = 0.860000
Validation rec = 0.895833
Epoch 24
Validation auc = 0.939626
Validation accuracy = 0.855670
Validation pre = 0.826923
Validation rec = 0.895833
Epoch 25
Loss = 2.9915e-01, PNorm = 34.5787, GNorm = 0.7900, lr_0 = 1.0000e-04
Validation auc = 0.940051
Validation accuracy = 0.865979
Validation pre = 0.818182
Validation rec = 0.937500
Epoch 26
Validation auc = 0.937925
Validation accuracy = 0.876289
Validation pre = 0.860000
Validation rec = 0.895833
Epoch 27
Loss = 3.2660e-01, PNorm = 34.5932, GNorm = 3.2054, lr_0 = 1.0000e-04
Validation auc = 0.939201
Validation accuracy = 0.845361
Validation pre = 0.789474
Validation rec = 0.937500
Epoch 28
Loss = 3.0925e-01, PNorm = 34.6052, GNorm = 1.3047, lr_0 = 1.0000e-04
Validation auc = 0.941752
Validation accuracy = 0.865979
Validation pre = 0.872340
Validation rec = 0.854167
Epoch 29
Validation auc = 0.943452
Validation accuracy = 0.865979
Validation pre = 0.818182
Validation rec = 0.937500
Model 0 best validation auc = 0.943452 on epoch 29
Loading pretrained parameter "encoder.encoder.0.cached_zero_vector".
Loading pretrained parameter "encoder.encoder.0.W_i.weight".
Loading pretrained parameter "encoder.encoder.0.W_h.weight".
Loading pretrained parameter "encoder.encoder.0.W_o.weight".
Loading pretrained parameter "encoder.encoder.0.W_o.bias".
Loading pretrained parameter "ffn.1.weight".
Loading pretrained parameter "ffn.1.bias".
Loading pretrained parameter "ffn.4.weight".
Loading pretrained parameter "ffn.4.bias".
Model 0 test auc = 0.870205
Model 0 test accuracy = 0.824742
Model 0 test pre = 0.803571
Model 0 test rec = 0.882353
Ensemble test auc = 0.870205
Ensemble test accuracy = 0.824742
Ensemble test pre = 0.803571
Ensemble test rec = 0.882353
Fold 2
Splitting data with seed 44
Class sizes
target 0: 50.00%, 1: 50.00%
Total size = 488 | train size = 293 | val size = 98 | test size = 97
Building model 0
MoleculeModel(
  (sigmoid): Sigmoid()
  (encoder): MPN(
    (encoder): ModuleList(
      (0): MPNEncoder(
        (dropout_layer): Dropout(p=0.0, inplace=False)
        (act_func): ReLU()
        (W_i): Linear(in_features=147, out_features=300, bias=False)
        (W_h): Linear(in_features=300, out_features=300, bias=False)
        (W_o): Linear(in_features=433, out_features=300, bias=True)
      )
    )
  )
  (ffn): Sequential(
    (0): Dropout(p=0.0, inplace=False)
    (1): Linear(in_features=300, out_features=300, bias=True)
    (2): ReLU()
    (3): Dropout(p=0.0, inplace=False)
    (4): Linear(in_features=300, out_features=1, bias=True)
  )
)
Number of parameters = 355,201
Epoch 0
Validation auc = 0.734668
Validation accuracy = 0.612245
Validation pre = 0.800000
Validation rec = 0.255319
Epoch 1
Loss = 6.4891e-01, PNorm = 34.0317, GNorm = 0.9492, lr_0 = 9.6764e-04
Validation auc = 0.722570
Validation accuracy = 0.693878
Validation pre = 0.649123
Validation rec = 0.787234
Epoch 2
Validation auc = 0.739675
Validation accuracy = 0.622449
Validation pre = 0.666667
Validation rec = 0.425532
Epoch 3
Loss = 6.1365e-01, PNorm = 34.0778, GNorm = 1.2065, lr_0 = 8.2089e-04
Validation auc = 0.740509
Validation accuracy = 0.683673
Validation pre = 0.690476
Validation rec = 0.617021
Epoch 4
Validation auc = 0.745515
Validation accuracy = 0.704082
Validation pre = 0.680000
Validation rec = 0.723404
Epoch 5
Loss = 6.7729e-01, PNorm = 34.1301, GNorm = 0.8705, lr_0 = 6.9640e-04
Validation auc = 0.760534
Validation accuracy = 0.642857
Validation pre = 0.687500
Validation rec = 0.468085
Epoch 6
Loss = 5.4439e-01, PNorm = 34.1789, GNorm = 0.8303, lr_0 = 5.9078e-04
Validation auc = 0.758031
Validation accuracy = 0.612245
Validation pre = 0.556962
Validation rec = 0.936170
Epoch 7
Validation auc = 0.770964
Validation accuracy = 0.653061
Validation pre = 0.696970
Validation rec = 0.489362
Epoch 8
Loss = 5.3423e-01, PNorm = 34.2261, GNorm = 1.8065, lr_0 = 4.9301e-04
Validation auc = 0.774718
Validation accuracy = 0.744898
Validation pre = 0.696429
Validation rec = 0.829787
Epoch 9
Validation auc = 0.775970
Validation accuracy = 0.724490
Validation pre = 0.708333
Validation rec = 0.723404
Epoch 10
Loss = 4.4215e-01, PNorm = 34.2749, GNorm = 0.5312, lr_0 = 4.1824e-04
Validation auc = 0.787651
Validation accuracy = 0.775510
Validation pre = 0.719298
Validation rec = 0.872340
Epoch 11
Loss = 4.5930e-01, PNorm = 34.3253, GNorm = 2.4502, lr_0 = 3.5481e-04
Validation auc = 0.800167
Validation accuracy = 0.734694
Validation pre = 0.714286
Validation rec = 0.744681
Epoch 12
Validation auc = 0.807259
Validation accuracy = 0.744898
Validation pre = 0.720000
Validation rec = 0.765957
Epoch 13
Loss = 3.8790e-01, PNorm = 34.3727, GNorm = 0.9913, lr_0 = 3.0100e-04
Validation auc = 0.817272
Validation accuracy = 0.744898
Validation pre = 0.711538
Validation rec = 0.787234
Epoch 14
Validation auc = 0.821861
Validation accuracy = 0.775510
Validation pre = 0.719298
Validation rec = 0.872340
Epoch 15
Loss = 3.9595e-01, PNorm = 34.4198, GNorm = 3.4159, lr_0 = 2.5119e-04
Validation auc = 0.827284
Validation accuracy = 0.724490
Validation pre = 0.727273
Validation rec = 0.680851
Epoch 16
Validation auc = 0.831039
Validation accuracy = 0.765306
Validation pre = 0.722222
Validation rec = 0.829787
Epoch 17
Loss = 2.8023e-01, PNorm = 34.4519, GNorm = 1.4875, lr_0 = 2.1309e-04
Validation auc = 0.844389
Validation accuracy = 0.744898
Validation pre = 0.711538
Validation rec = 0.787234
Epoch 18
Loss = 3.7966e-01, PNorm = 34.4783, GNorm = 2.7408, lr_0 = 1.8078e-04
Validation auc = 0.844806
Validation accuracy = 0.765306
Validation pre = 0.730769
Validation rec = 0.808511
Epoch 19
Validation auc = 0.831873
Validation accuracy = 0.744898
Validation pre = 0.711538
Validation rec = 0.787234
Epoch 20
Loss = 3.7058e-01, PNorm = 34.5006, GNorm = 3.0923, lr_0 = 1.5336e-04
Validation auc = 0.845223
Validation accuracy = 0.775510
Validation pre = 0.735849
Validation rec = 0.829787
Epoch 21
Validation auc = 0.851898
Validation accuracy = 0.795918
Validation pre = 0.787234
Validation rec = 0.787234
Epoch 22
Loss = 3.6907e-01, PNorm = 34.5203, GNorm = 0.8953, lr_0 = 1.2798e-04
Validation auc = 0.844389
Validation accuracy = 0.775510
Validation pre = 0.727273
Validation rec = 0.851064
Epoch 23
Loss = 3.3866e-01, PNorm = 34.5363, GNorm = 0.5250, lr_0 = 1.0857e-04
Validation auc = 0.848144
Validation accuracy = 0.775510
Validation pre = 0.755102
Validation rec = 0.787234
Epoch 24
Validation auc = 0.851064
Validation accuracy = 0.785714
Validation pre = 0.760000
Validation rec = 0.808511
Epoch 25
Loss = 3.4284e-01, PNorm = 34.5505, GNorm = 5.9877, lr_0 = 1.0000e-04
Validation auc = 0.852733
Validation accuracy = 0.795918
Validation pre = 0.764706
Validation rec = 0.829787
Epoch 26
Validation auc = 0.853567
Validation accuracy = 0.775510
Validation pre = 0.755102
Validation rec = 0.787234
Epoch 27
Loss = 3.0160e-01, PNorm = 34.5630, GNorm = 0.7777, lr_0 = 1.0000e-04
Validation auc = 0.852733
Validation accuracy = 0.775510
Validation pre = 0.735849
Validation rec = 0.829787
Epoch 28
Validation auc = 0.854401
Validation accuracy = 0.785714
Validation pre = 0.760000
Validation rec = 0.808511
Epoch 29
Loss = 3.5336e-01, PNorm = 34.5774, GNorm = 1.7929, lr_0 = 1.0000e-04
Validation auc = 0.855236
Validation accuracy = 0.785714
Validation pre = 0.760000
Validation rec = 0.808511
Model 0 best validation auc = 0.855236 on epoch 29
Loading pretrained parameter "encoder.encoder.0.cached_zero_vector".
Loading pretrained parameter "encoder.encoder.0.W_i.weight".
Loading pretrained parameter "encoder.encoder.0.W_h.weight".
Loading pretrained parameter "encoder.encoder.0.W_o.weight".
Loading pretrained parameter "encoder.encoder.0.W_o.bias".
Loading pretrained parameter "ffn.1.weight".
Loading pretrained parameter "ffn.1.bias".
Loading pretrained parameter "ffn.4.weight".
Loading pretrained parameter "ffn.4.bias".
Model 0 test auc = 0.920493
Model 0 test accuracy = 0.824742
Model 0 test pre = 0.771930
Model 0 test rec = 0.916667
Ensemble test auc = 0.920493
Ensemble test accuracy = 0.824742
Ensemble test pre = 0.771930
Ensemble test rec = 0.916667
Fold 3
Splitting data with seed 45
Class sizes
target 0: 50.00%, 1: 50.00%
Total size = 488 | train size = 292 | val size = 98 | test size = 98
Building model 0
MoleculeModel(
  (sigmoid): Sigmoid()
  (encoder): MPN(
    (encoder): ModuleList(
      (0): MPNEncoder(
        (dropout_layer): Dropout(p=0.0, inplace=False)
        (act_func): ReLU()
        (W_i): Linear(in_features=147, out_features=300, bias=False)
        (W_h): Linear(in_features=300, out_features=300, bias=False)
        (W_o): Linear(in_features=433, out_features=300, bias=True)
      )
    )
  )
  (ffn): Sequential(
    (0): Dropout(p=0.0, inplace=False)
    (1): Linear(in_features=300, out_features=300, bias=True)
    (2): ReLU()
    (3): Dropout(p=0.0, inplace=False)
    (4): Linear(in_features=300, out_features=1, bias=True)
  )
)
Number of parameters = 355,201
Epoch 0
Validation auc = 0.698373
Validation accuracy = 0.642857
Validation pre = 0.603448
Validation rec = 0.744681
Epoch 1
Loss = 5.7989e-01, PNorm = 34.0419, GNorm = 0.9710, lr_0 = 9.6764e-04
Validation auc = 0.725907
Validation accuracy = 0.683673
Validation pre = 0.690476
Validation rec = 0.617021
Epoch 2
Validation auc = 0.768461
Validation accuracy = 0.632653
Validation pre = 0.720000
Validation rec = 0.382979
Epoch 3
Loss = 5.4054e-01, PNorm = 34.0916, GNorm = 1.3035, lr_0 = 8.2089e-04
Validation auc = 0.769712
Validation accuracy = 0.704082
Validation pre = 0.704545
Validation rec = 0.659574
Epoch 4
Validation auc = 0.770129
Validation accuracy = 0.734694
Validation pre = 0.705882
Validation rec = 0.765957
Epoch 5
Loss = 5.1780e-01, PNorm = 34.1383, GNorm = 1.9903, lr_0 = 6.9640e-04
Validation auc = 0.780976
Validation accuracy = 0.734694
Validation pre = 0.723404
Validation rec = 0.723404
Epoch 6
Loss = 4.7859e-01, PNorm = 34.1891, GNorm = 1.2779, lr_0 = 5.9078e-04
Loss = 5.2321e-01, PNorm = 34.1945, GNorm = 0.6935, lr_0 = 5.8115e-04
Validation auc = 0.797664
Validation accuracy = 0.724490
Validation pre = 0.738095
Validation rec = 0.659574
Epoch 7
Validation auc = 0.808928
Validation accuracy = 0.704082
Validation pre = 0.632353
Validation rec = 0.914894
Epoch 8
Loss = 5.0148e-01, PNorm = 34.2471, GNorm = 2.1622, lr_0 = 4.9301e-04
Validation auc = 0.806842
Validation accuracy = 0.765306
Validation pre = 0.750000
Validation rec = 0.765957
Epoch 9
Validation auc = 0.806842
Validation accuracy = 0.683673
Validation pre = 0.722222
Validation rec = 0.553191
Epoch 10
Loss = 4.9772e-01, PNorm = 34.2932, GNorm = 2.9639, lr_0 = 4.1824e-04
Validation auc = 0.823112
Validation accuracy = 0.765306
Validation pre = 0.700000
Validation rec = 0.893617
Epoch 11
Loss = 4.4491e-01, PNorm = 34.3391, GNorm = 3.8747, lr_0 = 3.5481e-04
Validation auc = 0.821443
Validation accuracy = 0.765306
Validation pre = 0.760870
Validation rec = 0.744681
Epoch 12
Validation auc = 0.826867
Validation accuracy = 0.744898
Validation pre = 0.761905
Validation rec = 0.680851
Epoch 13
Loss = 3.8680e-01, PNorm = 34.3850, GNorm = 1.5388, lr_0 = 2.9609e-04
Validation auc = 0.831039
Validation accuracy = 0.775510
Validation pre = 0.735849
Validation rec = 0.829787
Epoch 14
Validation auc = 0.838965
Validation accuracy = 0.765306
Validation pre = 0.800000
Validation rec = 0.680851
Epoch 15
Loss = 3.8519e-01, PNorm = 34.4221, GNorm = 1.0081, lr_0 = 2.5119e-04
Validation auc = 0.838131
Validation accuracy = 0.775510
Validation pre = 0.735849
Validation rec = 0.829787
Epoch 16
Validation auc = 0.840634
Validation accuracy = 0.795918
Validation pre = 0.787234
Validation rec = 0.787234
Epoch 17
Loss = 3.1320e-01, PNorm = 34.4536, GNorm = 0.7701, lr_0 = 2.1309e-04
Validation auc = 0.842720
Validation accuracy = 0.785714
Validation pre = 0.760000
Validation rec = 0.808511
Epoch 18
Loss = 3.6389e-01, PNorm = 34.4816, GNorm = 1.2330, lr_0 = 1.8078e-04
Loss = 3.4721e-01, PNorm = 34.4842, GNorm = 4.5764, lr_0 = 1.7783e-04
Validation auc = 0.848144
Validation accuracy = 0.795918
Validation pre = 0.764706
Validation rec = 0.829787
Epoch 19
Validation auc = 0.849812
Validation accuracy = 0.816327
Validation pre = 0.822222
Validation rec = 0.787234
Epoch 20
Loss = 3.3654e-01, PNorm = 34.5084, GNorm = 0.8779, lr_0 = 1.5086e-04
Validation auc = 0.848144
Validation accuracy = 0.785714
Validation pre = 0.760000
Validation rec = 0.808511
Epoch 21
Validation auc = 0.849395
Validation accuracy = 0.785714
Validation pre = 0.770833
Validation rec = 0.787234
Epoch 22
Loss = 3.6263e-01, PNorm = 34.5279, GNorm = 2.6110, lr_0 = 1.2798e-04
Validation auc = 0.854401
Validation accuracy = 0.806122
Validation pre = 0.780000
Validation rec = 0.829787
Epoch 23
Loss = 3.3680e-01, PNorm = 34.5448, GNorm = 5.1947, lr_0 = 1.0857e-04
Validation auc = 0.857322
Validation accuracy = 0.816327
Validation pre = 0.822222
Validation rec = 0.787234
Epoch 24
Validation auc = 0.856070
Validation accuracy = 0.795918
Validation pre = 0.754717
Validation rec = 0.851064
Epoch 25
Loss = 3.0737e-01, PNorm = 34.5591, GNorm = 1.5406, lr_0 = 1.0000e-04
Validation auc = 0.859825
Validation accuracy = 0.816327
Validation pre = 0.822222
Validation rec = 0.787234
Epoch 26
Validation auc = 0.858990
Validation accuracy = 0.806122
Validation pre = 0.780000
Validation rec = 0.829787
Epoch 27
Loss = 3.4469e-01, PNorm = 34.5745, GNorm = 1.7097, lr_0 = 1.0000e-04
Validation auc = 0.861911
Validation accuracy = 0.806122
Validation pre = 0.791667
Validation rec = 0.808511
Epoch 28
Validation auc = 0.863997
Validation accuracy = 0.806122
Validation pre = 0.791667
Validation rec = 0.808511
Epoch 29
Loss = 3.2480e-01, PNorm = 34.5880, GNorm = 0.9917, lr_0 = 1.0000e-04
Validation auc = 0.864414
Validation accuracy = 0.816327
Validation pre = 0.795918
Validation rec = 0.829787
Model 0 best validation auc = 0.864414 on epoch 29
Loading pretrained parameter "encoder.encoder.0.cached_zero_vector".
Loading pretrained parameter "encoder.encoder.0.W_i.weight".
Loading pretrained parameter "encoder.encoder.0.W_h.weight".
Loading pretrained parameter "encoder.encoder.0.W_o.weight".
Loading pretrained parameter "encoder.encoder.0.W_o.bias".
Loading pretrained parameter "ffn.1.weight".
Loading pretrained parameter "ffn.1.bias".
Loading pretrained parameter "ffn.4.weight".
Loading pretrained parameter "ffn.4.bias".
Model 0 test auc = 0.864831
Model 0 test accuracy = 0.806122
Model 0 test pre = 0.791667
Model 0 test rec = 0.808511
Ensemble test auc = 0.864831
Ensemble test accuracy = 0.806122
Ensemble test pre = 0.791667
Ensemble test rec = 0.808511
Fold 4
Splitting data with seed 46
Class sizes
target 0: 50.00%, 1: 50.00%
Total size = 488 | train size = 292 | val size = 98 | test size = 98
Building model 0
MoleculeModel(
  (sigmoid): Sigmoid()
  (encoder): MPN(
    (encoder): ModuleList(
      (0): MPNEncoder(
        (dropout_layer): Dropout(p=0.0, inplace=False)
        (act_func): ReLU()
        (W_i): Linear(in_features=147, out_features=300, bias=False)
        (W_h): Linear(in_features=300, out_features=300, bias=False)
        (W_o): Linear(in_features=433, out_features=300, bias=True)
      )
    )
  )
  (ffn): Sequential(
    (0): Dropout(p=0.0, inplace=False)
    (1): Linear(in_features=300, out_features=300, bias=True)
    (2): ReLU()
    (3): Dropout(p=0.0, inplace=False)
    (4): Linear(in_features=300, out_features=1, bias=True)
  )
)
Number of parameters = 355,201
Epoch 0
Validation auc = 0.765957
Validation accuracy = 0.642857
Validation pre = 0.785714
Validation rec = 0.431373
Epoch 1
Loss = 5.9435e-01, PNorm = 34.0405, GNorm = 1.0372, lr_0 = 9.6764e-04
Validation auc = 0.777639
Validation accuracy = 0.653061
Validation pre = 0.757576
Validation rec = 0.490196
Epoch 2
Validation auc = 0.793909
Validation accuracy = 0.602041
Validation pre = 0.571429
Validation rec = 0.941176
Epoch 3
Loss = 5.8896e-01, PNorm = 34.0888, GNorm = 0.3864, lr_0 = 8.2089e-04
Validation auc = 0.788903
Validation accuracy = 0.653061
Validation pre = 0.774194
Validation rec = 0.470588
Epoch 4
Validation auc = 0.799750
Validation accuracy = 0.704082
Validation pre = 0.739130
Validation rec = 0.666667
Epoch 5
Loss = 5.5214e-01, PNorm = 34.1360, GNorm = 0.6244, lr_0 = 6.9640e-04
Validation auc = 0.821861
Validation accuracy = 0.704082
Validation pre = 0.761905
Validation rec = 0.627451
Epoch 6
Loss = 5.0704e-01, PNorm = 34.1860, GNorm = 1.6496, lr_0 = 5.9078e-04
Loss = 5.7291e-01, PNorm = 34.1912, GNorm = 2.2395, lr_0 = 5.8115e-04
Validation auc = 0.837714
Validation accuracy = 0.775510
Validation pre = 0.737705
Validation rec = 0.882353
Epoch 7
Validation auc = 0.844806
Validation accuracy = 0.724490
Validation pre = 0.760870
Validation rec = 0.686275
Epoch 8
Loss = 5.0053e-01, PNorm = 34.2413, GNorm = 3.2818, lr_0 = 4.9301e-04
Validation auc = 0.866917
Validation accuracy = 0.826531
Validation pre = 0.757576
Validation rec = 0.980392
Epoch 9
Validation auc = 0.856070
Validation accuracy = 0.734694
Validation pre = 0.790698
Validation rec = 0.666667
Epoch 10
Loss = 4.9823e-01, PNorm = 34.2876, GNorm = 3.4714, lr_0 = 4.1824e-04
Validation auc = 0.871923
Validation accuracy = 0.765306
Validation pre = 0.780000
Validation rec = 0.764706
Epoch 11
Loss = 4.4020e-01, PNorm = 34.3318, GNorm = 0.7136, lr_0 = 3.5481e-04
Validation auc = 0.879850
Validation accuracy = 0.785714
Validation pre = 0.767857
Validation rec = 0.843137
Epoch 12
Validation auc = 0.881519
Validation accuracy = 0.724490
Validation pre = 0.833333
Validation rec = 0.588235
Epoch 13
Loss = 4.0382e-01, PNorm = 34.3772, GNorm = 1.0397, lr_0 = 2.9609e-04
Validation auc = 0.896955
Validation accuracy = 0.806122
Validation pre = 0.735294
Validation rec = 0.980392
Epoch 14
Validation auc = 0.889445
Validation accuracy = 0.785714
Validation pre = 0.800000
Validation rec = 0.784314
Epoch 15
Loss = 3.6157e-01, PNorm = 34.4091, GNorm = 0.8787, lr_0 = 2.5119e-04
Validation auc = 0.901544
Validation accuracy = 0.826531
Validation pre = 0.793103
Validation rec = 0.901961
Epoch 16
Validation auc = 0.898206
Validation accuracy = 0.775510
Validation pre = 0.837209
Validation rec = 0.705882
Epoch 17
Loss = 3.3239e-01, PNorm = 34.4395, GNorm = 0.4401, lr_0 = 2.1309e-04
Validation auc = 0.902795
Validation accuracy = 0.816327
Validation pre = 0.779661
Validation rec = 0.901961
Epoch 18
Loss = 3.6936e-01, PNorm = 34.4659, GNorm = 1.7441, lr_0 = 1.8078e-04
Loss = 3.8016e-01, PNorm = 34.4682, GNorm = 2.6329, lr_0 = 1.7783e-04
Validation auc = 0.899458
Validation accuracy = 0.785714
Validation pre = 0.812500
Validation rec = 0.764706
Epoch 19
Validation auc = 0.909470
Validation accuracy = 0.816327
Validation pre = 0.789474
Validation rec = 0.882353
Epoch 20
Loss = 3.7976e-01, PNorm = 34.4899, GNorm = 0.7147, lr_0 = 1.5086e-04
Validation auc = 0.907384
Validation accuracy = 0.816327
Validation pre = 0.866667
Validation rec = 0.764706
Epoch 21
Validation auc = 0.908219
Validation accuracy = 0.816327
Validation pre = 0.836735
Validation rec = 0.803922
Epoch 22
Loss = 3.5736e-01, PNorm = 34.5082, GNorm = 1.0847, lr_0 = 1.2798e-04
Validation auc = 0.911973
Validation accuracy = 0.826531
Validation pre = 0.814815
Validation rec = 0.862745
Epoch 23
Loss = 3.7754e-01, PNorm = 34.5234, GNorm = 1.3384, lr_0 = 1.0857e-04
Validation auc = 0.909470
Validation accuracy = 0.836735
Validation pre = 0.857143
Validation rec = 0.823529
Epoch 24
Validation auc = 0.911139
Validation accuracy = 0.806122
Validation pre = 0.847826
Validation rec = 0.764706
Epoch 25
Loss = 3.3971e-01, PNorm = 34.5357, GNorm = 1.8758, lr_0 = 1.0000e-04
Validation auc = 0.914059
Validation accuracy = 0.816327
Validation pre = 0.789474
Validation rec = 0.882353
Epoch 26
Validation auc = 0.912808
Validation accuracy = 0.826531
Validation pre = 0.854167
Validation rec = 0.803922
Epoch 27
Loss = 2.9903e-01, PNorm = 34.5494, GNorm = 0.6116, lr_0 = 1.0000e-04
Validation auc = 0.914476
Validation accuracy = 0.846939
Validation pre = 0.875000
Validation rec = 0.823529
Epoch 28
Validation auc = 0.914059
Validation accuracy = 0.836735
Validation pre = 0.830189
Validation rec = 0.862745
Epoch 29
Loss = 4.1284e-01, PNorm = 34.5618, GNorm = 2.0108, lr_0 = 1.0000e-04
Validation auc = 0.915311
Validation accuracy = 0.836735
Validation pre = 0.830189
Validation rec = 0.862745
Model 0 best validation auc = 0.915311 on epoch 29
Loading pretrained parameter "encoder.encoder.0.cached_zero_vector".
Loading pretrained parameter "encoder.encoder.0.W_i.weight".
Loading pretrained parameter "encoder.encoder.0.W_h.weight".
Loading pretrained parameter "encoder.encoder.0.W_o.weight".
Loading pretrained parameter "encoder.encoder.0.W_o.bias".
Loading pretrained parameter "ffn.1.weight".
Loading pretrained parameter "ffn.1.bias".
Loading pretrained parameter "ffn.4.weight".
Loading pretrained parameter "ffn.4.bias".
Model 0 test auc = 0.873175
Model 0 test accuracy = 0.816327
Model 0 test pre = 0.784314
Model 0 test rec = 0.851064
Ensemble test auc = 0.873175
Ensemble test accuracy = 0.816327
Ensemble test pre = 0.784314
Ensemble test rec = 0.851064
5-fold cross validation
	Seed 42 ==> test auc = 0.937839
	Seed 42 ==> test accuracy = 0.846939
	Seed 42 ==> test pre = 0.891304
	Seed 42 ==> test rec = 0.803922
	Seed 43 ==> test auc = 0.870205
	Seed 43 ==> test accuracy = 0.824742
	Seed 43 ==> test pre = 0.803571
	Seed 43 ==> test rec = 0.882353
	Seed 44 ==> test auc = 0.920493
	Seed 44 ==> test accuracy = 0.824742
	Seed 44 ==> test pre = 0.771930
	Seed 44 ==> test rec = 0.916667
	Seed 45 ==> test auc = 0.864831
	Seed 45 ==> test accuracy = 0.806122
	Seed 45 ==> test pre = 0.791667
	Seed 45 ==> test rec = 0.808511
	Seed 46 ==> test auc = 0.873175
	Seed 46 ==> test accuracy = 0.816327
	Seed 46 ==> test pre = 0.784314
	Seed 46 ==> test rec = 0.851064
Overall test auc = 0.893309 +/- 0.029907
Overall test accuracy = 0.823774 +/- 0.013458
Overall test pre = 0.808557 +/- 0.042630
Overall test rec = 0.852503 +/- 0.043141
Elapsed time = 0:03:00
