Fold 0
Model 0 best validation auc = 0.856295 on epoch 28
Model 0 test auc = 0.824212
Model 0 test accuracy = 0.801587
Model 0 test pre = 0.928571
Model 0 test rec = 0.639344
Ensemble test auc = 0.824212
Ensemble test accuracy = 0.801587
Ensemble test pre = 0.928571
Ensemble test rec = 0.639344
1-fold cross validation
	Seed 400 ==> test auc = 0.824212
	Seed 400 ==> test accuracy = 0.801587
	Seed 400 ==> test pre = 0.928571
	Seed 400 ==> test rec = 0.639344
Overall test auc = 0.824212 +/- 0.000000
Overall test accuracy = 0.801587 +/- 0.000000
Overall test pre = 0.928571 +/- 0.000000
Overall test rec = 0.639344 +/- 0.000000
Elapsed time = 0:05:31
