Fold 0
Model 0 best validation auc = 0.870645 on epoch 27
Model 0 test auc = 0.788711
Model 0 test accuracy = 0.738095
Model 0 test pre = 0.800000
Model 0 test rec = 0.695652
Ensemble test auc = 0.788711
Ensemble test accuracy = 0.738095
Ensemble test pre = 0.800000
Ensemble test rec = 0.695652
1-fold cross validation
	Seed 200 ==> test auc = 0.788711
	Seed 200 ==> test accuracy = 0.738095
	Seed 200 ==> test pre = 0.800000
	Seed 200 ==> test rec = 0.695652
Overall test auc = 0.788711 +/- 0.000000
Overall test accuracy = 0.738095 +/- 0.000000
Overall test pre = 0.800000 +/- 0.000000
Overall test rec = 0.695652 +/- 0.000000
Elapsed time = 0:04:26
