Command line
python D:\anaconda\envs\chemprop\Scripts\chemprop_train --data_path ../../data/refined_gabaa.csv --dataset_type classification --metric f1 --extra_metrics auc ba mcc --split_sizes 0.56 0.14 0.3 --seed 200 --save_dir result_random_1
Args
{'activation': 'ReLU',
 'adding_h': False,
 'aggregation': 'mean',
 'aggregation_norm': 100,
 'atom_descriptor_scaling': True,
 'atom_descriptors': None,
 'atom_descriptors_path': None,
 'atom_descriptors_size': 0,
 'atom_features_size': 0,
 'atom_messages': False,
 'batch_size': 50,
 'bias': False,
 'bias_solvent': False,
 'bond_feature_scaling': True,
 'bond_features_path': None,
 'bond_features_size': 0,
 'cache_cutoff': 10000,
 'checkpoint_dir': None,
 'checkpoint_frzn': None,
 'checkpoint_path': None,
 'checkpoint_paths': None,
 'class_balance': False,
 'config_path': None,
 'crossval_index_dir': None,
 'crossval_index_file': None,
 'crossval_index_sets': None,
 'cuda': False,
 'data_path': '../../data/refined_gabaa.csv',
 'data_weights_path': None,
 'dataset_type': 'classification',
 'depth': 3,
 'depth_solvent': 3,
 'device': device(type='cpu'),
 'dropout': 0.0,
 'empty_cache': False,
 'ensemble_size': 1,
 'epochs': 30,
 'evidential_regularization': 0,
 'explicit_h': False,
 'extra_metrics': ['auc', 'ba', 'mcc'],
 'features_generator': None,
 'features_only': False,
 'features_path': None,
 'features_scaling': True,
 'features_size': None,
 'ffn_hidden_size': 300,
 'ffn_num_layers': 2,
 'final_lr': 0.0001,
 'folds_file': None,
 'freeze_first_only': False,
 'frzn_ffn_layers': 0,
 'gpu': None,
 'grad_clip': None,
 'hidden_size': 300,
 'hidden_size_solvent': 300,
 'ignore_columns': None,
 'init_lr': 0.0001,
 'log_frequency': 10,
 'loss_function': 'binary_cross_entropy',
 'max_data_size': None,
 'max_lr': 0.001,
 'metric': 'f1',
 'metrics': ['f1', 'auc', 'ba', 'mcc'],
 'minimize_score': False,
 'mpn_shared': False,
 'multiclass_num_classes': 3,
 'no_atom_descriptor_scaling': False,
 'no_bond_features_scaling': False,
 'no_cache_mol': False,
 'no_cuda': False,
 'no_features_scaling': False,
 'num_folds': 1,
 'num_lrs': 1,
 'num_tasks': 1,
 'num_workers': 8,
 'number_of_molecules': 1,
 'overwrite_default_atom_features': False,
 'overwrite_default_bond_features': False,
 'phase_features_path': None,
 'pytorch_seed': 0,
 'quiet': False,
 'reaction': False,
 'reaction_mode': 'reac_diff',
 'reaction_solvent': False,
 'resume_experiment': False,
 'save_dir': 'result_random_1',
 'save_preds': False,
 'save_smiles_splits': False,
 'seed': 200,
 'separate_test_atom_descriptors_path': None,
 'separate_test_bond_features_path': None,
 'separate_test_features_path': None,
 'separate_test_path': None,
 'separate_test_phase_features_path': None,
 'separate_val_atom_descriptors_path': None,
 'separate_val_bond_features_path': None,
 'separate_val_features_path': None,
 'separate_val_path': None,
 'separate_val_phase_features_path': None,
 'show_individual_scores': False,
 'smiles_columns': ['smiles'],
 'spectra_activation': 'exp',
 'spectra_phase_mask_path': None,
 'spectra_target_floor': 1e-08,
 'split_key_molecule': 0,
 'split_sizes': [0.56, 0.14, 0.3],
 'split_type': 'random',
 'target_columns': None,
 'target_weights': None,
 'task_names': ['label'],
 'test': False,
 'test_fold_index': None,
 'train_data_size': None,
 'undirected': False,
 'use_input_features': False,
 'val_fold_index': None,
 'warmup_epochs': 2.0}
Setting molecule featurization parameters to default.
Loading data
Number of tasks = 1
Fold 0
Splitting data with seed 200
Class sizes
label 0: 56.68%, 1: 43.32%
Total size = 1,909 | train size = 1,069 | val size = 267 | test size = 573
Building model 0
MoleculeModel(
  (sigmoid): Sigmoid()
  (encoder): MPN(
    (encoder): ModuleList(
      (0): MPNEncoder(
        (dropout_layer): Dropout(p=0.0, inplace=False)
        (act_func): ReLU()
        (W_i): Linear(in_features=147, out_features=300, bias=False)
        (W_h): Linear(in_features=300, out_features=300, bias=False)
        (W_o): Linear(in_features=433, out_features=300, bias=True)
      )
    )
  )
  (ffn): Sequential(
    (0): Dropout(p=0.0, inplace=False)
    (1): Linear(in_features=300, out_features=300, bias=True)
    (2): ReLU()
    (3): Dropout(p=0.0, inplace=False)
    (4): Linear(in_features=300, out_features=1, bias=True)
  )
)
Number of parameters = 355,201
Epoch 0
Loss = 6.9422e-01, PNorm = 34.0114, GNorm = 0.7661, lr_0 = 3.3571e-04
Loss = 6.9318e-01, PNorm = 34.0172, GNorm = 0.4974, lr_0 = 5.5000e-04
Validation f1 = 0.000000
Validation auc = 0.586424
Validation ba = 0.500000
Validation mcc = 0.000000
Epoch 1
Loss = 6.6926e-01, PNorm = 34.0370, GNorm = 0.3821, lr_0 = 7.8571e-04
Loss = 6.7994e-01, PNorm = 34.0714, GNorm = 0.5636, lr_0 = 1.0000e-03
Validation f1 = 0.016807
Validation auc = 0.685218
Validation ba = 0.504237
Validation mcc = 0.068899
Epoch 2
Loss = 6.5703e-01, PNorm = 34.1398, GNorm = 0.9821, lr_0 = 9.5784e-04
Loss = 6.4256e-01, PNorm = 34.2077, GNorm = 0.6144, lr_0 = 9.2106e-04
Validation f1 = 0.204380
Validation auc = 0.720168
Validation ba = 0.542544
Validation mcc = 0.164360
Epoch 3
Loss = 6.2099e-01, PNorm = 34.2870, GNorm = 0.8596, lr_0 = 8.8568e-04
Loss = 5.9480e-01, PNorm = 34.3887, GNorm = 2.8532, lr_0 = 8.5167e-04
Validation f1 = 0.588235
Validation auc = 0.743345
Validation ba = 0.666989
Validation mcc = 0.354947
Epoch 4
Loss = 6.1308e-01, PNorm = 34.5028, GNorm = 2.2220, lr_0 = 8.1576e-04
Loss = 6.2039e-01, PNorm = 34.5784, GNorm = 3.2158, lr_0 = 7.8444e-04
Validation f1 = 0.619048
Validation auc = 0.741753
Validation ba = 0.558128
Validation mcc = 0.149149
Epoch 5
Loss = 6.1887e-01, PNorm = 34.6472, GNorm = 0.3110, lr_0 = 7.5136e-04
Loss = 5.7517e-01, PNorm = 34.7328, GNorm = 0.3927, lr_0 = 7.2251e-04
Validation f1 = 0.627803
Validation auc = 0.741326
Validation ba = 0.679161
Validation mcc = 0.364296
Epoch 6
Loss = 5.2881e-01, PNorm = 34.8262, GNorm = 0.7195, lr_0 = 6.9476e-04
Loss = 5.3971e-01, PNorm = 34.8970, GNorm = 1.2341, lr_0 = 6.6808e-04
Validation f1 = 0.607843
Validation auc = 0.765470
Validation ba = 0.682175
Validation mcc = 0.387226
Epoch 7
Loss = 4.8168e-01, PNorm = 34.9673, GNorm = 0.9188, lr_0 = 6.3992e-04
Loss = 4.6506e-01, PNorm = 35.0519, GNorm = 1.8401, lr_0 = 6.1534e-04
Loss = 4.9659e-01, PNorm = 35.1257, GNorm = 1.6487, lr_0 = 5.9171e-04
Validation f1 = 0.685714
Validation auc = 0.779291
Validation ba = 0.711637
Validation mcc = 0.420910
Epoch 8
Loss = 4.9138e-01, PNorm = 35.1941, GNorm = 2.5664, lr_0 = 5.6899e-04
Loss = 4.7749e-01, PNorm = 35.2495, GNorm = 4.9532, lr_0 = 5.4714e-04
Validation f1 = 0.725869
Validation auc = 0.791520
Validation ba = 0.740587
Validation mcc = 0.478676
Epoch 9
Loss = 4.5202e-01, PNorm = 35.3215, GNorm = 0.7829, lr_0 = 5.2407e-04
Loss = 4.7086e-01, PNorm = 35.3824, GNorm = 1.7560, lr_0 = 5.0394e-04
Validation f1 = 0.628019
Validation auc = 0.796923
Validation ba = 0.694887
Validation mcc = 0.410621
Epoch 10
Loss = 4.1753e-01, PNorm = 35.4489, GNorm = 1.2664, lr_0 = 4.8270e-04
Loss = 4.5332e-01, PNorm = 35.5059, GNorm = 2.1609, lr_0 = 4.6416e-04
Validation f1 = 0.717300
Validation auc = 0.813417
Validation ba = 0.746076
Validation mcc = 0.491732
Epoch 11
Loss = 4.3274e-01, PNorm = 35.5677, GNorm = 1.0468, lr_0 = 4.4633e-04
Loss = 4.0237e-01, PNorm = 35.6241, GNorm = 1.8928, lr_0 = 4.2919e-04
Validation f1 = 0.622449
Validation auc = 0.812194
Validation ba = 0.701428
Validation mcc = 0.439952
Epoch 12
Loss = 4.2613e-01, PNorm = 35.6925, GNorm = 1.0011, lr_0 = 4.1110e-04
Loss = 3.7343e-01, PNorm = 35.7520, GNorm = 0.8828, lr_0 = 3.9531e-04
Validation f1 = 0.754864
Validation auc = 0.822460
Validation ba = 0.770077
Validation mcc = 0.536958
Epoch 13
Loss = 4.1996e-01, PNorm = 35.8143, GNorm = 1.9734, lr_0 = 3.7864e-04
Loss = 3.2924e-01, PNorm = 35.8697, GNorm = 0.6593, lr_0 = 3.6410e-04
Validation f1 = 0.700422
Validation auc = 0.829940
Validation ba = 0.730890
Validation mcc = 0.461386
Epoch 14
Loss = 2.9473e-01, PNorm = 35.9248, GNorm = 1.1619, lr_0 = 3.5012e-04
Loss = 3.5568e-01, PNorm = 35.9778, GNorm = 2.0937, lr_0 = 3.3668e-04
Loss = 3.7420e-01, PNorm = 36.0255, GNorm = 1.7600, lr_0 = 3.2375e-04
Loss = 4.5802e-01, PNorm = 36.0305, GNorm = 1.9007, lr_0 = 3.2248e-04
Validation f1 = 0.640000
Validation auc = 0.836765
Validation ba = 0.710784
Validation mcc = 0.453846
Epoch 15
Loss = 3.3701e-01, PNorm = 36.0776, GNorm = 1.8413, lr_0 = 3.1010e-04
Loss = 3.4018e-01, PNorm = 36.1234, GNorm = 3.8901, lr_0 = 2.9819e-04
Validation f1 = 0.701299
Validation auc = 0.833836
Validation ba = 0.735838
Validation mcc = 0.474109
Epoch 16
Loss = 3.1517e-01, PNorm = 36.1688, GNorm = 1.8803, lr_0 = 2.8674e-04
Loss = 3.0769e-01, PNorm = 36.2131, GNorm = 1.1762, lr_0 = 2.7573e-04
Validation f1 = 0.734513
Validation auc = 0.841059
Validation ba = 0.767802
Validation mcc = 0.541961
Epoch 17
Loss = 3.0818e-01, PNorm = 36.2555, GNorm = 2.1272, lr_0 = 2.6410e-04
Loss = 3.1787e-01, PNorm = 36.2937, GNorm = 1.5083, lr_0 = 2.5396e-04
Validation f1 = 0.720721
Validation auc = 0.851268
Validation ba = 0.758446
Validation mcc = 0.526409
Epoch 18
Loss = 3.2505e-01, PNorm = 36.3369, GNorm = 1.1800, lr_0 = 2.4325e-04
Loss = 2.6848e-01, PNorm = 36.3724, GNorm = 0.7736, lr_0 = 2.3391e-04
Validation f1 = 0.744770
Validation auc = 0.848396
Validation ba = 0.769736
Validation mcc = 0.538188
Epoch 19
Loss = 2.5540e-01, PNorm = 36.4081, GNorm = 0.8878, lr_0 = 2.2493e-04
Loss = 2.5503e-01, PNorm = 36.4418, GNorm = 1.6289, lr_0 = 2.1629e-04
Validation f1 = 0.783270
Validation auc = 0.855904
Validation ba = 0.795501
Validation mcc = 0.589195
Epoch 20
Loss = 3.1010e-01, PNorm = 36.4770, GNorm = 1.3496, lr_0 = 2.0717e-04
Loss = 2.7259e-01, PNorm = 36.5057, GNorm = 2.7930, lr_0 = 1.9921e-04
Validation f1 = 0.779923
Validation auc = 0.847941
Validation ba = 0.793738
Validation mcc = 0.584426
Epoch 21
Loss = 2.4461e-01, PNorm = 36.5328, GNorm = 4.2828, lr_0 = 1.9081e-04
Loss = 2.6994e-01, PNorm = 36.5601, GNorm = 1.0679, lr_0 = 1.8349e-04
Loss = 2.3885e-01, PNorm = 36.5842, GNorm = 1.2704, lr_0 = 1.7644e-04
Validation f1 = 0.747899
Validation auc = 0.858748
Validation ba = 0.773092
Validation mcc = 0.545285
Epoch 22
Loss = 2.4503e-01, PNorm = 36.6076, GNorm = 1.4000, lr_0 = 1.6966e-04
Loss = 2.3304e-01, PNorm = 36.6298, GNorm = 1.7679, lr_0 = 1.6315e-04
Validation f1 = 0.748858
Validation auc = 0.863127
Validation ba = 0.783699
Validation mcc = 0.581042
Epoch 23
Loss = 2.5690e-01, PNorm = 36.6561, GNorm = 3.9179, lr_0 = 1.5627e-04
Loss = 2.7456e-01, PNorm = 36.6754, GNorm = 3.7664, lr_0 = 1.5027e-04
Validation f1 = 0.789474
Validation auc = 0.860994
Validation ba = 0.800620
Validation mcc = 0.600728
Epoch 24
Loss = 1.8544e-01, PNorm = 36.6948, GNorm = 2.1857, lr_0 = 1.4450e-04
Loss = 2.4477e-01, PNorm = 36.7094, GNorm = 1.7409, lr_0 = 1.3895e-04
Validation f1 = 0.784000
Validation auc = 0.860283
Validation ba = 0.801160
Validation mcc = 0.598285
Epoch 25
Loss = 2.2582e-01, PNorm = 36.7285, GNorm = 1.8369, lr_0 = 1.3309e-04
Loss = 2.2742e-01, PNorm = 36.7465, GNorm = 1.3979, lr_0 = 1.2798e-04
Validation f1 = 0.786611
Validation auc = 0.866142
Validation ba = 0.807701
Validation mcc = 0.613937
Epoch 26
Loss = 2.4629e-01, PNorm = 36.7639, GNorm = 2.8652, lr_0 = 1.2258e-04
Loss = 1.9906e-01, PNorm = 36.7786, GNorm = 2.7989, lr_0 = 1.1788e-04
Validation f1 = 0.723982
Validation auc = 0.864378
Validation ba = 0.761802
Validation mcc = 0.534191
Epoch 27
Loss = 2.0520e-01, PNorm = 36.7939, GNorm = 1.5650, lr_0 = 1.1335e-04
Loss = 2.3470e-01, PNorm = 36.8091, GNorm = 1.6193, lr_0 = 1.0900e-04
Validation f1 = 0.759825
Validation auc = 0.864748
Validation ba = 0.788107
Validation mcc = 0.580623
Epoch 28
Loss = 1.5885e-01, PNorm = 36.8232, GNorm = 1.3906, lr_0 = 1.0440e-04
Loss = 2.3960e-01, PNorm = 36.8363, GNorm = 1.4085, lr_0 = 1.0039e-04
Loss = 1.8768e-01, PNorm = 36.8490, GNorm = 1.1290, lr_0 = 1.0000e-04
Validation f1 = 0.785124
Validation auc = 0.867393
Validation ba = 0.805227
Validation mcc = 0.607866
Epoch 29
Loss = 2.3383e-01, PNorm = 36.8621, GNorm = 2.8605, lr_0 = 1.0000e-04
Loss = 1.8519e-01, PNorm = 36.8737, GNorm = 1.2048, lr_0 = 1.0000e-04
Validation f1 = 0.760684
Validation auc = 0.868132
Validation ba = 0.786515
Validation mcc = 0.574108
Model 0 best validation f1 = 0.789474 on epoch 23
Loading pretrained parameter "encoder.encoder.0.cached_zero_vector".
Loading pretrained parameter "encoder.encoder.0.W_i.weight".
Loading pretrained parameter "encoder.encoder.0.W_h.weight".
Loading pretrained parameter "encoder.encoder.0.W_o.weight".
Loading pretrained parameter "encoder.encoder.0.W_o.bias".
Loading pretrained parameter "ffn.1.weight".
Loading pretrained parameter "ffn.1.bias".
Loading pretrained parameter "ffn.4.weight".
Loading pretrained parameter "ffn.4.bias".
Model 0 test f1 = 0.829630
Model 0 test auc = 0.918731
Model 0 test ba = 0.845833
Model 0 test mcc = 0.686081
Ensemble test f1 = 0.829630
Ensemble test auc = 0.918731
Ensemble test ba = 0.845833
Ensemble test mcc = 0.686081
1-fold cross validation
	Seed 200 ==> test f1 = 0.829630
	Seed 200 ==> test auc = 0.918731
	Seed 200 ==> test ba = 0.845833
	Seed 200 ==> test mcc = 0.686081
Overall test f1 = 0.829630 +/- 0.000000
Overall test auc = 0.918731 +/- 0.000000
Overall test ba = 0.845833 +/- 0.000000
Overall test mcc = 0.686081 +/- 0.000000
Elapsed time = 0:02:30
