Command line
python D:\anaconda\envs\chemprop\Scripts\chemprop_train --data_path ../../data/stan_data_mpnn.csv --dataset_type classification --metric auc --extra_metrics accuracy pre rec --seed 300 --save_dir result_random_2
Args
{'activation': 'ReLU',
 'adding_h': False,
 'aggregation': 'mean',
 'aggregation_norm': 100,
 'atom_descriptor_scaling': True,
 'atom_descriptors': None,
 'atom_descriptors_path': None,
 'atom_descriptors_size': 0,
 'atom_features_size': 0,
 'atom_messages': False,
 'batch_size': 50,
 'bias': False,
 'bias_solvent': False,
 'bond_feature_scaling': True,
 'bond_features_path': None,
 'bond_features_size': 0,
 'cache_cutoff': 10000,
 'checkpoint_dir': None,
 'checkpoint_frzn': None,
 'checkpoint_path': None,
 'checkpoint_paths': None,
 'class_balance': False,
 'config_path': None,
 'crossval_index_dir': None,
 'crossval_index_file': None,
 'crossval_index_sets': None,
 'cuda': False,
 'data_path': '../../data/stan_data_mpnn.csv',
 'data_weights_path': None,
 'dataset_type': 'classification',
 'depth': 3,
 'depth_solvent': 3,
 'device': device(type='cpu'),
 'dropout': 0.0,
 'empty_cache': False,
 'ensemble_size': 1,
 'epochs': 30,
 'evidential_regularization': 0,
 'explicit_h': False,
 'extra_metrics': ['accuracy', 'pre', 'rec'],
 'features_generator': None,
 'features_only': False,
 'features_path': None,
 'features_scaling': True,
 'features_size': None,
 'ffn_hidden_size': 300,
 'ffn_num_layers': 2,
 'final_lr': 0.0001,
 'folds_file': None,
 'freeze_first_only': False,
 'frzn_ffn_layers': 0,
 'gpu': None,
 'grad_clip': None,
 'hidden_size': 300,
 'hidden_size_solvent': 300,
 'ignore_columns': None,
 'init_lr': 0.0001,
 'log_frequency': 10,
 'loss_function': 'binary_cross_entropy',
 'max_data_size': None,
 'max_lr': 0.001,
 'metric': 'auc',
 'metrics': ['auc', 'accuracy', 'pre', 'rec'],
 'minimize_score': False,
 'mpn_shared': False,
 'multiclass_num_classes': 3,
 'no_atom_descriptor_scaling': False,
 'no_bond_features_scaling': False,
 'no_cache_mol': False,
 'no_cuda': False,
 'no_features_scaling': False,
 'num_folds': 1,
 'num_lrs': 1,
 'num_tasks': 1,
 'num_workers': 8,
 'number_of_molecules': 1,
 'overwrite_default_atom_features': False,
 'overwrite_default_bond_features': False,
 'phase_features_path': None,
 'pytorch_seed': 0,
 'quiet': False,
 'reaction': False,
 'reaction_mode': 'reac_diff',
 'reaction_solvent': False,
 'resume_experiment': False,
 'save_dir': 'result_random_2',
 'save_preds': False,
 'save_smiles_splits': False,
 'seed': 300,
 'separate_test_atom_descriptors_path': None,
 'separate_test_bond_features_path': None,
 'separate_test_features_path': None,
 'separate_test_path': None,
 'separate_test_phase_features_path': None,
 'separate_val_atom_descriptors_path': None,
 'separate_val_bond_features_path': None,
 'separate_val_features_path': None,
 'separate_val_path': None,
 'separate_val_phase_features_path': None,
 'show_individual_scores': False,
 'smiles_columns': ['smiles'],
 'spectra_activation': 'exp',
 'spectra_phase_mask_path': None,
 'spectra_target_floor': 1e-08,
 'split_key_molecule': 0,
 'split_sizes': [0.8, 0.1, 0.1],
 'split_type': 'random',
 'target_columns': None,
 'target_weights': None,
 'task_names': ['target'],
 'test': False,
 'test_fold_index': None,
 'train_data_size': None,
 'undirected': False,
 'use_input_features': False,
 'val_fold_index': None,
 'warmup_epochs': 2.0}
Setting molecule featurization parameters to default.
Loading data
Number of tasks = 1
Fold 0
Splitting data with seed 300
Class sizes
target 0: 51.32%, 1: 48.68%
Total size = 1,251 | train size = 1,000 | val size = 125 | test size = 126
Building model 0
MoleculeModel(
  (sigmoid): Sigmoid()
  (encoder): MPN(
    (encoder): ModuleList(
      (0): MPNEncoder(
        (dropout_layer): Dropout(p=0.0, inplace=False)
        (act_func): ReLU()
        (W_i): Linear(in_features=147, out_features=300, bias=False)
        (W_h): Linear(in_features=300, out_features=300, bias=False)
        (W_o): Linear(in_features=433, out_features=300, bias=True)
      )
    )
  )
  (ffn): Sequential(
    (0): Dropout(p=0.0, inplace=False)
    (1): Linear(in_features=300, out_features=300, bias=True)
    (2): ReLU()
    (3): Dropout(p=0.0, inplace=False)
    (4): Linear(in_features=300, out_features=1, bias=True)
  )
)
Number of parameters = 355,201
Epoch 0
Loss = 6.9646e-01, PNorm = 34.0111, GNorm = 0.5418, lr_0 = 3.4750e-04
Loss = 6.9088e-01, PNorm = 34.0204, GNorm = 0.1740, lr_0 = 5.7250e-04
Validation auc = 0.540215
Validation accuracy = 0.488000
Validation pre = 0.476190
Validation rec = 0.491803
Epoch 1
Loss = 6.8251e-01, PNorm = 34.0395, GNorm = 0.3473, lr_0 = 7.9750e-04
Loss = 6.9514e-01, PNorm = 34.0711, GNorm = 0.5573, lr_0 = 9.9590e-04
Validation auc = 0.667008
Validation accuracy = 0.608000
Validation pre = 0.875000
Validation rec = 0.229508
Epoch 2
Loss = 6.7687e-01, PNorm = 34.1247, GNorm = 0.2567, lr_0 = 9.5578e-04
Loss = 6.7126e-01, PNorm = 34.1927, GNorm = 0.3629, lr_0 = 9.1728e-04
Validation auc = 0.677766
Validation accuracy = 0.504000
Validation pre = 0.495935
Validation rec = 1.000000
Epoch 3
Loss = 6.6535e-01, PNorm = 34.2595, GNorm = 0.4405, lr_0 = 8.8032e-04
Loss = 6.7782e-01, PNorm = 34.3293, GNorm = 0.5432, lr_0 = 8.4486e-04
Validation auc = 0.710297
Validation accuracy = 0.592000
Validation pre = 1.000000
Validation rec = 0.163934
Epoch 4
Loss = 6.4795e-01, PNorm = 34.4259, GNorm = 0.3846, lr_0 = 8.1083e-04
Loss = 6.2254e-01, PNorm = 34.5344, GNorm = 1.0905, lr_0 = 7.7816e-04
Validation auc = 0.709016
Validation accuracy = 0.656000
Validation pre = 0.687500
Validation rec = 0.540984
Epoch 5
Loss = 6.1462e-01, PNorm = 34.6411, GNorm = 1.2731, lr_0 = 7.4682e-04
Loss = 5.8230e-01, PNorm = 34.7442, GNorm = 0.5723, lr_0 = 7.1673e-04
Validation auc = 0.679303
Validation accuracy = 0.560000
Validation pre = 0.534091
Validation rec = 0.770492
Epoch 6
Loss = 5.9514e-01, PNorm = 34.8295, GNorm = 0.6867, lr_0 = 6.8786e-04
Loss = 6.0858e-01, PNorm = 34.9178, GNorm = 0.7728, lr_0 = 6.6015e-04
Validation auc = 0.734119
Validation accuracy = 0.656000
Validation pre = 0.625000
Validation rec = 0.737705
Epoch 7
Loss = 5.5133e-01, PNorm = 35.0103, GNorm = 1.7870, lr_0 = 6.3356e-04
Loss = 5.4857e-01, PNorm = 35.0930, GNorm = 0.5727, lr_0 = 6.0803e-04
Validation auc = 0.747695
Validation accuracy = 0.712000
Validation pre = 0.755102
Validation rec = 0.606557
Epoch 8
Loss = 5.2002e-01, PNorm = 35.1606, GNorm = 1.2171, lr_0 = 5.8354e-04
Loss = 5.3194e-01, PNorm = 35.2276, GNorm = 1.5894, lr_0 = 5.6003e-04
Validation auc = 0.773053
Validation accuracy = 0.728000
Validation pre = 0.714286
Validation rec = 0.737705
Epoch 9
Loss = 5.0682e-01, PNorm = 35.2884, GNorm = 1.4382, lr_0 = 5.3747e-04
Loss = 5.0205e-01, PNorm = 35.3570, GNorm = 1.0929, lr_0 = 5.1582e-04
Validation auc = 0.783811
Validation accuracy = 0.720000
Validation pre = 0.782609
Validation rec = 0.590164
Epoch 10
Loss = 4.6278e-01, PNorm = 35.4231, GNorm = 1.5506, lr_0 = 4.9504e-04
Loss = 5.1679e-01, PNorm = 35.4725, GNorm = 5.4366, lr_0 = 4.7510e-04
Validation auc = 0.780994
Validation accuracy = 0.688000
Validation pre = 0.644737
Validation rec = 0.803279
Epoch 11
Loss = 4.7991e-01, PNorm = 35.5201, GNorm = 0.5411, lr_0 = 4.5596e-04
Loss = 4.8009e-01, PNorm = 35.5746, GNorm = 1.0865, lr_0 = 4.3759e-04
Validation auc = 0.793545
Validation accuracy = 0.752000
Validation pre = 0.758621
Validation rec = 0.721311
Epoch 12
Loss = 4.6516e-01, PNorm = 35.6231, GNorm = 1.6292, lr_0 = 4.1997e-04
Loss = 4.3537e-01, PNorm = 35.6760, GNorm = 0.9822, lr_0 = 4.0305e-04
Validation auc = 0.808914
Validation accuracy = 0.752000
Validation pre = 0.767857
Validation rec = 0.704918
Epoch 13
Loss = 4.6356e-01, PNorm = 35.7251, GNorm = 3.2741, lr_0 = 3.8681e-04
Loss = 4.2078e-01, PNorm = 35.7708, GNorm = 1.2088, lr_0 = 3.7123e-04
Validation auc = 0.814549
Validation accuracy = 0.760000
Validation pre = 0.738462
Validation rec = 0.786885
Epoch 14
Loss = 4.5881e-01, PNorm = 35.8184, GNorm = 1.2623, lr_0 = 3.5628e-04
Loss = 4.3233e-01, PNorm = 35.8674, GNorm = 2.2639, lr_0 = 3.4192e-04
Validation auc = 0.785348
Validation accuracy = 0.736000
Validation pre = 0.780000
Validation rec = 0.639344
Epoch 15
Loss = 4.7025e-01, PNorm = 35.9067, GNorm = 1.5546, lr_0 = 3.2815e-04
Loss = 4.2935e-01, PNorm = 35.9460, GNorm = 1.3273, lr_0 = 3.1493e-04
Validation auc = 0.810195
Validation accuracy = 0.744000
Validation pre = 0.795918
Validation rec = 0.639344
Epoch 16
Loss = 4.4127e-01, PNorm = 35.9858, GNorm = 1.8188, lr_0 = 3.0224e-04
Loss = 4.0593e-01, PNorm = 36.0232, GNorm = 1.6220, lr_0 = 2.9007e-04
Validation auc = 0.813781
Validation accuracy = 0.752000
Validation pre = 0.727273
Validation rec = 0.786885
Epoch 17
Loss = 4.4602e-01, PNorm = 36.0563, GNorm = 1.5980, lr_0 = 2.7838e-04
Loss = 3.7888e-01, PNorm = 36.0912, GNorm = 1.4917, lr_0 = 2.6717e-04
Validation auc = 0.825307
Validation accuracy = 0.752000
Validation pre = 0.800000
Validation rec = 0.655738
Epoch 18
Loss = 3.7984e-01, PNorm = 36.1245, GNorm = 0.6296, lr_0 = 2.5641e-04
Loss = 4.2033e-01, PNorm = 36.1537, GNorm = 0.9328, lr_0 = 2.4608e-04
Validation auc = 0.820697
Validation accuracy = 0.752000
Validation pre = 0.767857
Validation rec = 0.704918
Epoch 19
Loss = 3.9303e-01, PNorm = 36.1878, GNorm = 1.2300, lr_0 = 2.3616e-04
Loss = 3.8443e-01, PNorm = 36.2182, GNorm = 1.8537, lr_0 = 2.2665e-04
Validation auc = 0.817623
Validation accuracy = 0.728000
Validation pre = 0.775510
Validation rec = 0.622951
Epoch 20
Loss = 3.7761e-01, PNorm = 36.2464, GNorm = 0.8564, lr_0 = 2.1752e-04
Loss = 4.1294e-01, PNorm = 36.2720, GNorm = 0.5569, lr_0 = 2.0876e-04
Validation auc = 0.831455
Validation accuracy = 0.768000
Validation pre = 0.847826
Validation rec = 0.639344
Epoch 21
Loss = 3.5679e-01, PNorm = 36.2983, GNorm = 3.2170, lr_0 = 2.0035e-04
Loss = 3.9720e-01, PNorm = 36.3251, GNorm = 1.6690, lr_0 = 1.9228e-04
Validation auc = 0.809939
Validation accuracy = 0.752000
Validation pre = 0.767857
Validation rec = 0.704918
Epoch 22
Loss = 3.7311e-01, PNorm = 36.3490, GNorm = 0.5181, lr_0 = 1.8453e-04
Loss = 4.0061e-01, PNorm = 36.3709, GNorm = 2.8577, lr_0 = 1.7710e-04
Validation auc = 0.827100
Validation accuracy = 0.720000
Validation pre = 0.842105
Validation rec = 0.524590
Epoch 23
Loss = 3.7403e-01, PNorm = 36.3943, GNorm = 3.0680, lr_0 = 1.6996e-04
Loss = 3.6479e-01, PNorm = 36.4167, GNorm = 0.7337, lr_0 = 1.6312e-04
Validation auc = 0.830430
Validation accuracy = 0.752000
Validation pre = 0.758621
Validation rec = 0.721311
Epoch 24
Loss = 3.8068e-01, PNorm = 36.4357, GNorm = 2.4295, lr_0 = 1.5655e-04
Loss = 3.4532e-01, PNorm = 36.4550, GNorm = 1.2259, lr_0 = 1.5024e-04
Validation auc = 0.835041
Validation accuracy = 0.752000
Validation pre = 0.826087
Validation rec = 0.622951
Epoch 25
Loss = 3.5122e-01, PNorm = 36.4756, GNorm = 1.2135, lr_0 = 1.4419e-04
Loss = 3.5399e-01, PNorm = 36.4939, GNorm = 1.3738, lr_0 = 1.3838e-04
Validation auc = 0.836834
Validation accuracy = 0.776000
Validation pre = 0.851064
Validation rec = 0.655738
Epoch 26
Loss = 3.3906e-01, PNorm = 36.5128, GNorm = 0.6981, lr_0 = 1.3280e-04
Loss = 3.3965e-01, PNorm = 36.5303, GNorm = 0.8493, lr_0 = 1.2746e-04
Validation auc = 0.830174
Validation accuracy = 0.752000
Validation pre = 0.788462
Validation rec = 0.672131
Epoch 27
Loss = 3.3775e-01, PNorm = 36.5480, GNorm = 0.9589, lr_0 = 1.2232e-04
Loss = 3.4021e-01, PNorm = 36.5645, GNorm = 2.1612, lr_0 = 1.1739e-04
Validation auc = 0.842725
Validation accuracy = 0.768000
Validation pre = 0.807692
Validation rec = 0.688525
Epoch 28
Loss = 3.4419e-01, PNorm = 36.5803, GNorm = 1.2705, lr_0 = 1.1266e-04
Loss = 3.3342e-01, PNorm = 36.5952, GNorm = 3.1717, lr_0 = 1.0813e-04
Validation auc = 0.841445
Validation accuracy = 0.776000
Validation pre = 0.851064
Validation rec = 0.655738
Epoch 29
Loss = 3.3357e-01, PNorm = 36.6112, GNorm = 2.5368, lr_0 = 1.0377e-04
Loss = 3.3011e-01, PNorm = 36.6245, GNorm = 1.3266, lr_0 = 1.0000e-04
Validation auc = 0.841445
Validation accuracy = 0.768000
Validation pre = 0.820000
Validation rec = 0.672131
Model 0 best validation auc = 0.842725 on epoch 27
Loading pretrained parameter "encoder.encoder.0.cached_zero_vector".
Loading pretrained parameter "encoder.encoder.0.W_i.weight".
Loading pretrained parameter "encoder.encoder.0.W_h.weight".
Loading pretrained parameter "encoder.encoder.0.W_o.weight".
Loading pretrained parameter "encoder.encoder.0.W_o.bias".
Loading pretrained parameter "ffn.1.weight".
Loading pretrained parameter "ffn.1.bias".
Loading pretrained parameter "ffn.4.weight".
Loading pretrained parameter "ffn.4.bias".
Model 0 test auc = 0.813060
Model 0 test accuracy = 0.738095
Model 0 test pre = 0.671875
Model 0 test rec = 0.781818
Ensemble test auc = 0.813060
Ensemble test accuracy = 0.738095
Ensemble test pre = 0.671875
Ensemble test rec = 0.781818
1-fold cross validation
	Seed 300 ==> test auc = 0.813060
	Seed 300 ==> test accuracy = 0.738095
	Seed 300 ==> test pre = 0.671875
	Seed 300 ==> test rec = 0.781818
Overall test auc = 0.813060 +/- 0.000000
Overall test accuracy = 0.738095 +/- 0.000000
Overall test pre = 0.671875 +/- 0.000000
Overall test rec = 0.781818 +/- 0.000000
Elapsed time = 0:04:16
