Command line
python D:\anaconda\envs\chemprop\Scripts\chemprop_train --data_path ../../data/refined_gabaa.csv --dataset_type classification --split_type scaffold_balanced --metric f1 --extra_metrics auc ba mcc --split_sizes 0.56 0.14 0.3 --seed 200 --save_dir result_scaffold_1
Args
{'activation': 'ReLU',
 'adding_h': False,
 'aggregation': 'mean',
 'aggregation_norm': 100,
 'atom_descriptor_scaling': True,
 'atom_descriptors': None,
 'atom_descriptors_path': None,
 'atom_descriptors_size': 0,
 'atom_features_size': 0,
 'atom_messages': False,
 'batch_size': 50,
 'bias': False,
 'bias_solvent': False,
 'bond_feature_scaling': True,
 'bond_features_path': None,
 'bond_features_size': 0,
 'cache_cutoff': 10000,
 'checkpoint_dir': None,
 'checkpoint_frzn': None,
 'checkpoint_path': None,
 'checkpoint_paths': None,
 'class_balance': False,
 'config_path': None,
 'crossval_index_dir': None,
 'crossval_index_file': None,
 'crossval_index_sets': None,
 'cuda': False,
 'data_path': '../../data/refined_gabaa.csv',
 'data_weights_path': None,
 'dataset_type': 'classification',
 'depth': 3,
 'depth_solvent': 3,
 'device': device(type='cpu'),
 'dropout': 0.0,
 'empty_cache': False,
 'ensemble_size': 1,
 'epochs': 30,
 'evidential_regularization': 0,
 'explicit_h': False,
 'extra_metrics': ['auc', 'ba', 'mcc'],
 'features_generator': None,
 'features_only': False,
 'features_path': None,
 'features_scaling': True,
 'features_size': None,
 'ffn_hidden_size': 300,
 'ffn_num_layers': 2,
 'final_lr': 0.0001,
 'folds_file': None,
 'freeze_first_only': False,
 'frzn_ffn_layers': 0,
 'gpu': None,
 'grad_clip': None,
 'hidden_size': 300,
 'hidden_size_solvent': 300,
 'ignore_columns': None,
 'init_lr': 0.0001,
 'log_frequency': 10,
 'loss_function': 'binary_cross_entropy',
 'max_data_size': None,
 'max_lr': 0.001,
 'metric': 'f1',
 'metrics': ['f1', 'auc', 'ba', 'mcc'],
 'minimize_score': False,
 'mpn_shared': False,
 'multiclass_num_classes': 3,
 'no_atom_descriptor_scaling': False,
 'no_bond_features_scaling': False,
 'no_cache_mol': False,
 'no_cuda': False,
 'no_features_scaling': False,
 'num_folds': 1,
 'num_lrs': 1,
 'num_tasks': 1,
 'num_workers': 8,
 'number_of_molecules': 1,
 'overwrite_default_atom_features': False,
 'overwrite_default_bond_features': False,
 'phase_features_path': None,
 'pytorch_seed': 0,
 'quiet': False,
 'reaction': False,
 'reaction_mode': 'reac_diff',
 'reaction_solvent': False,
 'resume_experiment': False,
 'save_dir': 'result_scaffold_1',
 'save_preds': False,
 'save_smiles_splits': False,
 'seed': 200,
 'separate_test_atom_descriptors_path': None,
 'separate_test_bond_features_path': None,
 'separate_test_features_path': None,
 'separate_test_path': None,
 'separate_test_phase_features_path': None,
 'separate_val_atom_descriptors_path': None,
 'separate_val_bond_features_path': None,
 'separate_val_features_path': None,
 'separate_val_path': None,
 'separate_val_phase_features_path': None,
 'show_individual_scores': False,
 'smiles_columns': ['smiles'],
 'spectra_activation': 'exp',
 'spectra_phase_mask_path': None,
 'spectra_target_floor': 1e-08,
 'split_key_molecule': 0,
 'split_sizes': [0.56, 0.14, 0.3],
 'split_type': 'scaffold_balanced',
 'target_columns': None,
 'target_weights': None,
 'task_names': ['label'],
 'test': False,
 'test_fold_index': None,
 'train_data_size': None,
 'undirected': False,
 'use_input_features': False,
 'val_fold_index': None,
 'warmup_epochs': 2.0}
Setting molecule featurization parameters to default.
Loading data
Number of tasks = 1
Fold 0
Splitting data with seed 200
Total scaffolds = 921 | train scaffolds = 577 | val scaffolds = 151 | test scaffolds = 193
Label averages per scaffold, in decreasing order of scaffold frequency,capped at 10 scaffolds and 20 labels:
Scaffold 0
Task 0: count = 63 | target average = 0.000000


Scaffold 1
Task 0: count = 55 | target average = 0.745455


Scaffold 2
Task 0: count = 51 | target average = 0.117647


Scaffold 3
Task 0: count = 44 | target average = 0.272727


Scaffold 4
Task 0: count = 31 | target average = 0.000000


Scaffold 5
Task 0: count = 26 | target average = 0.000000


Scaffold 6
Task 0: count = 24 | target average = 0.000000


Scaffold 7
Task 0: count = 22 | target average = 0.000000


Scaffold 8
Task 0: count = 21 | target average = 0.142857


Scaffold 9
Task 0: count = 21 | target average = 0.047619


Class sizes
label 0: 56.68%, 1: 43.32%
Total size = 1,909 | train size = 1,069 | val size = 267 | test size = 573
Building model 0
MoleculeModel(
  (sigmoid): Sigmoid()
  (encoder): MPN(
    (encoder): ModuleList(
      (0): MPNEncoder(
        (dropout_layer): Dropout(p=0.0, inplace=False)
        (act_func): ReLU()
        (W_i): Linear(in_features=147, out_features=300, bias=False)
        (W_h): Linear(in_features=300, out_features=300, bias=False)
        (W_o): Linear(in_features=433, out_features=300, bias=True)
      )
    )
  )
  (ffn): Sequential(
    (0): Dropout(p=0.0, inplace=False)
    (1): Linear(in_features=300, out_features=300, bias=True)
    (2): ReLU()
    (3): Dropout(p=0.0, inplace=False)
    (4): Linear(in_features=300, out_features=1, bias=True)
  )
)
Number of parameters = 355,201
Epoch 0
Loss = 6.8997e-01, PNorm = 34.0125, GNorm = 0.2737, lr_0 = 3.3571e-04
Loss = 6.8095e-01, PNorm = 34.0223, GNorm = 0.2624, lr_0 = 5.5000e-04
Validation f1 = 0.000000
Validation auc = 0.807292
Validation ba = 0.500000
Validation mcc = 0.000000
Epoch 1
Loss = 6.6060e-01, PNorm = 34.0561, GNorm = 2.0876, lr_0 = 7.8571e-04
Loss = 6.5911e-01, PNorm = 34.1121, GNorm = 2.1496, lr_0 = 1.0000e-03
Validation f1 = 0.000000
Validation auc = 0.693556
Validation ba = 0.496552
Validation mcc = -0.056241
Epoch 2
Loss = 6.7205e-01, PNorm = 34.1931, GNorm = 0.4809, lr_0 = 9.5784e-04
Loss = 6.5684e-01, PNorm = 34.2682, GNorm = 0.9555, lr_0 = 9.2106e-04
Validation f1 = 0.322148
Validation auc = 0.789825
Validation ba = 0.588016
Validation mcc = 0.290849
Epoch 3
Loss = 6.2844e-01, PNorm = 34.3566, GNorm = 0.7240, lr_0 = 8.8568e-04
Loss = 5.9375e-01, PNorm = 34.4619, GNorm = 0.5015, lr_0 = 8.5167e-04
Validation f1 = 0.710448
Validation auc = 0.806614
Validation ba = 0.663567
Validation mcc = 0.405698
Epoch 4
Loss = 5.8411e-01, PNorm = 34.5699, GNorm = 0.5976, lr_0 = 8.1576e-04
Loss = 5.8085e-01, PNorm = 34.6717, GNorm = 2.7204, lr_0 = 7.8444e-04
Validation f1 = 0.723404
Validation auc = 0.777897
Validation ba = 0.718033
Validation mcc = 0.443265
Epoch 5
Loss = 5.2646e-01, PNorm = 34.7615, GNorm = 0.6699, lr_0 = 7.5136e-04
Loss = 5.3625e-01, PNorm = 34.8437, GNorm = 1.6257, lr_0 = 7.2251e-04
Validation f1 = 0.750958
Validation auc = 0.810854
Validation ba = 0.760260
Validation mcc = 0.519026
Epoch 6
Loss = 4.8147e-01, PNorm = 34.9265, GNorm = 2.0255, lr_0 = 6.9476e-04
Loss = 4.9429e-01, PNorm = 34.9995, GNorm = 3.4099, lr_0 = 6.6808e-04
Validation f1 = 0.672897
Validation auc = 0.831261
Validation ba = 0.726116
Validation mcc = 0.474038
Epoch 7
Loss = 5.8960e-01, PNorm = 35.0750, GNorm = 2.0699, lr_0 = 6.3992e-04
Loss = 5.4357e-01, PNorm = 35.1409, GNorm = 1.2559, lr_0 = 6.1534e-04
Loss = 4.7780e-01, PNorm = 35.1974, GNorm = 0.5780, lr_0 = 5.9171e-04
Validation f1 = 0.761538
Validation auc = 0.822386
Validation ba = 0.771255
Validation mcc = 0.540801
Epoch 8
Loss = 4.5624e-01, PNorm = 35.2713, GNorm = 1.1441, lr_0 = 5.6899e-04
Loss = 4.4746e-01, PNorm = 35.3420, GNorm = 4.3365, lr_0 = 5.4714e-04
Validation f1 = 0.750853
Validation auc = 0.843414
Validation ba = 0.740475
Validation mcc = 0.499264
Epoch 9
Loss = 4.5260e-01, PNorm = 35.4127, GNorm = 0.8104, lr_0 = 5.2407e-04
Loss = 4.5363e-01, PNorm = 35.4643, GNorm = 1.3301, lr_0 = 5.0394e-04
Validation f1 = 0.767347
Validation auc = 0.839401
Validation ba = 0.785246
Validation mcc = 0.570137
Epoch 10
Loss = 4.4480e-01, PNorm = 35.5246, GNorm = 2.7302, lr_0 = 4.8270e-04
Loss = 4.3451e-01, PNorm = 35.5853, GNorm = 1.1128, lr_0 = 4.6416e-04
Validation f1 = 0.773234
Validation auc = 0.849859
Validation ba = 0.777954
Validation mcc = 0.556695
Epoch 11
Loss = 3.4712e-01, PNorm = 35.6339, GNorm = 1.3991, lr_0 = 4.4633e-04
Loss = 4.1128e-01, PNorm = 35.6888, GNorm = 1.2018, lr_0 = 4.2919e-04
Validation f1 = 0.745614
Validation auc = 0.857773
Validation ba = 0.775947
Validation mcc = 0.561893
Epoch 12
Loss = 3.8448e-01, PNorm = 35.7427, GNorm = 1.8179, lr_0 = 4.1110e-04
Loss = 3.8275e-01, PNorm = 35.7919, GNorm = 1.6016, lr_0 = 3.9531e-04
Validation f1 = 0.775194
Validation auc = 0.853985
Validation ba = 0.785698
Validation mcc = 0.569372
Epoch 13
Loss = 3.5123e-01, PNorm = 35.8498, GNorm = 2.2653, lr_0 = 3.7864e-04
Loss = 3.4606e-01, PNorm = 35.9085, GNorm = 1.8767, lr_0 = 3.6410e-04
Validation f1 = 0.756303
Validation auc = 0.868174
Validation ba = 0.779197
Validation mcc = 0.561161
Epoch 14
Loss = 3.9057e-01, PNorm = 35.9528, GNorm = 3.6222, lr_0 = 3.5012e-04
Loss = 3.5928e-01, PNorm = 35.9933, GNorm = 1.0381, lr_0 = 3.3668e-04
Loss = 3.5140e-01, PNorm = 36.0338, GNorm = 0.7536, lr_0 = 3.2375e-04
Loss = 1.3074e-01, PNorm = 36.0389, GNorm = 0.6681, lr_0 = 3.2248e-04
Validation f1 = 0.795455
Validation auc = 0.862239
Validation ba = 0.802742
Validation mcc = 0.604459
Epoch 15
Loss = 3.4131e-01, PNorm = 36.0896, GNorm = 2.6432, lr_0 = 3.1010e-04
Loss = 3.4466e-01, PNorm = 36.1252, GNorm = 4.7615, lr_0 = 2.9819e-04
Validation f1 = 0.785992
Validation auc = 0.859695
Validation ba = 0.796693
Validation mcc = 0.591218
Epoch 16
Loss = 3.2407e-01, PNorm = 36.1654, GNorm = 0.7717, lr_0 = 2.8674e-04
Loss = 3.0941e-01, PNorm = 36.2064, GNorm = 1.7836, lr_0 = 2.7573e-04
Validation f1 = 0.810606
Validation auc = 0.873149
Validation ba = 0.817835
Validation mcc = 0.634595
Epoch 17
Loss = 3.2587e-01, PNorm = 36.2457, GNorm = 1.8384, lr_0 = 2.6410e-04
Loss = 2.9199e-01, PNorm = 36.2806, GNorm = 4.4914, lr_0 = 2.5396e-04
Validation f1 = 0.797153
Validation auc = 0.887337
Validation ba = 0.796947
Validation mcc = 0.602786
Epoch 18
Loss = 2.9024e-01, PNorm = 36.3184, GNorm = 4.5998, lr_0 = 2.4325e-04
Loss = 3.1298e-01, PNorm = 36.3489, GNorm = 1.3616, lr_0 = 2.3391e-04
Validation f1 = 0.823077
Validation auc = 0.890277
Validation ba = 0.831628
Validation mcc = 0.661166
Epoch 19
Loss = 3.1725e-01, PNorm = 36.3806, GNorm = 1.4873, lr_0 = 2.2493e-04
Loss = 2.7299e-01, PNorm = 36.4125, GNorm = 2.5649, lr_0 = 2.1629e-04
Validation f1 = 0.818898
Validation auc = 0.891747
Validation ba = 0.829678
Validation mcc = 0.656946
Epoch 20
Loss = 2.6977e-01, PNorm = 36.4469, GNorm = 0.9499, lr_0 = 2.0717e-04
Loss = 2.5921e-01, PNorm = 36.4762, GNorm = 0.7086, lr_0 = 1.9921e-04
Validation f1 = 0.825758
Validation auc = 0.890051
Validation ba = 0.832928
Validation mcc = 0.664730
Epoch 21
Loss = 2.3598e-01, PNorm = 36.5059, GNorm = 0.6942, lr_0 = 1.9081e-04
Loss = 2.7043e-01, PNorm = 36.5324, GNorm = 2.0952, lr_0 = 1.8349e-04
Loss = 2.5320e-01, PNorm = 36.5583, GNorm = 0.5704, lr_0 = 1.7644e-04
Validation f1 = 0.806324
Validation auc = 0.888920
Validation ba = 0.818033
Validation mcc = 0.633812
Epoch 22
Loss = 2.6057e-01, PNorm = 36.5837, GNorm = 1.3446, lr_0 = 1.6966e-04
Loss = 2.4792e-01, PNorm = 36.6072, GNorm = 2.5280, lr_0 = 1.6315e-04
Validation f1 = 0.812749
Validation auc = 0.895930
Validation ba = 0.824929
Validation mcc = 0.647811
Epoch 23
Loss = 2.4053e-01, PNorm = 36.6315, GNorm = 3.1672, lr_0 = 1.5627e-04
Loss = 2.6044e-01, PNorm = 36.6539, GNorm = 1.9080, lr_0 = 1.5027e-04
Validation f1 = 0.818182
Validation auc = 0.891464
Validation ba = 0.825382
Validation mcc = 0.649662
Epoch 24
Loss = 2.5342e-01, PNorm = 36.6721, GNorm = 1.6836, lr_0 = 1.4450e-04
Loss = 2.2988e-01, PNorm = 36.6927, GNorm = 4.1864, lr_0 = 1.3895e-04
Validation f1 = 0.818182
Validation auc = 0.904522
Validation ba = 0.825382
Validation mcc = 0.649662
Epoch 25
Loss = 2.5927e-01, PNorm = 36.7115, GNorm = 1.9417, lr_0 = 1.3309e-04
Loss = 2.4523e-01, PNorm = 36.7284, GNorm = 1.5875, lr_0 = 1.2798e-04
Validation f1 = 0.819923
Validation auc = 0.895025
Validation ba = 0.828180
Validation mcc = 0.654475
Epoch 26
Loss = 2.3227e-01, PNorm = 36.7489, GNorm = 4.2695, lr_0 = 1.2258e-04
Loss = 2.1560e-01, PNorm = 36.7661, GNorm = 3.7555, lr_0 = 1.1788e-04
Validation f1 = 0.824427
Validation auc = 0.903448
Validation ba = 0.832278
Validation mcc = 0.662872
Epoch 27
Loss = 2.5770e-01, PNorm = 36.7817, GNorm = 1.1089, lr_0 = 1.1335e-04
Loss = 2.4764e-01, PNorm = 36.7967, GNorm = 3.2154, lr_0 = 1.0900e-04
Validation f1 = 0.820312
Validation auc = 0.902374
Validation ba = 0.830328
Validation mcc = 0.658205
Epoch 28
Loss = 2.3076e-01, PNorm = 36.8122, GNorm = 1.2293, lr_0 = 1.0440e-04
Loss = 2.1810e-01, PNorm = 36.8267, GNorm = 2.4397, lr_0 = 1.0039e-04
Loss = 2.1703e-01, PNorm = 36.8408, GNorm = 2.2544, lr_0 = 1.0000e-04
Validation f1 = 0.826772
Validation auc = 0.901018
Validation ba = 0.837224
Validation mcc = 0.671984
Epoch 29
Loss = 2.1435e-01, PNorm = 36.8546, GNorm = 1.1874, lr_0 = 1.0000e-04
Loss = 2.2912e-01, PNorm = 36.8681, GNorm = 1.4423, lr_0 = 1.0000e-04
Validation f1 = 0.810811
Validation auc = 0.904353
Validation ba = 0.819983
Validation mcc = 0.637806
Model 0 best validation f1 = 0.826772 on epoch 28
Loading pretrained parameter "encoder.encoder.0.cached_zero_vector".
Loading pretrained parameter "encoder.encoder.0.W_i.weight".
Loading pretrained parameter "encoder.encoder.0.W_h.weight".
Loading pretrained parameter "encoder.encoder.0.W_o.weight".
Loading pretrained parameter "encoder.encoder.0.W_o.bias".
Loading pretrained parameter "ffn.1.weight".
Loading pretrained parameter "ffn.1.bias".
Loading pretrained parameter "ffn.4.weight".
Loading pretrained parameter "ffn.4.bias".
Model 0 test f1 = 0.698565
Model 0 test auc = 0.831823
Model 0 test ba = 0.755952
Model 0 test mcc = 0.537779
Ensemble test f1 = 0.698565
Ensemble test auc = 0.831823
Ensemble test ba = 0.755952
Ensemble test mcc = 0.537779
1-fold cross validation
	Seed 200 ==> test f1 = 0.698565
	Seed 200 ==> test auc = 0.831823
	Seed 200 ==> test ba = 0.755952
	Seed 200 ==> test mcc = 0.537779
Overall test f1 = 0.698565 +/- 0.000000
Overall test auc = 0.831823 +/- 0.000000
Overall test ba = 0.755952 +/- 0.000000
Overall test mcc = 0.537779 +/- 0.000000
Elapsed time = 0:02:49
