Command line
python D:\anaconda\envs\chemprop\Scripts\chemprop_train --data_path ../../data/refined_gabaa.csv --dataset_type classification --split_type scaffold_balanced --metric f1 --extra_metrics auc ba mcc --split_sizes 0.56 0.14 0.3 --seed 500 --save_dir result_scaffold_4
Args
{'activation': 'ReLU',
 'adding_h': False,
 'aggregation': 'mean',
 'aggregation_norm': 100,
 'atom_descriptor_scaling': True,
 'atom_descriptors': None,
 'atom_descriptors_path': None,
 'atom_descriptors_size': 0,
 'atom_features_size': 0,
 'atom_messages': False,
 'batch_size': 50,
 'bias': False,
 'bias_solvent': False,
 'bond_feature_scaling': True,
 'bond_features_path': None,
 'bond_features_size': 0,
 'cache_cutoff': 10000,
 'checkpoint_dir': None,
 'checkpoint_frzn': None,
 'checkpoint_path': None,
 'checkpoint_paths': None,
 'class_balance': False,
 'config_path': None,
 'crossval_index_dir': None,
 'crossval_index_file': None,
 'crossval_index_sets': None,
 'cuda': False,
 'data_path': '../../data/refined_gabaa.csv',
 'data_weights_path': None,
 'dataset_type': 'classification',
 'depth': 3,
 'depth_solvent': 3,
 'device': device(type='cpu'),
 'dropout': 0.0,
 'empty_cache': False,
 'ensemble_size': 1,
 'epochs': 30,
 'evidential_regularization': 0,
 'explicit_h': False,
 'extra_metrics': ['auc', 'ba', 'mcc'],
 'features_generator': None,
 'features_only': False,
 'features_path': None,
 'features_scaling': True,
 'features_size': None,
 'ffn_hidden_size': 300,
 'ffn_num_layers': 2,
 'final_lr': 0.0001,
 'folds_file': None,
 'freeze_first_only': False,
 'frzn_ffn_layers': 0,
 'gpu': None,
 'grad_clip': None,
 'hidden_size': 300,
 'hidden_size_solvent': 300,
 'ignore_columns': None,
 'init_lr': 0.0001,
 'log_frequency': 10,
 'loss_function': 'binary_cross_entropy',
 'max_data_size': None,
 'max_lr': 0.001,
 'metric': 'f1',
 'metrics': ['f1', 'auc', 'ba', 'mcc'],
 'minimize_score': False,
 'mpn_shared': False,
 'multiclass_num_classes': 3,
 'no_atom_descriptor_scaling': False,
 'no_bond_features_scaling': False,
 'no_cache_mol': False,
 'no_cuda': False,
 'no_features_scaling': False,
 'num_folds': 1,
 'num_lrs': 1,
 'num_tasks': 1,
 'num_workers': 8,
 'number_of_molecules': 1,
 'overwrite_default_atom_features': False,
 'overwrite_default_bond_features': False,
 'phase_features_path': None,
 'pytorch_seed': 0,
 'quiet': False,
 'reaction': False,
 'reaction_mode': 'reac_diff',
 'reaction_solvent': False,
 'resume_experiment': False,
 'save_dir': 'result_scaffold_4',
 'save_preds': False,
 'save_smiles_splits': False,
 'seed': 500,
 'separate_test_atom_descriptors_path': None,
 'separate_test_bond_features_path': None,
 'separate_test_features_path': None,
 'separate_test_path': None,
 'separate_test_phase_features_path': None,
 'separate_val_atom_descriptors_path': None,
 'separate_val_bond_features_path': None,
 'separate_val_features_path': None,
 'separate_val_path': None,
 'separate_val_phase_features_path': None,
 'show_individual_scores': False,
 'smiles_columns': ['smiles'],
 'spectra_activation': 'exp',
 'spectra_phase_mask_path': None,
 'spectra_target_floor': 1e-08,
 'split_key_molecule': 0,
 'split_sizes': [0.56, 0.14, 0.3],
 'split_type': 'scaffold_balanced',
 'target_columns': None,
 'target_weights': None,
 'task_names': ['label'],
 'test': False,
 'test_fold_index': None,
 'train_data_size': None,
 'undirected': False,
 'use_input_features': False,
 'val_fold_index': None,
 'warmup_epochs': 2.0}
Setting molecule featurization parameters to default.
Loading data
Number of tasks = 1
Fold 0
Splitting data with seed 500
Total scaffolds = 921 | train scaffolds = 503 | val scaffolds = 126 | test scaffolds = 292
Label averages per scaffold, in decreasing order of scaffold frequency,capped at 10 scaffolds and 20 labels:
Scaffold 0
Task 0: count = 63 | target average = 0.000000


Scaffold 1
Task 0: count = 55 | target average = 0.745455


Scaffold 2
Task 0: count = 51 | target average = 0.117647


Scaffold 3
Task 0: count = 44 | target average = 0.272727


Scaffold 4
Task 0: count = 31 | target average = 0.000000


Scaffold 5
Task 0: count = 26 | target average = 0.000000


Scaffold 6
Task 0: count = 24 | target average = 0.000000


Scaffold 7
Task 0: count = 22 | target average = 0.000000


Scaffold 8
Task 0: count = 21 | target average = 0.142857


Scaffold 9
Task 0: count = 21 | target average = 0.047619


Class sizes
label 0: 56.68%, 1: 43.32%
Total size = 1,909 | train size = 1,069 | val size = 267 | test size = 573
Building model 0
MoleculeModel(
  (sigmoid): Sigmoid()
  (encoder): MPN(
    (encoder): ModuleList(
      (0): MPNEncoder(
        (dropout_layer): Dropout(p=0.0, inplace=False)
        (act_func): ReLU()
        (W_i): Linear(in_features=147, out_features=300, bias=False)
        (W_h): Linear(in_features=300, out_features=300, bias=False)
        (W_o): Linear(in_features=433, out_features=300, bias=True)
      )
    )
  )
  (ffn): Sequential(
    (0): Dropout(p=0.0, inplace=False)
    (1): Linear(in_features=300, out_features=300, bias=True)
    (2): ReLU()
    (3): Dropout(p=0.0, inplace=False)
    (4): Linear(in_features=300, out_features=1, bias=True)
  )
)
Number of parameters = 355,201
Epoch 0
Loss = 6.9555e-01, PNorm = 34.0124, GNorm = 0.6434, lr_0 = 3.3571e-04
Loss = 6.7661e-01, PNorm = 34.0196, GNorm = 0.2563, lr_0 = 5.5000e-04
Validation f1 = 0.000000
Validation auc = 0.605879
Validation ba = 0.500000
Validation mcc = 0.000000
Epoch 1
Loss = 6.8217e-01, PNorm = 34.0475, GNorm = 0.5478, lr_0 = 7.8571e-04
Loss = 6.5279e-01, PNorm = 34.1065, GNorm = 1.7107, lr_0 = 1.0000e-03
Validation f1 = 0.538961
Validation auc = 0.655379
Validation ba = 0.524868
Validation mcc = 0.056909
Epoch 2
Loss = 6.2922e-01, PNorm = 34.1892, GNorm = 0.5662, lr_0 = 9.5784e-04
Loss = 6.2245e-01, PNorm = 34.2783, GNorm = 1.7079, lr_0 = 9.2106e-04
Validation f1 = 0.607004
Validation auc = 0.693592
Validation ba = 0.643034
Validation mcc = 0.282195
Epoch 3
Loss = 5.8966e-01, PNorm = 34.3761, GNorm = 0.9751, lr_0 = 8.8568e-04
Loss = 5.6998e-01, PNorm = 34.4693, GNorm = 1.0937, lr_0 = 8.5167e-04
Validation f1 = 0.600000
Validation auc = 0.740476
Validation ba = 0.699647
Validation mcc = 0.454478
Epoch 4
Loss = 5.2657e-01, PNorm = 34.5822, GNorm = 1.3032, lr_0 = 8.1576e-04
Loss = 5.3085e-01, PNorm = 34.6635, GNorm = 3.1257, lr_0 = 7.8444e-04
Validation f1 = 0.617143
Validation auc = 0.776102
Validation ba = 0.707760
Validation mcc = 0.461490
Epoch 5
Loss = 4.9582e-01, PNorm = 34.7611, GNorm = 2.9759, lr_0 = 7.5136e-04
Loss = 5.0182e-01, PNorm = 34.8510, GNorm = 3.4293, lr_0 = 7.2251e-04
Validation f1 = 0.593939
Validation auc = 0.792122
Validation ba = 0.699383
Validation mcc = 0.466669
Epoch 6
Loss = 5.1236e-01, PNorm = 34.9357, GNorm = 4.6437, lr_0 = 6.9476e-04
Loss = 4.1831e-01, PNorm = 35.0198, GNorm = 3.7244, lr_0 = 6.6808e-04
Validation f1 = 0.603896
Validation auc = 0.818342
Validation ba = 0.603351
Validation mcc = 0.236515
Epoch 7
Loss = 5.9612e-01, PNorm = 35.1059, GNorm = 6.8261, lr_0 = 6.3992e-04
Loss = 4.1987e-01, PNorm = 35.1850, GNorm = 4.0372, lr_0 = 6.1534e-04
Loss = 4.3611e-01, PNorm = 35.2620, GNorm = 1.1699, lr_0 = 5.9171e-04
Validation f1 = 0.741463
Validation auc = 0.819430
Validation ba = 0.787831
Validation mcc = 0.580980
Epoch 8
Loss = 4.3444e-01, PNorm = 35.3291, GNorm = 2.9307, lr_0 = 5.6899e-04
Loss = 4.4549e-01, PNorm = 35.3914, GNorm = 4.3486, lr_0 = 5.4714e-04
Validation f1 = 0.753769
Validation auc = 0.842622
Validation ba = 0.798501
Validation mcc = 0.610577
Epoch 9
Loss = 3.7001e-01, PNorm = 35.4749, GNorm = 0.9888, lr_0 = 5.2407e-04
Loss = 3.8471e-01, PNorm = 35.5381, GNorm = 0.9527, lr_0 = 5.0394e-04
Validation f1 = 0.753623
Validation auc = 0.858289
Validation ba = 0.797354
Validation mcc = 0.597881
Epoch 10
Loss = 3.7819e-01, PNorm = 35.6108, GNorm = 2.7348, lr_0 = 4.8270e-04
Loss = 3.8148e-01, PNorm = 35.6644, GNorm = 1.9250, lr_0 = 4.6416e-04
Validation f1 = 0.658683
Validation auc = 0.864874
Validation ba = 0.740300
Validation mcc = 0.555985
Epoch 11
Loss = 3.9368e-01, PNorm = 35.7292, GNorm = 3.6541, lr_0 = 4.4633e-04
Loss = 3.3314e-01, PNorm = 35.7892, GNorm = 4.0925, lr_0 = 4.2919e-04
Validation f1 = 0.785714
Validation auc = 0.865814
Validation ba = 0.823457
Validation mcc = 0.666686
Epoch 12
Loss = 4.0238e-01, PNorm = 35.8555, GNorm = 5.9325, lr_0 = 4.1110e-04
Loss = 3.0214e-01, PNorm = 35.9128, GNorm = 2.4028, lr_0 = 3.9531e-04
Validation f1 = 0.763819
Validation auc = 0.872281
Validation ba = 0.806349
Validation mcc = 0.626631
Epoch 13
Loss = 2.9801e-01, PNorm = 35.9709, GNorm = 2.2614, lr_0 = 3.7864e-04
Loss = 3.3706e-01, PNorm = 36.0171, GNorm = 8.2591, lr_0 = 3.6410e-04
Validation f1 = 0.759184
Validation auc = 0.874956
Validation ba = 0.797795
Validation mcc = 0.582551
Epoch 14
Loss = 4.8293e-01, PNorm = 36.0604, GNorm = 6.2316, lr_0 = 3.5012e-04
Loss = 3.2673e-01, PNorm = 36.1036, GNorm = 1.9739, lr_0 = 3.3668e-04
Loss = 2.8885e-01, PNorm = 36.1496, GNorm = 0.6608, lr_0 = 3.2375e-04
Loss = 1.9327e-01, PNorm = 36.1547, GNorm = 1.0650, lr_0 = 3.2248e-04
Validation f1 = 0.773869
Validation auc = 0.875838
Validation ba = 0.814198
Validation mcc = 0.642685
Epoch 15
Loss = 2.8120e-01, PNorm = 36.2057, GNorm = 5.6014, lr_0 = 3.1010e-04
Loss = 2.9118e-01, PNorm = 36.2479, GNorm = 1.5845, lr_0 = 2.9819e-04
Validation f1 = 0.798122
Validation auc = 0.878542
Validation ba = 0.833774
Validation mcc = 0.664392
Epoch 16
Loss = 2.7168e-01, PNorm = 36.2773, GNorm = 1.8493, lr_0 = 2.8674e-04
Loss = 2.9181e-01, PNorm = 36.3158, GNorm = 2.5386, lr_0 = 2.7573e-04
Validation f1 = 0.794118
Validation auc = 0.878718
Validation ba = 0.830159
Validation mcc = 0.667779
Epoch 17
Loss = 2.8027e-01, PNorm = 36.3553, GNorm = 1.8736, lr_0 = 2.6410e-04
Loss = 3.0333e-01, PNorm = 36.3871, GNorm = 2.6787, lr_0 = 2.5396e-04
Validation f1 = 0.735632
Validation auc = 0.882981
Validation ba = 0.789330
Validation mcc = 0.645681
Epoch 18
Loss = 2.5448e-01, PNorm = 36.4244, GNorm = 3.0916, lr_0 = 2.4325e-04
Loss = 2.8537e-01, PNorm = 36.4585, GNorm = 1.3448, lr_0 = 2.3391e-04
Validation f1 = 0.764398
Validation auc = 0.879865
Validation ba = 0.807496
Validation mcc = 0.642884
Epoch 19
Loss = 2.4540e-01, PNorm = 36.4876, GNorm = 1.9347, lr_0 = 2.2493e-04
Loss = 2.4643e-01, PNorm = 36.5182, GNorm = 1.5133, lr_0 = 2.1629e-04
Validation f1 = 0.794393
Validation auc = 0.886537
Validation ba = 0.830688
Validation mcc = 0.657292
Epoch 20
Loss = 2.3146e-01, PNorm = 36.5463, GNorm = 0.6827, lr_0 = 2.0717e-04
Loss = 2.2994e-01, PNorm = 36.5721, GNorm = 2.3276, lr_0 = 1.9921e-04
Validation f1 = 0.807692
Validation auc = 0.887096
Validation ba = 0.841358
Validation mcc = 0.685096
Epoch 21
Loss = 2.1465e-01, PNorm = 36.5993, GNorm = 2.3695, lr_0 = 1.9081e-04
Loss = 2.5920e-01, PNorm = 36.6263, GNorm = 2.1263, lr_0 = 1.8349e-04
Loss = 2.1053e-01, PNorm = 36.6488, GNorm = 2.1401, lr_0 = 1.7644e-04
Validation f1 = 0.787565
Validation auc = 0.891299
Validation ba = 0.824868
Validation mcc = 0.675182
Epoch 22
Loss = 2.2156e-01, PNorm = 36.6730, GNorm = 0.9515, lr_0 = 1.6966e-04
Loss = 2.1299e-01, PNorm = 36.6939, GNorm = 0.8630, lr_0 = 1.6315e-04
Validation f1 = 0.765027
Validation auc = 0.888477
Validation ba = 0.808642
Validation mcc = 0.663069
Epoch 23
Loss = 2.3010e-01, PNorm = 36.7171, GNorm = 5.9877, lr_0 = 1.5627e-04
Loss = 2.3817e-01, PNorm = 36.7379, GNorm = 0.7489, lr_0 = 1.5027e-04
Validation f1 = 0.809302
Validation auc = 0.891182
Validation ba = 0.843298
Validation mcc = 0.681408
Epoch 24
Loss = 2.0892e-01, PNorm = 36.7582, GNorm = 1.5669, lr_0 = 1.4450e-04
Loss = 2.4935e-01, PNorm = 36.7737, GNorm = 2.0410, lr_0 = 1.3895e-04
Validation f1 = 0.751381
Validation auc = 0.890182
Validation ba = 0.799118
Validation mcc = 0.647592
Epoch 25
Loss = 2.3401e-01, PNorm = 36.7912, GNorm = 1.7912, lr_0 = 1.3309e-04
Loss = 2.1909e-01, PNorm = 36.8082, GNorm = 4.3756, lr_0 = 1.2798e-04
Validation f1 = 0.807512
Validation auc = 0.891446
Validation ba = 0.841623
Validation mcc = 0.680015
Epoch 26
Loss = 1.7361e-01, PNorm = 36.8250, GNorm = 1.2441, lr_0 = 1.2258e-04
Loss = 2.1332e-01, PNorm = 36.8390, GNorm = 1.5767, lr_0 = 1.1788e-04
Validation f1 = 0.783069
Validation auc = 0.891740
Validation ba = 0.821517
Validation mcc = 0.676426
Epoch 27
Loss = 2.4022e-01, PNorm = 36.8548, GNorm = 5.4738, lr_0 = 1.1335e-04
Loss = 1.7264e-01, PNorm = 36.8664, GNorm = 3.1189, lr_0 = 1.0900e-04
Validation f1 = 0.776596
Validation auc = 0.892857
Validation ba = 0.816755
Validation mcc = 0.668586
Epoch 28
Loss = 1.3684e-01, PNorm = 36.8821, GNorm = 0.9514, lr_0 = 1.0440e-04
Loss = 2.2155e-01, PNorm = 36.8959, GNorm = 1.5585, lr_0 = 1.0039e-04
Loss = 1.9235e-01, PNorm = 36.9075, GNorm = 2.0750, lr_0 = 1.0000e-04
Validation f1 = 0.800000
Validation auc = 0.894268
Validation ba = 0.834921
Validation mcc = 0.676030
Epoch 29
Loss = 1.6456e-01, PNorm = 36.9192, GNorm = 1.5499, lr_0 = 1.0000e-04
Loss = 2.0856e-01, PNorm = 36.9330, GNorm = 2.9638, lr_0 = 1.0000e-04
Validation f1 = 0.789744
Validation auc = 0.892798
Validation ba = 0.826543
Validation mcc = 0.674862
Model 0 best validation f1 = 0.809302 on epoch 23
Loading pretrained parameter "encoder.encoder.0.cached_zero_vector".
Loading pretrained parameter "encoder.encoder.0.W_i.weight".
Loading pretrained parameter "encoder.encoder.0.W_h.weight".
Loading pretrained parameter "encoder.encoder.0.W_o.weight".
Loading pretrained parameter "encoder.encoder.0.W_o.bias".
Loading pretrained parameter "ffn.1.weight".
Loading pretrained parameter "ffn.1.bias".
Loading pretrained parameter "ffn.4.weight".
Loading pretrained parameter "ffn.4.bias".
Model 0 test f1 = 0.735135
Model 0 test auc = 0.851811
Model 0 test ba = 0.752829
Model 0 test mcc = 0.502359
Ensemble test f1 = 0.735135
Ensemble test auc = 0.851811
Ensemble test ba = 0.752829
Ensemble test mcc = 0.502359
1-fold cross validation
	Seed 500 ==> test f1 = 0.735135
	Seed 500 ==> test auc = 0.851811
	Seed 500 ==> test ba = 0.752829
	Seed 500 ==> test mcc = 0.502359
Overall test f1 = 0.735135 +/- 0.000000
Overall test auc = 0.851811 +/- 0.000000
Overall test ba = 0.752829 +/- 0.000000
Overall test mcc = 0.502359 +/- 0.000000
Elapsed time = 0:02:20
