Fold 0
Model 0 best validation auc = 0.873719 on epoch 27
Model 0 test auc = 0.820743
Model 0 test accuracy = 0.769841
Model 0 test pre = 0.750000
Model 0 test rec = 0.709091
Ensemble test auc = 0.820743
Ensemble test accuracy = 0.769841
Ensemble test pre = 0.750000
Ensemble test rec = 0.709091
1-fold cross validation
	Seed 500 ==> test auc = 0.820743
	Seed 500 ==> test accuracy = 0.769841
	Seed 500 ==> test pre = 0.750000
	Seed 500 ==> test rec = 0.709091
Overall test auc = 0.820743 +/- 0.000000
Overall test accuracy = 0.769841 +/- 0.000000
Overall test pre = 0.750000 +/- 0.000000
Overall test rec = 0.709091 +/- 0.000000
Elapsed time = 0:04:11
