Fold 0
Model 0 best validation auc = 0.861111 on epoch 29
Model 0 test auc = 0.854040
Model 0 test accuracy = 0.785714
Model 0 test pre = 0.782609
Model 0 test rec = 0.818182
Ensemble test auc = 0.854040
Ensemble test accuracy = 0.785714
Ensemble test pre = 0.782609
Ensemble test rec = 0.818182
1-fold cross validation
	Seed 100 ==> test auc = 0.854040
	Seed 100 ==> test accuracy = 0.785714
	Seed 100 ==> test pre = 0.782609
	Seed 100 ==> test rec = 0.818182
Overall test auc = 0.854040 +/- 0.000000
Overall test accuracy = 0.785714 +/- 0.000000
Overall test pre = 0.782609 +/- 0.000000
Overall test rec = 0.818182 +/- 0.000000
Elapsed time = 0:04:24
