Command line
python D:\anaconda\envs\chemprop\Scripts\chemprop_train --data_path ../../data/refined_gabaa.csv --dataset_type classification --metric f1 --extra_metrics auc ba mcc --split_sizes 0.56 0.14 0.3 --seed 100 --save_dir result_random_0
Args
{'activation': 'ReLU',
 'adding_h': False,
 'aggregation': 'mean',
 'aggregation_norm': 100,
 'atom_descriptor_scaling': True,
 'atom_descriptors': None,
 'atom_descriptors_path': None,
 'atom_descriptors_size': 0,
 'atom_features_size': 0,
 'atom_messages': False,
 'batch_size': 50,
 'bias': False,
 'bias_solvent': False,
 'bond_feature_scaling': True,
 'bond_features_path': None,
 'bond_features_size': 0,
 'cache_cutoff': 10000,
 'checkpoint_dir': None,
 'checkpoint_frzn': None,
 'checkpoint_path': None,
 'checkpoint_paths': None,
 'class_balance': False,
 'config_path': None,
 'crossval_index_dir': None,
 'crossval_index_file': None,
 'crossval_index_sets': None,
 'cuda': False,
 'data_path': '../../data/refined_gabaa.csv',
 'data_weights_path': None,
 'dataset_type': 'classification',
 'depth': 3,
 'depth_solvent': 3,
 'device': device(type='cpu'),
 'dropout': 0.0,
 'empty_cache': False,
 'ensemble_size': 1,
 'epochs': 30,
 'evidential_regularization': 0,
 'explicit_h': False,
 'extra_metrics': ['auc', 'ba', 'mcc'],
 'features_generator': None,
 'features_only': False,
 'features_path': None,
 'features_scaling': True,
 'features_size': None,
 'ffn_hidden_size': 300,
 'ffn_num_layers': 2,
 'final_lr': 0.0001,
 'folds_file': None,
 'freeze_first_only': False,
 'frzn_ffn_layers': 0,
 'gpu': None,
 'grad_clip': None,
 'hidden_size': 300,
 'hidden_size_solvent': 300,
 'ignore_columns': None,
 'init_lr': 0.0001,
 'log_frequency': 10,
 'loss_function': 'binary_cross_entropy',
 'max_data_size': None,
 'max_lr': 0.001,
 'metric': 'f1',
 'metrics': ['f1', 'auc', 'ba', 'mcc'],
 'minimize_score': False,
 'mpn_shared': False,
 'multiclass_num_classes': 3,
 'no_atom_descriptor_scaling': False,
 'no_bond_features_scaling': False,
 'no_cache_mol': False,
 'no_cuda': False,
 'no_features_scaling': False,
 'num_folds': 1,
 'num_lrs': 1,
 'num_tasks': 1,
 'num_workers': 8,
 'number_of_molecules': 1,
 'overwrite_default_atom_features': False,
 'overwrite_default_bond_features': False,
 'phase_features_path': None,
 'pytorch_seed': 0,
 'quiet': False,
 'reaction': False,
 'reaction_mode': 'reac_diff',
 'reaction_solvent': False,
 'resume_experiment': False,
 'save_dir': 'result_random_0',
 'save_preds': False,
 'save_smiles_splits': False,
 'seed': 100,
 'separate_test_atom_descriptors_path': None,
 'separate_test_bond_features_path': None,
 'separate_test_features_path': None,
 'separate_test_path': None,
 'separate_test_phase_features_path': None,
 'separate_val_atom_descriptors_path': None,
 'separate_val_bond_features_path': None,
 'separate_val_features_path': None,
 'separate_val_path': None,
 'separate_val_phase_features_path': None,
 'show_individual_scores': False,
 'smiles_columns': ['smiles'],
 'spectra_activation': 'exp',
 'spectra_phase_mask_path': None,
 'spectra_target_floor': 1e-08,
 'split_key_molecule': 0,
 'split_sizes': [0.56, 0.14, 0.3],
 'split_type': 'random',
 'target_columns': None,
 'target_weights': None,
 'task_names': ['label'],
 'test': False,
 'test_fold_index': None,
 'train_data_size': None,
 'undirected': False,
 'use_input_features': False,
 'val_fold_index': None,
 'warmup_epochs': 2.0}
Setting molecule featurization parameters to default.
Loading data
Number of tasks = 1
Fold 0
Splitting data with seed 100
Class sizes
label 0: 56.68%, 1: 43.32%
Total size = 1,909 | train size = 1,069 | val size = 267 | test size = 573
Building model 0
MoleculeModel(
  (sigmoid): Sigmoid()
  (encoder): MPN(
    (encoder): ModuleList(
      (0): MPNEncoder(
        (dropout_layer): Dropout(p=0.0, inplace=False)
        (act_func): ReLU()
        (W_i): Linear(in_features=147, out_features=300, bias=False)
        (W_h): Linear(in_features=300, out_features=300, bias=False)
        (W_o): Linear(in_features=433, out_features=300, bias=True)
      )
    )
  )
  (ffn): Sequential(
    (0): Dropout(p=0.0, inplace=False)
    (1): Linear(in_features=300, out_features=300, bias=True)
    (2): ReLU()
    (3): Dropout(p=0.0, inplace=False)
    (4): Linear(in_features=300, out_features=1, bias=True)
  )
)
Number of parameters = 355,201
Epoch 0
Loss = 6.9822e-01, PNorm = 34.0116, GNorm = 1.1254, lr_0 = 3.3571e-04
Loss = 6.8866e-01, PNorm = 34.0167, GNorm = 0.3229, lr_0 = 5.5000e-04
Validation f1 = 0.035398
Validation auc = 0.669265
Validation ba = 0.509009
Validation mcc = 0.102989
Epoch 1
Loss = 6.6075e-01, PNorm = 34.0374, GNorm = 0.3567, lr_0 = 7.8571e-04
Loss = 6.8222e-01, PNorm = 34.0745, GNorm = 0.5762, lr_0 = 1.0000e-03
Validation f1 = 0.017857
Validation auc = 0.665512
Validation ba = 0.504505
Validation mcc = 0.072688
Epoch 2
Loss = 6.7006e-01, PNorm = 34.1215, GNorm = 0.2023, lr_0 = 9.5784e-04
Loss = 6.4886e-01, PNorm = 34.1845, GNorm = 1.0773, lr_0 = 9.2106e-04
Validation f1 = 0.017857
Validation auc = 0.782513
Validation ba = 0.504505
Validation mcc = 0.072688
Epoch 3
Loss = 6.0637e-01, PNorm = 34.2670, GNorm = 1.0962, lr_0 = 8.8568e-04
Loss = 6.0621e-01, PNorm = 34.3571, GNorm = 0.8944, lr_0 = 8.5167e-04
Validation f1 = 0.232558
Validation auc = 0.796778
Validation ba = 0.557952
Validation mcc = 0.227818
Epoch 4
Loss = 6.7699e-01, PNorm = 34.4543, GNorm = 6.1203, lr_0 = 8.1576e-04
Loss = 5.8180e-01, PNorm = 34.5291, GNorm = 0.5507, lr_0 = 7.8444e-04
Validation f1 = 0.567010
Validation auc = 0.798164
Validation ba = 0.658004
Validation mcc = 0.336492
Epoch 5
Loss = 5.5886e-01, PNorm = 34.6383, GNorm = 2.3332, lr_0 = 7.5136e-04
Loss = 5.7674e-01, PNorm = 34.7312, GNorm = 6.9630, lr_0 = 7.2251e-04
Validation f1 = 0.500000
Validation auc = 0.781012
Validation ba = 0.636001
Validation mcc = 0.319300
Epoch 6
Loss = 5.7820e-01, PNorm = 34.7973, GNorm = 0.6493, lr_0 = 6.9476e-04
Loss = 5.5418e-01, PNorm = 34.8631, GNorm = 0.3636, lr_0 = 6.6808e-04
Validation f1 = 0.477987
Validation auc = 0.797009
Validation ba = 0.639120
Validation mcc = 0.357109
Epoch 7
Loss = 4.9743e-01, PNorm = 34.9609, GNorm = 2.8900, lr_0 = 6.3992e-04
Loss = 4.9978e-01, PNorm = 35.0380, GNorm = 2.5604, lr_0 = 6.1534e-04
Loss = 4.8356e-01, PNorm = 35.1122, GNorm = 0.4964, lr_0 = 5.9171e-04
Validation f1 = 0.641148
Validation auc = 0.818145
Validation ba = 0.702443
Validation mcc = 0.413999
Epoch 8
Loss = 4.5148e-01, PNorm = 35.1864, GNorm = 1.6680, lr_0 = 5.6899e-04
Loss = 4.6063e-01, PNorm = 35.2655, GNorm = 1.5892, lr_0 = 5.4714e-04
Validation f1 = 0.657407
Validation auc = 0.823516
Validation ba = 0.710845
Validation mcc = 0.425467
Epoch 9
Loss = 4.5605e-01, PNorm = 35.3536, GNorm = 1.2497, lr_0 = 5.2407e-04
Loss = 3.9789e-01, PNorm = 35.4351, GNorm = 1.7329, lr_0 = 5.0394e-04
Validation f1 = 0.689076
Validation auc = 0.826692
Validation ba = 0.725139
Validation mcc = 0.444363
Epoch 10
Loss = 3.8193e-01, PNorm = 35.5239, GNorm = 1.5825, lr_0 = 4.8270e-04
Loss = 3.6939e-01, PNorm = 35.6070, GNorm = 1.6100, lr_0 = 4.6416e-04
Validation f1 = 0.699552
Validation auc = 0.842111
Validation ba = 0.742377
Validation mcc = 0.484139
Epoch 11
Loss = 4.0603e-01, PNorm = 35.6743, GNorm = 5.1982, lr_0 = 4.4633e-04
Loss = 3.6828e-01, PNorm = 35.7385, GNorm = 1.2352, lr_0 = 4.2919e-04
Validation f1 = 0.718182
Validation auc = 0.836105
Validation ba = 0.759702
Validation mcc = 0.520820
Epoch 12
Loss = 3.6780e-01, PNorm = 35.8078, GNorm = 3.1898, lr_0 = 4.1110e-04
Loss = 3.2273e-01, PNorm = 35.8714, GNorm = 5.0710, lr_0 = 3.9531e-04
Validation f1 = 0.698795
Validation auc = 0.829175
Validation ba = 0.728430
Validation mcc = 0.450581
Epoch 13
Loss = 3.7392e-01, PNorm = 35.9346, GNorm = 1.0290, lr_0 = 3.7864e-04
Loss = 3.1628e-01, PNorm = 35.9883, GNorm = 0.9734, lr_0 = 3.6410e-04
Validation f1 = 0.659459
Validation auc = 0.856202
Validation ba = 0.733108
Validation mcc = 0.513354
Epoch 14
Loss = 4.3740e-01, PNorm = 36.0400, GNorm = 2.9315, lr_0 = 3.5012e-04
Loss = 3.1024e-01, PNorm = 36.0932, GNorm = 0.9823, lr_0 = 3.3668e-04
Loss = 2.9647e-01, PNorm = 36.1420, GNorm = 1.9883, lr_0 = 3.2375e-04
Loss = 4.0165e-01, PNorm = 36.1455, GNorm = 2.3977, lr_0 = 3.2248e-04
Validation f1 = 0.721739
Validation auc = 0.851409
Validation ba = 0.758489
Validation mcc = 0.512616
Epoch 15
Loss = 3.1965e-01, PNorm = 36.1840, GNorm = 1.2023, lr_0 = 3.1010e-04
Loss = 2.6829e-01, PNorm = 36.2305, GNorm = 3.6313, lr_0 = 2.9819e-04
Validation f1 = 0.648045
Validation auc = 0.856260
Validation ba = 0.729210
Validation mcc = 0.518569
Epoch 16
Loss = 2.7759e-01, PNorm = 36.2709, GNorm = 2.7408, lr_0 = 2.8674e-04
Loss = 2.7888e-01, PNorm = 36.3128, GNorm = 1.9242, lr_0 = 2.7573e-04
Validation f1 = 0.720379
Validation auc = 0.862151
Validation ba = 0.765419
Validation mcc = 0.540540
Epoch 17
Loss = 2.8134e-01, PNorm = 36.3584, GNorm = 1.2550, lr_0 = 2.6410e-04
Loss = 2.4085e-01, PNorm = 36.3954, GNorm = 0.7248, lr_0 = 2.5396e-04
Validation f1 = 0.735537
Validation auc = 0.862439
Validation ba = 0.766286
Validation mcc = 0.525045
Epoch 18
Loss = 2.9429e-01, PNorm = 36.4339, GNorm = 1.2910, lr_0 = 2.4325e-04
Loss = 2.3760e-01, PNorm = 36.4669, GNorm = 1.8912, lr_0 = 2.3391e-04
Validation f1 = 0.745614
Validation auc = 0.864403
Validation ba = 0.780319
Validation mcc = 0.556887
Epoch 19
Loss = 2.6365e-01, PNorm = 36.5001, GNorm = 1.2790, lr_0 = 2.2493e-04
Loss = 2.1743e-01, PNorm = 36.5307, GNorm = 2.3052, lr_0 = 2.1629e-04
Validation f1 = 0.739726
Validation auc = 0.868734
Validation ba = 0.778326
Validation mcc = 0.558982
Epoch 20
Loss = 2.4094e-01, PNorm = 36.5641, GNorm = 1.1431, lr_0 = 2.0717e-04
Loss = 2.4232e-01, PNorm = 36.5902, GNorm = 1.0886, lr_0 = 1.9921e-04
Validation f1 = 0.734043
Validation auc = 0.876530
Validation ba = 0.785170
Validation mcc = 0.620490
Epoch 21
Loss = 2.4803e-01, PNorm = 36.6191, GNorm = 1.1835, lr_0 = 1.9081e-04
Loss = 2.6281e-01, PNorm = 36.6481, GNorm = 8.1790, lr_0 = 1.8349e-04
Loss = 2.0022e-01, PNorm = 36.6707, GNorm = 4.0213, lr_0 = 1.7644e-04
Validation f1 = 0.736318
Validation auc = 0.871853
Validation ba = 0.782051
Validation mcc = 0.588131
Epoch 22
Loss = 1.7640e-01, PNorm = 36.6960, GNorm = 2.4359, lr_0 = 1.6966e-04
Loss = 2.8382e-01, PNorm = 36.7142, GNorm = 1.2048, lr_0 = 1.6315e-04
Validation f1 = 0.747826
Validation auc = 0.869716
Validation ba = 0.781618
Validation mcc = 0.558483
Epoch 23
Loss = 2.2384e-01, PNorm = 36.7322, GNorm = 0.8324, lr_0 = 1.5627e-04
Loss = 2.0198e-01, PNorm = 36.7518, GNorm = 2.9354, lr_0 = 1.5027e-04
Validation f1 = 0.733333
Validation auc = 0.871217
Validation ba = 0.764986
Validation mcc = 0.522688
Epoch 24
Loss = 2.0004e-01, PNorm = 36.7701, GNorm = 3.0366, lr_0 = 1.4450e-04
Loss = 2.3136e-01, PNorm = 36.7876, GNorm = 3.2291, lr_0 = 1.3895e-04
Validation f1 = 0.748899
Validation auc = 0.870351
Validation ba = 0.783524
Validation mcc = 0.563801
Epoch 25
Loss = 2.5318e-01, PNorm = 36.8025, GNorm = 4.3241, lr_0 = 1.3309e-04
Loss = 2.1728e-01, PNorm = 36.8164, GNorm = 1.8546, lr_0 = 1.2798e-04
Validation f1 = 0.753623
Validation auc = 0.869369
Validation ba = 0.793659
Validation mcc = 0.603203
Epoch 26
Loss = 2.5067e-01, PNorm = 36.8344, GNorm = 6.2342, lr_0 = 1.2258e-04
Loss = 1.8764e-01, PNorm = 36.8468, GNorm = 1.4346, lr_0 = 1.1788e-04
Validation f1 = 0.737778
Validation auc = 0.877281
Validation ba = 0.774515
Validation mcc = 0.547043
Epoch 27
Loss = 1.3342e-01, PNorm = 36.8587, GNorm = 1.2659, lr_0 = 1.1335e-04
Loss = 1.9161e-01, PNorm = 36.8727, GNorm = 1.3881, lr_0 = 1.0900e-04
Validation f1 = 0.756522
Validation auc = 0.873874
Validation ba = 0.789328
Validation mcc = 0.573772
Epoch 28
Loss = 1.7228e-01, PNorm = 36.8852, GNorm = 0.9677, lr_0 = 1.0440e-04
Loss = 1.7932e-01, PNorm = 36.8975, GNorm = 2.4896, lr_0 = 1.0039e-04
Loss = 2.0854e-01, PNorm = 36.9078, GNorm = 4.3850, lr_0 = 1.0000e-04
Validation f1 = 0.756757
Validation auc = 0.876530
Validation ba = 0.791840
Validation mcc = 0.583680
Epoch 29
Loss = 1.8262e-01, PNorm = 36.9191, GNorm = 1.2314, lr_0 = 1.0000e-04
Loss = 1.9803e-01, PNorm = 36.9305, GNorm = 3.0645, lr_0 = 1.0000e-04
Validation f1 = 0.753138
Validation auc = 0.875318
Validation ba = 0.783611
Validation mcc = 0.559582
Model 0 best validation f1 = 0.756757 on epoch 28
Loading pretrained parameter "encoder.encoder.0.cached_zero_vector".
Loading pretrained parameter "encoder.encoder.0.W_i.weight".
Loading pretrained parameter "encoder.encoder.0.W_h.weight".
Loading pretrained parameter "encoder.encoder.0.W_o.weight".
Loading pretrained parameter "encoder.encoder.0.W_o.bias".
Loading pretrained parameter "ffn.1.weight".
Loading pretrained parameter "ffn.1.bias".
Loading pretrained parameter "ffn.4.weight".
Loading pretrained parameter "ffn.4.bias".
Model 0 test f1 = 0.844530
Model 0 test auc = 0.930451
Model 0 test ba = 0.856796
Model 0 test mcc = 0.715190
Ensemble test f1 = 0.844530
Ensemble test auc = 0.930451
Ensemble test ba = 0.856796
Ensemble test mcc = 0.715190
1-fold cross validation
	Seed 100 ==> test f1 = 0.844530
	Seed 100 ==> test auc = 0.930451
	Seed 100 ==> test ba = 0.856796
	Seed 100 ==> test mcc = 0.715190
Overall test f1 = 0.844530 +/- 0.000000
Overall test auc = 0.930451 +/- 0.000000
Overall test ba = 0.856796 +/- 0.000000
Overall test mcc = 0.715190 +/- 0.000000
Elapsed time = 0:02:36
