Fold 0
Model 0 best validation f1 = 0.815789 on epoch 25
Model 0 test f1 = 0.770791
Model 0 test auc = 0.894744
Model 0 test ba = 0.808676
Model 0 test mcc = 0.605443
Ensemble test f1 = 0.770791
Ensemble test auc = 0.894744
Ensemble test ba = 0.808676
Ensemble test mcc = 0.605443
1-fold cross validation
	Seed 300 ==> test f1 = 0.770791
	Seed 300 ==> test auc = 0.894744
	Seed 300 ==> test ba = 0.808676
	Seed 300 ==> test mcc = 0.605443
Overall test f1 = 0.770791 +/- 0.000000
Overall test auc = 0.894744 +/- 0.000000
Overall test ba = 0.808676 +/- 0.000000
Overall test mcc = 0.605443 +/- 0.000000
Elapsed time = 0:02:19
