Command line
python D:\anaconda\envs\chemprop\Scripts\chemprop_train --data_path ../../data/refined_gabaa.csv --dataset_type classification --split_type scaffold_balanced --metric f1 --extra_metrics auc ba mcc --split_sizes 0.56 0.14 0.3 --seed 300 --save_dir result_scaffold_2
Args
{'activation': 'ReLU',
 'adding_h': False,
 'aggregation': 'mean',
 'aggregation_norm': 100,
 'atom_descriptor_scaling': True,
 'atom_descriptors': None,
 'atom_descriptors_path': None,
 'atom_descriptors_size': 0,
 'atom_features_size': 0,
 'atom_messages': False,
 'batch_size': 50,
 'bias': False,
 'bias_solvent': False,
 'bond_feature_scaling': True,
 'bond_features_path': None,
 'bond_features_size': 0,
 'cache_cutoff': 10000,
 'checkpoint_dir': None,
 'checkpoint_frzn': None,
 'checkpoint_path': None,
 'checkpoint_paths': None,
 'class_balance': False,
 'config_path': None,
 'crossval_index_dir': None,
 'crossval_index_file': None,
 'crossval_index_sets': None,
 'cuda': False,
 'data_path': '../../data/refined_gabaa.csv',
 'data_weights_path': None,
 'dataset_type': 'classification',
 'depth': 3,
 'depth_solvent': 3,
 'device': device(type='cpu'),
 'dropout': 0.0,
 'empty_cache': False,
 'ensemble_size': 1,
 'epochs': 30,
 'evidential_regularization': 0,
 'explicit_h': False,
 'extra_metrics': ['auc', 'ba', 'mcc'],
 'features_generator': None,
 'features_only': False,
 'features_path': None,
 'features_scaling': True,
 'features_size': None,
 'ffn_hidden_size': 300,
 'ffn_num_layers': 2,
 'final_lr': 0.0001,
 'folds_file': None,
 'freeze_first_only': False,
 'frzn_ffn_layers': 0,
 'gpu': None,
 'grad_clip': None,
 'hidden_size': 300,
 'hidden_size_solvent': 300,
 'ignore_columns': None,
 'init_lr': 0.0001,
 'log_frequency': 10,
 'loss_function': 'binary_cross_entropy',
 'max_data_size': None,
 'max_lr': 0.001,
 'metric': 'f1',
 'metrics': ['f1', 'auc', 'ba', 'mcc'],
 'minimize_score': False,
 'mpn_shared': False,
 'multiclass_num_classes': 3,
 'no_atom_descriptor_scaling': False,
 'no_bond_features_scaling': False,
 'no_cache_mol': False,
 'no_cuda': False,
 'no_features_scaling': False,
 'num_folds': 1,
 'num_lrs': 1,
 'num_tasks': 1,
 'num_workers': 8,
 'number_of_molecules': 1,
 'overwrite_default_atom_features': False,
 'overwrite_default_bond_features': False,
 'phase_features_path': None,
 'pytorch_seed': 0,
 'quiet': False,
 'reaction': False,
 'reaction_mode': 'reac_diff',
 'reaction_solvent': False,
 'resume_experiment': False,
 'save_dir': 'result_scaffold_2',
 'save_preds': False,
 'save_smiles_splits': False,
 'seed': 300,
 'separate_test_atom_descriptors_path': None,
 'separate_test_bond_features_path': None,
 'separate_test_features_path': None,
 'separate_test_path': None,
 'separate_test_phase_features_path': None,
 'separate_val_atom_descriptors_path': None,
 'separate_val_bond_features_path': None,
 'separate_val_features_path': None,
 'separate_val_path': None,
 'separate_val_phase_features_path': None,
 'show_individual_scores': False,
 'smiles_columns': ['smiles'],
 'spectra_activation': 'exp',
 'spectra_phase_mask_path': None,
 'spectra_target_floor': 1e-08,
 'split_key_molecule': 0,
 'split_sizes': [0.56, 0.14, 0.3],
 'split_type': 'scaffold_balanced',
 'target_columns': None,
 'target_weights': None,
 'task_names': ['label'],
 'test': False,
 'test_fold_index': None,
 'train_data_size': None,
 'undirected': False,
 'use_input_features': False,
 'val_fold_index': None,
 'warmup_epochs': 2.0}
Setting molecule featurization parameters to default.
Loading data
Number of tasks = 1
Fold 0
Splitting data with seed 300
Total scaffolds = 921 | train scaffolds = 515 | val scaffolds = 157 | test scaffolds = 249
Label averages per scaffold, in decreasing order of scaffold frequency,capped at 10 scaffolds and 20 labels:
Scaffold 0
Task 0: count = 63 | target average = 0.000000


Scaffold 1
Task 0: count = 55 | target average = 0.745455


Scaffold 2
Task 0: count = 51 | target average = 0.117647


Scaffold 3
Task 0: count = 44 | target average = 0.272727


Scaffold 4
Task 0: count = 31 | target average = 0.000000


Scaffold 5
Task 0: count = 26 | target average = 0.000000


Scaffold 6
Task 0: count = 24 | target average = 0.000000


Scaffold 7
Task 0: count = 22 | target average = 0.000000


Scaffold 8
Task 0: count = 21 | target average = 0.142857


Scaffold 9
Task 0: count = 21 | target average = 0.047619


Class sizes
label 0: 56.68%, 1: 43.32%
Total size = 1,909 | train size = 1,069 | val size = 267 | test size = 573
Building model 0
MoleculeModel(
  (sigmoid): Sigmoid()
  (encoder): MPN(
    (encoder): ModuleList(
      (0): MPNEncoder(
        (dropout_layer): Dropout(p=0.0, inplace=False)
        (act_func): ReLU()
        (W_i): Linear(in_features=147, out_features=300, bias=False)
        (W_h): Linear(in_features=300, out_features=300, bias=False)
        (W_o): Linear(in_features=433, out_features=300, bias=True)
      )
    )
  )
  (ffn): Sequential(
    (0): Dropout(p=0.0, inplace=False)
    (1): Linear(in_features=300, out_features=300, bias=True)
    (2): ReLU()
    (3): Dropout(p=0.0, inplace=False)
    (4): Linear(in_features=300, out_features=1, bias=True)
  )
)
Number of parameters = 355,201
Epoch 0
Loss = 6.7395e-01, PNorm = 34.0111, GNorm = 0.8086, lr_0 = 3.3571e-04
Loss = 6.8398e-01, PNorm = 34.0196, GNorm = 0.4269, lr_0 = 5.5000e-04
Validation f1 = 0.000000
Validation auc = 0.524802
Validation ba = 0.500000
Validation mcc = 0.000000
Epoch 1
Loss = 6.7613e-01, PNorm = 34.0452, GNorm = 0.9221, lr_0 = 7.8571e-04
Loss = 6.7995e-01, PNorm = 34.0849, GNorm = 0.6863, lr_0 = 1.0000e-03
Validation f1 = 0.000000
Validation auc = 0.699858
Validation ba = 0.500000
Validation mcc = 0.000000
Epoch 2
Loss = 6.5048e-01, PNorm = 34.1621, GNorm = 1.2264, lr_0 = 9.5784e-04
Loss = 6.4758e-01, PNorm = 34.2375, GNorm = 1.1365, lr_0 = 9.2106e-04
Validation f1 = 0.547945
Validation auc = 0.745210
Validation ba = 0.654082
Validation mcc = 0.345419
Epoch 3
Loss = 6.3997e-01, PNorm = 34.3263, GNorm = 0.4681, lr_0 = 8.8568e-04
Loss = 6.0915e-01, PNorm = 34.4228, GNorm = 0.8611, lr_0 = 8.5167e-04
Validation f1 = 0.752089
Validation auc = 0.796003
Validation ba = 0.638350
Validation mcc = 0.340338
Epoch 4
Loss = 6.6827e-01, PNorm = 34.5339, GNorm = 3.3405, lr_0 = 8.1576e-04
Loss = 5.7924e-01, PNorm = 34.6244, GNorm = 1.3543, lr_0 = 7.8444e-04
Validation f1 = 0.679104
Validation auc = 0.758078
Validation ba = 0.684524
Validation mcc = 0.368776
Epoch 5
Loss = 5.4652e-01, PNorm = 34.7293, GNorm = 1.1451, lr_0 = 7.5136e-04
Loss = 5.4562e-01, PNorm = 34.8404, GNorm = 2.4281, lr_0 = 7.2251e-04
Validation f1 = 0.769737
Validation auc = 0.779847
Validation ba = 0.731293
Validation mcc = 0.467514
Epoch 6
Loss = 4.8779e-01, PNorm = 34.9281, GNorm = 1.4389, lr_0 = 6.9476e-04
Loss = 5.1443e-01, PNorm = 35.0182, GNorm = 0.6760, lr_0 = 6.6808e-04
Validation f1 = 0.782334
Validation auc = 0.795890
Validation ba = 0.730102
Validation mcc = 0.475981
Epoch 7
Loss = 3.8287e-01, PNorm = 35.1218, GNorm = 1.3432, lr_0 = 6.3992e-04
Loss = 5.2166e-01, PNorm = 35.2049, GNorm = 1.3974, lr_0 = 6.1534e-04
Loss = 4.6278e-01, PNorm = 35.2869, GNorm = 3.9761, lr_0 = 5.9171e-04
Validation f1 = 0.727273
Validation auc = 0.805584
Validation ba = 0.723469
Validation mcc = 0.445026
Epoch 8
Loss = 4.7184e-01, PNorm = 35.3698, GNorm = 1.9512, lr_0 = 5.6899e-04
Loss = 4.6100e-01, PNorm = 35.4438, GNorm = 0.6055, lr_0 = 5.4714e-04
Validation f1 = 0.731884
Validation auc = 0.810346
Validation ba = 0.726871
Validation mcc = 0.451672
Epoch 9
Loss = 4.3239e-01, PNorm = 35.5381, GNorm = 1.2787, lr_0 = 5.2407e-04
Loss = 4.1377e-01, PNorm = 35.6191, GNorm = 1.4232, lr_0 = 5.0394e-04
Validation f1 = 0.741573
Validation auc = 0.809836
Validation ba = 0.749235
Validation mcc = 0.498469
Epoch 10
Loss = 4.1821e-01, PNorm = 35.7051, GNorm = 3.2122, lr_0 = 4.8270e-04
Loss = 3.7557e-01, PNorm = 35.7797, GNorm = 1.8025, lr_0 = 4.6416e-04
Validation f1 = 0.741007
Validation auc = 0.804110
Validation ba = 0.733673
Validation mcc = 0.465033
Epoch 11
Loss = 3.3307e-01, PNorm = 35.8497, GNorm = 0.8304, lr_0 = 4.4633e-04
Loss = 3.9228e-01, PNorm = 35.9227, GNorm = 2.1530, lr_0 = 4.2919e-04
Validation f1 = 0.747253
Validation auc = 0.810686
Validation ba = 0.746939
Validation mcc = 0.492123
Epoch 12
Loss = 3.4093e-01, PNorm = 35.9970, GNorm = 2.5084, lr_0 = 4.1110e-04
Loss = 3.5665e-01, PNorm = 36.0681, GNorm = 1.0446, lr_0 = 3.9531e-04
Validation f1 = 0.779874
Validation auc = 0.834099
Validation ba = 0.725935
Validation mcc = 0.468414
Epoch 13
Loss = 3.3426e-01, PNorm = 36.1267, GNorm = 1.6606, lr_0 = 3.7864e-04
Loss = 3.4552e-01, PNorm = 36.1853, GNorm = 1.2718, lr_0 = 3.6410e-04
Validation f1 = 0.752542
Validation auc = 0.811650
Validation ba = 0.723384
Validation mcc = 0.447124
Epoch 14
Loss = 3.1628e-01, PNorm = 36.2453, GNorm = 1.4389, lr_0 = 3.5012e-04
Loss = 3.3339e-01, PNorm = 36.2987, GNorm = 1.5008, lr_0 = 3.3668e-04
Loss = 3.0436e-01, PNorm = 36.3508, GNorm = 1.2096, lr_0 = 3.2375e-04
Loss = 2.2177e-01, PNorm = 36.3565, GNorm = 1.4585, lr_0 = 3.2248e-04
Validation f1 = 0.759857
Validation auc = 0.826559
Validation ba = 0.752211
Validation mcc = 0.501868
Epoch 15
Loss = 3.1212e-01, PNorm = 36.4104, GNorm = 4.1442, lr_0 = 3.1010e-04
Loss = 2.9100e-01, PNorm = 36.4619, GNorm = 1.9372, lr_0 = 2.9819e-04
Validation f1 = 0.796053
Validation auc = 0.842942
Validation ba = 0.761565
Validation mcc = 0.528703
Epoch 16
Loss = 2.9523e-01, PNorm = 36.5134, GNorm = 1.5518, lr_0 = 2.8674e-04
Loss = 2.8826e-01, PNorm = 36.5560, GNorm = 0.6771, lr_0 = 2.7573e-04
Validation f1 = 0.784173
Validation auc = 0.843396
Validation ba = 0.779082
Validation mcc = 0.555399
Epoch 17
Loss = 2.7506e-01, PNorm = 36.5970, GNorm = 2.8175, lr_0 = 2.6410e-04
Loss = 2.8236e-01, PNorm = 36.6331, GNorm = 0.9772, lr_0 = 2.5396e-04
Validation f1 = 0.780488
Validation auc = 0.850652
Validation ba = 0.764286
Validation mcc = 0.526486
Epoch 18
Loss = 2.3697e-01, PNorm = 36.6733, GNorm = 1.1364, lr_0 = 2.4325e-04
Loss = 2.7613e-01, PNorm = 36.7122, GNorm = 2.0018, lr_0 = 2.3391e-04
Validation f1 = 0.768061
Validation auc = 0.852636
Validation ba = 0.781037
Validation mcc = 0.564061
Epoch 19
Loss = 2.4962e-01, PNorm = 36.7444, GNorm = 1.4935, lr_0 = 2.2493e-04
Loss = 2.4788e-01, PNorm = 36.7751, GNorm = 1.3529, lr_0 = 2.1629e-04
Validation f1 = 0.786667
Validation auc = 0.845720
Validation ba = 0.755527
Validation mcc = 0.513947
Epoch 20
Loss = 1.8432e-01, PNorm = 36.8101, GNorm = 0.9186, lr_0 = 2.0717e-04
Loss = 2.7005e-01, PNorm = 36.8417, GNorm = 1.3776, lr_0 = 1.9921e-04
Validation f1 = 0.800000
Validation auc = 0.843906
Validation ba = 0.799150
Validation mcc = 0.595738
Epoch 21
Loss = 2.6385e-01, PNorm = 36.8728, GNorm = 2.1755, lr_0 = 1.9081e-04
Loss = 2.5113e-01, PNorm = 36.9007, GNorm = 5.2754, lr_0 = 1.8349e-04
Loss = 2.3623e-01, PNorm = 36.9268, GNorm = 1.2802, lr_0 = 1.7644e-04
Validation f1 = 0.772727
Validation auc = 0.859779
Validation ba = 0.784439
Validation mcc = 0.570334
Epoch 22
Loss = 2.2629e-01, PNorm = 36.9520, GNorm = 3.4459, lr_0 = 1.6966e-04
Loss = 2.6222e-01, PNorm = 36.9752, GNorm = 0.7954, lr_0 = 1.6315e-04
Validation f1 = 0.782875
Validation auc = 0.850822
Validation ba = 0.718707
Validation mcc = 0.464245
Epoch 23
Loss = 2.4987e-01, PNorm = 37.0015, GNorm = 1.7414, lr_0 = 1.5627e-04
Loss = 2.3726e-01, PNorm = 37.0232, GNorm = 2.7364, lr_0 = 1.5027e-04
Validation f1 = 0.767528
Validation auc = 0.854110
Validation ba = 0.770408
Validation mcc = 0.539412
Epoch 24
Loss = 2.2185e-01, PNorm = 37.0406, GNorm = 2.0142, lr_0 = 1.4450e-04
Loss = 2.4066e-01, PNorm = 37.0607, GNorm = 2.7193, lr_0 = 1.3895e-04
Validation f1 = 0.806452
Validation auc = 0.858702
Validation ba = 0.766837
Validation mcc = 0.544395
Epoch 25
Loss = 1.6744e-01, PNorm = 37.0802, GNorm = 0.6608, lr_0 = 1.3309e-04
Loss = 2.1762e-01, PNorm = 37.0985, GNorm = 1.2419, lr_0 = 1.2798e-04
Validation f1 = 0.815789
Validation auc = 0.864144
Validation ba = 0.784269
Validation mcc = 0.574595
Epoch 26
Loss = 2.3038e-01, PNorm = 37.1178, GNorm = 1.3675, lr_0 = 1.2258e-04
Loss = 2.0767e-01, PNorm = 37.1344, GNorm = 1.0072, lr_0 = 1.1788e-04
Validation f1 = 0.801444
Validation auc = 0.862670
Validation ba = 0.798384
Validation mcc = 0.593914
Epoch 27
Loss = 1.5951e-01, PNorm = 37.1511, GNorm = 0.9475, lr_0 = 1.1335e-04
Loss = 2.0794e-01, PNorm = 37.1655, GNorm = 1.1152, lr_0 = 1.0900e-04
Validation f1 = 0.808511
Validation auc = 0.871060
Validation ba = 0.748214
Validation mcc = 0.530104
Epoch 28
Loss = 2.9830e-01, PNorm = 37.1821, GNorm = 5.2239, lr_0 = 1.0440e-04
Loss = 2.2688e-01, PNorm = 37.1955, GNorm = 2.7716, lr_0 = 1.0039e-04
Loss = 1.9987e-01, PNorm = 37.2086, GNorm = 2.3426, lr_0 = 1.0000e-04
Validation f1 = 0.798535
Validation auc = 0.867432
Validation ba = 0.799915
Validation mcc = 0.597699
Epoch 29
Loss = 2.0670e-01, PNorm = 37.2204, GNorm = 3.9598, lr_0 = 1.0000e-04
Loss = 2.1616e-01, PNorm = 37.2348, GNorm = 5.1693, lr_0 = 1.0000e-04
Validation f1 = 0.812287
Validation auc = 0.861253
Validation ba = 0.792262
Validation mcc = 0.584094
Model 0 best validation f1 = 0.815789 on epoch 25
Loading pretrained parameter "encoder.encoder.0.cached_zero_vector".
Loading pretrained parameter "encoder.encoder.0.W_i.weight".
Loading pretrained parameter "encoder.encoder.0.W_h.weight".
Loading pretrained parameter "encoder.encoder.0.W_o.weight".
Loading pretrained parameter "encoder.encoder.0.W_o.bias".
Loading pretrained parameter "ffn.1.weight".
Loading pretrained parameter "ffn.1.bias".
Loading pretrained parameter "ffn.4.weight".
Loading pretrained parameter "ffn.4.bias".
Model 0 test f1 = 0.770791
Model 0 test auc = 0.894744
Model 0 test ba = 0.808676
Model 0 test mcc = 0.605443
Ensemble test f1 = 0.770791
Ensemble test auc = 0.894744
Ensemble test ba = 0.808676
Ensemble test mcc = 0.605443
1-fold cross validation
	Seed 300 ==> test f1 = 0.770791
	Seed 300 ==> test auc = 0.894744
	Seed 300 ==> test ba = 0.808676
	Seed 300 ==> test mcc = 0.605443
Overall test f1 = 0.770791 +/- 0.000000
Overall test auc = 0.894744 +/- 0.000000
Overall test ba = 0.808676 +/- 0.000000
Overall test mcc = 0.605443 +/- 0.000000
Elapsed time = 0:02:19
