Fold 0
Model 0 best validation f1 = 0.872038 on epoch 27
Model 0 test f1 = 0.758350
Model 0 test auc = 0.864773
Model 0 test ba = 0.791449
Model 0 test mcc = 0.573490
Ensemble test f1 = 0.758350
Ensemble test auc = 0.864773
Ensemble test ba = 0.791449
Ensemble test mcc = 0.573490
1-fold cross validation
	Seed 400 ==> test f1 = 0.758350
	Seed 400 ==> test auc = 0.864773
	Seed 400 ==> test ba = 0.791449
	Seed 400 ==> test mcc = 0.573490
Overall test f1 = 0.758350 +/- 0.000000
Overall test auc = 0.864773 +/- 0.000000
Overall test ba = 0.791449 +/- 0.000000
Overall test mcc = 0.573490 +/- 0.000000
Elapsed time = 0:02:22
