Command line
python D:\anaconda\envs\chemprop\Scripts\chemprop_train --data_path ../../data/refined_gabaa.csv --dataset_type classification --split_type scaffold_balanced --metric f1 --extra_metrics auc ba mcc --split_sizes 0.56 0.14 0.3 --seed 400 --save_dir result_scaffold_3
Args
{'activation': 'ReLU',
 'adding_h': False,
 'aggregation': 'mean',
 'aggregation_norm': 100,
 'atom_descriptor_scaling': True,
 'atom_descriptors': None,
 'atom_descriptors_path': None,
 'atom_descriptors_size': 0,
 'atom_features_size': 0,
 'atom_messages': False,
 'batch_size': 50,
 'bias': False,
 'bias_solvent': False,
 'bond_feature_scaling': True,
 'bond_features_path': None,
 'bond_features_size': 0,
 'cache_cutoff': 10000,
 'checkpoint_dir': None,
 'checkpoint_frzn': None,
 'checkpoint_path': None,
 'checkpoint_paths': None,
 'class_balance': False,
 'config_path': None,
 'crossval_index_dir': None,
 'crossval_index_file': None,
 'crossval_index_sets': None,
 'cuda': False,
 'data_path': '../../data/refined_gabaa.csv',
 'data_weights_path': None,
 'dataset_type': 'classification',
 'depth': 3,
 'depth_solvent': 3,
 'device': device(type='cpu'),
 'dropout': 0.0,
 'empty_cache': False,
 'ensemble_size': 1,
 'epochs': 30,
 'evidential_regularization': 0,
 'explicit_h': False,
 'extra_metrics': ['auc', 'ba', 'mcc'],
 'features_generator': None,
 'features_only': False,
 'features_path': None,
 'features_scaling': True,
 'features_size': None,
 'ffn_hidden_size': 300,
 'ffn_num_layers': 2,
 'final_lr': 0.0001,
 'folds_file': None,
 'freeze_first_only': False,
 'frzn_ffn_layers': 0,
 'gpu': None,
 'grad_clip': None,
 'hidden_size': 300,
 'hidden_size_solvent': 300,
 'ignore_columns': None,
 'init_lr': 0.0001,
 'log_frequency': 10,
 'loss_function': 'binary_cross_entropy',
 'max_data_size': None,
 'max_lr': 0.001,
 'metric': 'f1',
 'metrics': ['f1', 'auc', 'ba', 'mcc'],
 'minimize_score': False,
 'mpn_shared': False,
 'multiclass_num_classes': 3,
 'no_atom_descriptor_scaling': False,
 'no_bond_features_scaling': False,
 'no_cache_mol': False,
 'no_cuda': False,
 'no_features_scaling': False,
 'num_folds': 1,
 'num_lrs': 1,
 'num_tasks': 1,
 'num_workers': 8,
 'number_of_molecules': 1,
 'overwrite_default_atom_features': False,
 'overwrite_default_bond_features': False,
 'phase_features_path': None,
 'pytorch_seed': 0,
 'quiet': False,
 'reaction': False,
 'reaction_mode': 'reac_diff',
 'reaction_solvent': False,
 'resume_experiment': False,
 'save_dir': 'result_scaffold_3',
 'save_preds': False,
 'save_smiles_splits': False,
 'seed': 400,
 'separate_test_atom_descriptors_path': None,
 'separate_test_bond_features_path': None,
 'separate_test_features_path': None,
 'separate_test_path': None,
 'separate_test_phase_features_path': None,
 'separate_val_atom_descriptors_path': None,
 'separate_val_bond_features_path': None,
 'separate_val_features_path': None,
 'separate_val_path': None,
 'separate_val_phase_features_path': None,
 'show_individual_scores': False,
 'smiles_columns': ['smiles'],
 'spectra_activation': 'exp',
 'spectra_phase_mask_path': None,
 'spectra_target_floor': 1e-08,
 'split_key_molecule': 0,
 'split_sizes': [0.56, 0.14, 0.3],
 'split_type': 'scaffold_balanced',
 'target_columns': None,
 'target_weights': None,
 'task_names': ['label'],
 'test': False,
 'test_fold_index': None,
 'train_data_size': None,
 'undirected': False,
 'use_input_features': False,
 'val_fold_index': None,
 'warmup_epochs': 2.0}
Setting molecule featurization parameters to default.
Loading data
Number of tasks = 1
Fold 0
Splitting data with seed 400
Total scaffolds = 921 | train scaffolds = 580 | val scaffolds = 108 | test scaffolds = 233
Label averages per scaffold, in decreasing order of scaffold frequency,capped at 10 scaffolds and 20 labels:
Scaffold 0
Task 0: count = 63 | target average = 0.000000


Scaffold 1
Task 0: count = 55 | target average = 0.745455


Scaffold 2
Task 0: count = 51 | target average = 0.117647


Scaffold 3
Task 0: count = 44 | target average = 0.272727


Scaffold 4
Task 0: count = 31 | target average = 0.000000


Scaffold 5
Task 0: count = 26 | target average = 0.000000


Scaffold 6
Task 0: count = 24 | target average = 0.000000


Scaffold 7
Task 0: count = 22 | target average = 0.000000


Scaffold 8
Task 0: count = 21 | target average = 0.142857


Scaffold 9
Task 0: count = 21 | target average = 0.047619


Class sizes
label 0: 56.68%, 1: 43.32%
Total size = 1,909 | train size = 1,069 | val size = 267 | test size = 573
Building model 0
MoleculeModel(
  (sigmoid): Sigmoid()
  (encoder): MPN(
    (encoder): ModuleList(
      (0): MPNEncoder(
        (dropout_layer): Dropout(p=0.0, inplace=False)
        (act_func): ReLU()
        (W_i): Linear(in_features=147, out_features=300, bias=False)
        (W_h): Linear(in_features=300, out_features=300, bias=False)
        (W_o): Linear(in_features=433, out_features=300, bias=True)
      )
    )
  )
  (ffn): Sequential(
    (0): Dropout(p=0.0, inplace=False)
    (1): Linear(in_features=300, out_features=300, bias=True)
    (2): ReLU()
    (3): Dropout(p=0.0, inplace=False)
    (4): Linear(in_features=300, out_features=1, bias=True)
  )
)
Number of parameters = 355,201
Epoch 0
Loss = 6.8824e-01, PNorm = 34.0128, GNorm = 0.7188, lr_0 = 3.3571e-04
Loss = 6.8292e-01, PNorm = 34.0237, GNorm = 0.4794, lr_0 = 5.5000e-04
Validation f1 = 0.130081
Validation auc = 0.644317
Validation ba = 0.523216
Validation mcc = 0.110451
Epoch 1
Loss = 6.7874e-01, PNorm = 34.0531, GNorm = 0.5276, lr_0 = 7.8571e-04
Loss = 6.4876e-01, PNorm = 34.1108, GNorm = 0.3884, lr_0 = 1.0000e-03
Validation f1 = 0.017857
Validation auc = 0.628176
Validation ba = 0.504505
Validation mcc = 0.072688
Epoch 2
Loss = 6.8125e-01, PNorm = 34.1841, GNorm = 1.0773, lr_0 = 9.5784e-04
Loss = 6.7788e-01, PNorm = 34.2584, GNorm = 0.8916, lr_0 = 9.2106e-04
Validation f1 = 0.017857
Validation auc = 0.535690
Validation ba = 0.504505
Validation mcc = 0.072688
Epoch 3
Loss = 6.4746e-01, PNorm = 34.3434, GNorm = 0.7915, lr_0 = 8.8568e-04
Loss = 6.1882e-01, PNorm = 34.4354, GNorm = 0.3847, lr_0 = 8.5167e-04
Validation f1 = 0.651613
Validation auc = 0.610967
Validation ba = 0.640852
Validation mcc = 0.318667
Epoch 4
Loss = 5.8125e-01, PNorm = 34.5456, GNorm = 1.7527, lr_0 = 8.1576e-04
Loss = 5.3714e-01, PNorm = 34.6522, GNorm = 2.5499, lr_0 = 7.8444e-04
Validation f1 = 0.611940
Validation auc = 0.698516
Validation ba = 0.628985
Validation mcc = 0.258313
Epoch 5
Loss = 4.9065e-01, PNorm = 34.7466, GNorm = 0.8122, lr_0 = 7.5136e-04
Loss = 5.1479e-01, PNorm = 34.8329, GNorm = 2.7621, lr_0 = 7.2251e-04
Validation f1 = 0.662116
Validation auc = 0.782196
Validation ba = 0.664501
Validation mcc = 0.348079
Epoch 6
Loss = 5.2638e-01, PNorm = 34.9147, GNorm = 2.0181, lr_0 = 6.9476e-04
Loss = 4.8625e-01, PNorm = 34.9982, GNorm = 0.7863, lr_0 = 6.6808e-04
Validation f1 = 0.567901
Validation auc = 0.832352
Validation ba = 0.691182
Validation mcc = 0.479389
Epoch 7
Loss = 4.4223e-01, PNorm = 35.0875, GNorm = 1.6384, lr_0 = 6.3992e-04
Loss = 4.8297e-01, PNorm = 35.1601, GNorm = 0.9785, lr_0 = 6.1534e-04
Loss = 4.3824e-01, PNorm = 35.2363, GNorm = 0.9577, lr_0 = 5.9171e-04
Validation f1 = 0.720721
Validation auc = 0.829955
Validation ba = 0.761001
Validation mcc = 0.522003
Epoch 8
Loss = 4.6268e-01, PNorm = 35.3152, GNorm = 1.9079, lr_0 = 5.6899e-04
Loss = 4.3509e-01, PNorm = 35.3869, GNorm = 1.7724, lr_0 = 5.4714e-04
Validation f1 = 0.715596
Validation auc = 0.845490
Validation ba = 0.758403
Validation mcc = 0.519755
Epoch 9
Loss = 4.4095e-01, PNorm = 35.4558, GNorm = 1.0865, lr_0 = 5.2407e-04
Loss = 4.3548e-01, PNorm = 35.5290, GNorm = 1.9160, lr_0 = 5.0394e-04
Validation f1 = 0.732673
Validation auc = 0.868619
Validation ba = 0.778846
Validation mcc = 0.579884
Epoch 10
Loss = 4.0629e-01, PNorm = 35.6065, GNorm = 0.7024, lr_0 = 4.8270e-04
Loss = 4.0650e-01, PNorm = 35.6762, GNorm = 1.8167, lr_0 = 4.6416e-04
Validation f1 = 0.730159
Validation auc = 0.876848
Validation ba = 0.781965
Validation mcc = 0.611182
Epoch 11
Loss = 3.8715e-01, PNorm = 35.7464, GNorm = 2.3210, lr_0 = 4.4633e-04
Loss = 3.6720e-01, PNorm = 35.8146, GNorm = 1.3185, lr_0 = 4.2919e-04
Validation f1 = 0.753769
Validation auc = 0.876906
Validation ba = 0.796171
Validation mcc = 0.621053
Epoch 12
Loss = 3.8134e-01, PNorm = 35.8851, GNorm = 0.6762, lr_0 = 4.1110e-04
Loss = 3.2966e-01, PNorm = 35.9524, GNorm = 0.9118, lr_0 = 3.9531e-04
Validation f1 = 0.744898
Validation auc = 0.877772
Validation ba = 0.790367
Validation mcc = 0.614407
Epoch 13
Loss = 3.4024e-01, PNorm = 36.0272, GNorm = 1.5749, lr_0 = 3.7864e-04
Loss = 3.7137e-01, PNorm = 36.0894, GNorm = 7.3686, lr_0 = 3.6410e-04
Validation f1 = 0.780876
Validation auc = 0.884067
Validation ba = 0.806826
Validation mcc = 0.605592
Epoch 14
Loss = 4.9711e-01, PNorm = 36.1404, GNorm = 4.3404, lr_0 = 3.5012e-04
Loss = 3.8653e-01, PNorm = 36.1931, GNorm = 1.4658, lr_0 = 3.3668e-04
Loss = 3.2895e-01, PNorm = 36.2418, GNorm = 0.7670, lr_0 = 3.2375e-04
Loss = 3.3463e-01, PNorm = 36.2462, GNorm = 3.4301, lr_0 = 3.2248e-04
Validation f1 = 0.800000
Validation auc = 0.885799
Validation ba = 0.827876
Validation mcc = 0.650218
Epoch 15
Loss = 3.3135e-01, PNorm = 36.3016, GNorm = 2.5835, lr_0 = 3.1010e-04
Loss = 3.1133e-01, PNorm = 36.3521, GNorm = 1.5087, lr_0 = 2.9819e-04
Validation f1 = 0.796020
Validation auc = 0.889842
Validation ba = 0.828309
Validation mcc = 0.684587
Epoch 16
Loss = 2.9136e-01, PNorm = 36.4003, GNorm = 0.8438, lr_0 = 2.8674e-04
Loss = 2.8436e-01, PNorm = 36.4451, GNorm = 0.7764, lr_0 = 2.7573e-04
Validation f1 = 0.844037
Validation auc = 0.892094
Validation ba = 0.866337
Validation mcc = 0.736857
Epoch 17
Loss = 2.8084e-01, PNorm = 36.4976, GNorm = 1.1302, lr_0 = 2.6410e-04
Loss = 2.4728e-01, PNorm = 36.5425, GNorm = 1.1479, lr_0 = 2.5396e-04
Validation f1 = 0.857143
Validation auc = 0.893162
Validation ba = 0.877252
Validation mcc = 0.760011
Epoch 18
Loss = 2.8003e-01, PNorm = 36.5929, GNorm = 1.8405, lr_0 = 2.4325e-04
Loss = 2.2441e-01, PNorm = 36.6372, GNorm = 2.0683, lr_0 = 2.3391e-04
Validation f1 = 0.795918
Validation auc = 0.894173
Validation ba = 0.828915
Validation mcc = 0.695974
Epoch 19
Loss = 2.6355e-01, PNorm = 36.6765, GNorm = 2.1689, lr_0 = 2.2493e-04
Loss = 2.7584e-01, PNorm = 36.7112, GNorm = 2.3295, lr_0 = 2.1629e-04
Validation f1 = 0.843049
Validation auc = 0.902605
Validation ba = 0.865731
Validation mcc = 0.730535
Epoch 20
Loss = 2.8282e-01, PNorm = 36.7512, GNorm = 2.2427, lr_0 = 2.0717e-04
Loss = 2.0686e-01, PNorm = 36.7834, GNorm = 1.6086, lr_0 = 1.9921e-04
Validation f1 = 0.847619
Validation auc = 0.899602
Validation ba = 0.868850
Validation mcc = 0.752716
Epoch 21
Loss = 1.3713e-01, PNorm = 36.8198, GNorm = 0.9156, lr_0 = 1.9081e-04
Loss = 2.2265e-01, PNorm = 36.8527, GNorm = 2.1372, lr_0 = 1.8349e-04
Loss = 2.2262e-01, PNorm = 36.8812, GNorm = 1.2966, lr_0 = 1.7644e-04
Validation f1 = 0.835821
Validation auc = 0.901565
Validation ba = 0.859148
Validation mcc = 0.748891
Epoch 22
Loss = 2.3077e-01, PNorm = 36.9074, GNorm = 0.5965, lr_0 = 1.6966e-04
Loss = 1.8922e-01, PNorm = 36.9344, GNorm = 1.9694, lr_0 = 1.6315e-04
Validation f1 = 0.857143
Validation auc = 0.899024
Validation ba = 0.877252
Validation mcc = 0.760011
Epoch 23
Loss = 1.8428e-01, PNorm = 36.9603, GNorm = 1.5023, lr_0 = 1.5627e-04
Loss = 2.2896e-01, PNorm = 36.9852, GNorm = 0.6986, lr_0 = 1.5027e-04
Validation f1 = 0.854545
Validation auc = 0.901507
Validation ba = 0.875347
Validation mcc = 0.752739
Epoch 24
Loss = 1.6908e-01, PNorm = 37.0060, GNorm = 1.0676, lr_0 = 1.4450e-04
Loss = 1.9546e-01, PNorm = 37.0264, GNorm = 1.7153, lr_0 = 1.3895e-04
Validation f1 = 0.830000
Validation auc = 0.908235
Validation ba = 0.854643
Validation mcc = 0.741550
Epoch 25
Loss = 1.6822e-01, PNorm = 37.0481, GNorm = 2.2592, lr_0 = 1.3309e-04
Loss = 2.2682e-01, PNorm = 37.0681, GNorm = 3.0478, lr_0 = 1.2798e-04
Validation f1 = 0.851485
Validation auc = 0.900064
Validation ba = 0.871362
Validation mcc = 0.772278
Epoch 26
Loss = 2.3460e-01, PNorm = 37.0874, GNorm = 2.7801, lr_0 = 1.2258e-04
Loss = 1.6396e-01, PNorm = 37.1055, GNorm = 1.0529, lr_0 = 1.1788e-04
Validation f1 = 0.852941
Validation auc = 0.909708
Validation ba = 0.872661
Validation mcc = 0.770995
Epoch 27
Loss = 1.3416e-01, PNorm = 37.1230, GNorm = 0.7440, lr_0 = 1.1335e-04
Loss = 1.6850e-01, PNorm = 37.1392, GNorm = 1.4433, lr_0 = 1.0900e-04
Validation f1 = 0.872038
Validation auc = 0.902691
Validation ba = 0.888773
Validation mcc = 0.791757
Epoch 28
Loss = 1.6164e-01, PNorm = 37.1569, GNorm = 1.5361, lr_0 = 1.0440e-04
Loss = 1.7287e-01, PNorm = 37.1709, GNorm = 3.5041, lr_0 = 1.0039e-04
Loss = 1.8790e-01, PNorm = 37.1847, GNorm = 1.4653, lr_0 = 1.0000e-04
Validation f1 = 0.831169
Validation auc = 0.903240
Validation ba = 0.855509
Validation mcc = 0.704459
Epoch 29
Loss = 1.9777e-01, PNorm = 37.1994, GNorm = 1.0360, lr_0 = 1.0000e-04
Loss = 1.7227e-01, PNorm = 37.2134, GNorm = 5.5650, lr_0 = 1.0000e-04
Validation f1 = 0.861244
Validation auc = 0.910083
Validation ba = 0.879764
Validation mcc = 0.776625
Model 0 best validation f1 = 0.872038 on epoch 27
Loading pretrained parameter "encoder.encoder.0.cached_zero_vector".
Loading pretrained parameter "encoder.encoder.0.W_i.weight".
Loading pretrained parameter "encoder.encoder.0.W_h.weight".
Loading pretrained parameter "encoder.encoder.0.W_o.weight".
Loading pretrained parameter "encoder.encoder.0.W_o.bias".
Loading pretrained parameter "ffn.1.weight".
Loading pretrained parameter "ffn.1.bias".
Loading pretrained parameter "ffn.4.weight".
Loading pretrained parameter "ffn.4.bias".
Model 0 test f1 = 0.758350
Model 0 test auc = 0.864773
Model 0 test ba = 0.791449
Model 0 test mcc = 0.573490
Ensemble test f1 = 0.758350
Ensemble test auc = 0.864773
Ensemble test ba = 0.791449
Ensemble test mcc = 0.573490
1-fold cross validation
	Seed 400 ==> test f1 = 0.758350
	Seed 400 ==> test auc = 0.864773
	Seed 400 ==> test ba = 0.791449
	Seed 400 ==> test mcc = 0.573490
Overall test f1 = 0.758350 +/- 0.000000
Overall test auc = 0.864773 +/- 0.000000
Overall test ba = 0.791449 +/- 0.000000
Overall test mcc = 0.573490 +/- 0.000000
Elapsed time = 0:02:22
