Fold 0
Model 0 best validation f1 = 0.805634 on epoch 29
Model 0 test f1 = 0.776892
Model 0 test auc = 0.875781
Model 0 test ba = 0.806679
Model 0 test mcc = 0.606378
Ensemble test f1 = 0.776892
Ensemble test auc = 0.875781
Ensemble test ba = 0.806679
Ensemble test mcc = 0.606378
1-fold cross validation
	Seed 100 ==> test f1 = 0.776892
	Seed 100 ==> test auc = 0.875781
	Seed 100 ==> test ba = 0.806679
	Seed 100 ==> test mcc = 0.606378
Overall test f1 = 0.776892 +/- 0.000000
Overall test auc = 0.875781 +/- 0.000000
Overall test ba = 0.806679 +/- 0.000000
Overall test mcc = 0.606378 +/- 0.000000
Elapsed time = 0:02:38
