Command line
python D:\anaconda\envs\chemprop\Scripts\chemprop_train --data_path ../../data/refined_gabaa.csv --dataset_type classification --split_type scaffold_balanced --metric f1 --extra_metrics auc ba mcc --split_sizes 0.56 0.14 0.3 --seed 100 --save_dir result_scaffold_0
Args
{'activation': 'ReLU',
 'adding_h': False,
 'aggregation': 'mean',
 'aggregation_norm': 100,
 'atom_descriptor_scaling': True,
 'atom_descriptors': None,
 'atom_descriptors_path': None,
 'atom_descriptors_size': 0,
 'atom_features_size': 0,
 'atom_messages': False,
 'batch_size': 50,
 'bias': False,
 'bias_solvent': False,
 'bond_feature_scaling': True,
 'bond_features_path': None,
 'bond_features_size': 0,
 'cache_cutoff': 10000,
 'checkpoint_dir': None,
 'checkpoint_frzn': None,
 'checkpoint_path': None,
 'checkpoint_paths': None,
 'class_balance': False,
 'config_path': None,
 'crossval_index_dir': None,
 'crossval_index_file': None,
 'crossval_index_sets': None,
 'cuda': False,
 'data_path': '../../data/refined_gabaa.csv',
 'data_weights_path': None,
 'dataset_type': 'classification',
 'depth': 3,
 'depth_solvent': 3,
 'device': device(type='cpu'),
 'dropout': 0.0,
 'empty_cache': False,
 'ensemble_size': 1,
 'epochs': 30,
 'evidential_regularization': 0,
 'explicit_h': False,
 'extra_metrics': ['auc', 'ba', 'mcc'],
 'features_generator': None,
 'features_only': False,
 'features_path': None,
 'features_scaling': True,
 'features_size': None,
 'ffn_hidden_size': 300,
 'ffn_num_layers': 2,
 'final_lr': 0.0001,
 'folds_file': None,
 'freeze_first_only': False,
 'frzn_ffn_layers': 0,
 'gpu': None,
 'grad_clip': None,
 'hidden_size': 300,
 'hidden_size_solvent': 300,
 'ignore_columns': None,
 'init_lr': 0.0001,
 'log_frequency': 10,
 'loss_function': 'binary_cross_entropy',
 'max_data_size': None,
 'max_lr': 0.001,
 'metric': 'f1',
 'metrics': ['f1', 'auc', 'ba', 'mcc'],
 'minimize_score': False,
 'mpn_shared': False,
 'multiclass_num_classes': 3,
 'no_atom_descriptor_scaling': False,
 'no_bond_features_scaling': False,
 'no_cache_mol': False,
 'no_cuda': False,
 'no_features_scaling': False,
 'num_folds': 1,
 'num_lrs': 1,
 'num_tasks': 1,
 'num_workers': 8,
 'number_of_molecules': 1,
 'overwrite_default_atom_features': False,
 'overwrite_default_bond_features': False,
 'phase_features_path': None,
 'pytorch_seed': 0,
 'quiet': False,
 'reaction': False,
 'reaction_mode': 'reac_diff',
 'reaction_solvent': False,
 'resume_experiment': False,
 'save_dir': 'result_scaffold_0',
 'save_preds': False,
 'save_smiles_splits': False,
 'seed': 100,
 'separate_test_atom_descriptors_path': None,
 'separate_test_bond_features_path': None,
 'separate_test_features_path': None,
 'separate_test_path': None,
 'separate_test_phase_features_path': None,
 'separate_val_atom_descriptors_path': None,
 'separate_val_bond_features_path': None,
 'separate_val_features_path': None,
 'separate_val_path': None,
 'separate_val_phase_features_path': None,
 'show_individual_scores': False,
 'smiles_columns': ['smiles'],
 'spectra_activation': 'exp',
 'spectra_phase_mask_path': None,
 'spectra_target_floor': 1e-08,
 'split_key_molecule': 0,
 'split_sizes': [0.56, 0.14, 0.3],
 'split_type': 'scaffold_balanced',
 'target_columns': None,
 'target_weights': None,
 'task_names': ['label'],
 'test': False,
 'test_fold_index': None,
 'train_data_size': None,
 'undirected': False,
 'use_input_features': False,
 'val_fold_index': None,
 'warmup_epochs': 2.0}
Setting molecule featurization parameters to default.
Loading data
Number of tasks = 1
Fold 0
Splitting data with seed 100
Total scaffolds = 921 | train scaffolds = 511 | val scaffolds = 134 | test scaffolds = 276
Label averages per scaffold, in decreasing order of scaffold frequency,capped at 10 scaffolds and 20 labels:
Scaffold 0
Task 0: count = 63 | target average = 0.000000


Scaffold 1
Task 0: count = 55 | target average = 0.745455


Scaffold 2
Task 0: count = 51 | target average = 0.117647


Scaffold 3
Task 0: count = 44 | target average = 0.272727


Scaffold 4
Task 0: count = 31 | target average = 0.000000


Scaffold 5
Task 0: count = 26 | target average = 0.000000


Scaffold 6
Task 0: count = 24 | target average = 0.000000


Scaffold 7
Task 0: count = 22 | target average = 0.000000


Scaffold 8
Task 0: count = 21 | target average = 0.047619


Scaffold 9
Task 0: count = 21 | target average = 0.142857


Class sizes
label 0: 56.68%, 1: 43.32%
Total size = 1,909 | train size = 1,069 | val size = 267 | test size = 573
Building model 0
MoleculeModel(
  (sigmoid): Sigmoid()
  (encoder): MPN(
    (encoder): ModuleList(
      (0): MPNEncoder(
        (dropout_layer): Dropout(p=0.0, inplace=False)
        (act_func): ReLU()
        (W_i): Linear(in_features=147, out_features=300, bias=False)
        (W_h): Linear(in_features=300, out_features=300, bias=False)
        (W_o): Linear(in_features=433, out_features=300, bias=True)
      )
    )
  )
  (ffn): Sequential(
    (0): Dropout(p=0.0, inplace=False)
    (1): Linear(in_features=300, out_features=300, bias=True)
    (2): ReLU()
    (3): Dropout(p=0.0, inplace=False)
    (4): Linear(in_features=300, out_features=1, bias=True)
  )
)
Number of parameters = 355,201
Epoch 0
Loss = 6.8222e-01, PNorm = 34.0114, GNorm = 0.9466, lr_0 = 3.3571e-04
Loss = 6.7852e-01, PNorm = 34.0189, GNorm = 1.0898, lr_0 = 5.5000e-04
Validation f1 = 0.093567
Validation auc = 0.519422
Validation ba = 0.510981
Validation mcc = 0.054153
Epoch 1
Loss = 6.6010e-01, PNorm = 34.0446, GNorm = 0.4809, lr_0 = 7.8571e-04
Loss = 6.3290e-01, PNorm = 34.1040, GNorm = 3.4810, lr_0 = 1.0000e-03
Validation f1 = 0.600660
Validation auc = 0.549971
Validation ba = 0.541384
Validation mcc = 0.081328
Epoch 2
Loss = 6.4701e-01, PNorm = 34.1611, GNorm = 0.8601, lr_0 = 9.5784e-04
Loss = 6.1715e-01, PNorm = 34.2396, GNorm = 1.7935, lr_0 = 9.2106e-04
Validation f1 = 0.447257
Validation auc = 0.582506
Validation ba = 0.553475
Validation mcc = 0.115695
Epoch 3
Loss = 5.7697e-01, PNorm = 34.3255, GNorm = 2.9359, lr_0 = 8.8568e-04
Loss = 5.8670e-01, PNorm = 34.4072, GNorm = 2.4924, lr_0 = 8.5167e-04
Validation f1 = 0.605839
Validation auc = 0.600613
Validation ba = 0.614515
Validation mcc = 0.226906
Epoch 4
Loss = 5.0731e-01, PNorm = 34.5177, GNorm = 0.4303, lr_0 = 8.1576e-04
Loss = 4.9273e-01, PNorm = 34.6134, GNorm = 1.5659, lr_0 = 7.8444e-04
Validation f1 = 0.648276
Validation auc = 0.626489
Validation ba = 0.625526
Validation mcc = 0.246140
Epoch 5
Loss = 4.3093e-01, PNorm = 34.7065, GNorm = 0.5989, lr_0 = 7.5136e-04
Loss = 5.0111e-01, PNorm = 34.7813, GNorm = 2.6616, lr_0 = 7.2251e-04
Validation f1 = 0.688312
Validation auc = 0.655929
Validation ba = 0.634988
Validation mcc = 0.266179
Epoch 6
Loss = 4.8870e-01, PNorm = 34.8568, GNorm = 3.8002, lr_0 = 6.9476e-04
Loss = 4.8880e-01, PNorm = 34.9351, GNorm = 4.7827, lr_0 = 6.6808e-04
Validation f1 = 0.727811
Validation auc = 0.674124
Validation ba = 0.627366
Validation mcc = 0.264807
Epoch 7
Loss = 4.3460e-01, PNorm = 35.0121, GNorm = 1.3665, lr_0 = 6.3992e-04
Loss = 4.6657e-01, PNorm = 35.0798, GNorm = 1.4352, lr_0 = 6.1534e-04
Loss = 4.3325e-01, PNorm = 35.1551, GNorm = 3.7428, lr_0 = 5.9171e-04
Validation f1 = 0.726115
Validation auc = 0.679410
Validation ba = 0.669334
Validation mcc = 0.335913
Epoch 8
Loss = 3.8956e-01, PNorm = 35.2394, GNorm = 1.7067, lr_0 = 5.6899e-04
Loss = 4.3860e-01, PNorm = 35.3056, GNorm = 0.6871, lr_0 = 5.4714e-04
Validation f1 = 0.707792
Validation auc = 0.685835
Validation ba = 0.658382
Validation mcc = 0.312308
Epoch 9
Loss = 4.4622e-01, PNorm = 35.3651, GNorm = 2.9857, lr_0 = 5.2407e-04
Loss = 3.9918e-01, PNorm = 35.4231, GNorm = 2.5273, lr_0 = 5.0394e-04
Validation f1 = 0.502128
Validation auc = 0.683703
Validation ba = 0.609609
Validation mcc = 0.239026
Epoch 10
Loss = 4.2529e-01, PNorm = 35.4950, GNorm = 3.3369, lr_0 = 4.8270e-04
Loss = 3.7413e-01, PNorm = 35.5559, GNorm = 0.9084, lr_0 = 4.6416e-04
Validation f1 = 0.635036
Validation auc = 0.700175
Validation ba = 0.645707
Validation mcc = 0.288711
Epoch 11
Loss = 4.0731e-01, PNorm = 35.6200, GNorm = 3.3149, lr_0 = 4.4633e-04
Loss = 3.7663e-01, PNorm = 35.6756, GNorm = 2.5656, lr_0 = 4.2919e-04
Validation f1 = 0.707483
Validation auc = 0.717144
Validation ba = 0.684813
Validation mcc = 0.362273
Epoch 12
Loss = 3.4386e-01, PNorm = 35.7260, GNorm = 1.3869, lr_0 = 4.1110e-04
Loss = 3.4816e-01, PNorm = 35.7761, GNorm = 1.4762, lr_0 = 3.9531e-04
Validation f1 = 0.736196
Validation auc = 0.730491
Validation ba = 0.660047
Validation mcc = 0.323455
Epoch 13
Loss = 4.0028e-01, PNorm = 35.8341, GNorm = 1.5774, lr_0 = 3.7864e-04
Loss = 3.3017e-01, PNorm = 35.8817, GNorm = 2.6330, lr_0 = 3.6410e-04
Validation f1 = 0.701031
Validation auc = 0.733732
Validation ba = 0.683236
Validation mcc = 0.359242
Epoch 14
Loss = 3.5035e-01, PNorm = 35.9351, GNorm = 2.0782, lr_0 = 3.5012e-04
Loss = 3.2035e-01, PNorm = 35.9821, GNorm = 1.2448, lr_0 = 3.3668e-04
Loss = 2.9254e-01, PNorm = 36.0349, GNorm = 2.9035, lr_0 = 3.2375e-04
Loss = 2.6470e-01, PNorm = 36.0395, GNorm = 2.9689, lr_0 = 3.2248e-04
Validation f1 = 0.734328
Validation auc = 0.756279
Validation ba = 0.641384
Validation mcc = 0.291588
Epoch 15
Loss = 3.3276e-01, PNorm = 36.0886, GNorm = 4.1966, lr_0 = 3.1010e-04
Loss = 2.7279e-01, PNorm = 36.1331, GNorm = 1.0969, lr_0 = 2.9819e-04
Validation f1 = 0.713333
Validation auc = 0.755199
Validation ba = 0.680169
Validation mcc = 0.353588
Epoch 16
Loss = 2.6514e-01, PNorm = 36.1726, GNorm = 0.8919, lr_0 = 2.8674e-04
Loss = 3.2780e-01, PNorm = 36.2090, GNorm = 5.4063, lr_0 = 2.7573e-04
Validation f1 = 0.697842
Validation auc = 0.759609
Validation ba = 0.704994
Validation mcc = 0.404566
Epoch 17
Loss = 2.7966e-01, PNorm = 36.2587, GNorm = 0.9572, lr_0 = 2.6410e-04
Loss = 2.8626e-01, PNorm = 36.2985, GNorm = 3.9132, lr_0 = 2.5396e-04
Validation f1 = 0.735202
Validation auc = 0.773306
Validation ba = 0.667815
Validation mcc = 0.336161
Epoch 18
Loss = 2.6593e-01, PNorm = 36.3336, GNorm = 1.5455, lr_0 = 2.4325e-04
Loss = 2.4729e-01, PNorm = 36.3689, GNorm = 1.6799, lr_0 = 2.3391e-04
Validation f1 = 0.651163
Validation auc = 0.773277
Validation ba = 0.697079
Validation mcc = 0.400744
Epoch 19
Loss = 2.9882e-01, PNorm = 36.3979, GNorm = 1.3375, lr_0 = 2.2493e-04
Loss = 2.4055e-01, PNorm = 36.4280, GNorm = 2.0157, lr_0 = 2.1629e-04
Validation f1 = 0.685714
Validation auc = 0.780812
Validation ba = 0.687850
Validation mcc = 0.370122
Epoch 20
Loss = 2.0872e-01, PNorm = 36.4615, GNorm = 0.8604, lr_0 = 2.0717e-04
Loss = 2.3404e-01, PNorm = 36.4926, GNorm = 0.7588, lr_0 = 1.9921e-04
Validation f1 = 0.738854
Validation auc = 0.779994
Validation ba = 0.684930
Validation mcc = 0.366851
Epoch 21
Loss = 2.2516e-01, PNorm = 36.5215, GNorm = 1.1132, lr_0 = 1.9081e-04
Loss = 2.0961e-01, PNorm = 36.5497, GNorm = 2.2568, lr_0 = 1.8349e-04
Loss = 2.6219e-01, PNorm = 36.5732, GNorm = 1.9050, lr_0 = 1.7644e-04
Validation f1 = 0.759259
Validation auc = 0.787880
Validation ba = 0.692786
Validation mcc = 0.388166
Epoch 22
Loss = 2.5437e-01, PNorm = 36.5951, GNorm = 1.1054, lr_0 = 1.6966e-04
Loss = 2.0527e-01, PNorm = 36.6203, GNorm = 2.7627, lr_0 = 1.6315e-04
Validation f1 = 0.769697
Validation auc = 0.796320
Validation ba = 0.695940
Validation mcc = 0.399297
Epoch 23
Loss = 2.4911e-01, PNorm = 36.6464, GNorm = 0.7345, lr_0 = 1.5627e-04
Loss = 2.4561e-01, PNorm = 36.6691, GNorm = 6.3089, lr_0 = 1.5027e-04
Validation f1 = 0.773256
Validation auc = 0.799737
Validation ba = 0.677307
Validation mcc = 0.375457
Epoch 24
Loss = 2.1421e-01, PNorm = 36.6895, GNorm = 3.4531, lr_0 = 1.4450e-04
Loss = 2.3587e-01, PNorm = 36.7055, GNorm = 1.8380, lr_0 = 1.3895e-04
Validation f1 = 0.709898
Validation auc = 0.796057
Validation ba = 0.689486
Validation mcc = 0.371433
Epoch 25
Loss = 2.0283e-01, PNorm = 36.7239, GNorm = 1.6680, lr_0 = 1.3309e-04
Loss = 2.1995e-01, PNorm = 36.7428, GNorm = 2.0671, lr_0 = 1.2798e-04
Validation f1 = 0.775148
Validation auc = 0.803534
Validation ba = 0.689749
Validation mcc = 0.394508
Epoch 26
Loss = 1.9379e-01, PNorm = 36.7608, GNorm = 2.0509, lr_0 = 1.2258e-04
Loss = 2.1137e-01, PNorm = 36.7736, GNorm = 2.3553, lr_0 = 1.1788e-04
Validation f1 = 0.709898
Validation auc = 0.794013
Validation ba = 0.689486
Validation mcc = 0.371433
Epoch 27
Loss = 2.1111e-01, PNorm = 36.7887, GNorm = 0.7231, lr_0 = 1.1335e-04
Loss = 1.9411e-01, PNorm = 36.8036, GNorm = 0.6246, lr_0 = 1.0900e-04
Validation f1 = 0.779070
Validation auc = 0.803855
Validation ba = 0.685105
Validation mcc = 0.391970
Epoch 28
Loss = 2.0567e-01, PNorm = 36.8166, GNorm = 3.1682, lr_0 = 1.0440e-04
Loss = 1.9210e-01, PNorm = 36.8295, GNorm = 1.9426, lr_0 = 1.0039e-04
Loss = 2.1939e-01, PNorm = 36.8429, GNorm = 2.0300, lr_0 = 1.0000e-04
Validation f1 = 0.734007
Validation auc = 0.803592
Validation ba = 0.709784
Validation mcc = 0.411360
Epoch 29
Loss = 1.9916e-01, PNorm = 36.8541, GNorm = 1.2797, lr_0 = 1.0000e-04
Loss = 1.9068e-01, PNorm = 36.8649, GNorm = 2.1794, lr_0 = 1.0000e-04
Validation f1 = 0.805634
Validation auc = 0.809667
Validation ba = 0.703884
Validation mcc = 0.450280
Model 0 best validation f1 = 0.805634 on epoch 29
Loading pretrained parameter "encoder.encoder.0.cached_zero_vector".
Loading pretrained parameter "encoder.encoder.0.W_i.weight".
Loading pretrained parameter "encoder.encoder.0.W_h.weight".
Loading pretrained parameter "encoder.encoder.0.W_o.weight".
Loading pretrained parameter "encoder.encoder.0.W_o.bias".
Loading pretrained parameter "ffn.1.weight".
Loading pretrained parameter "ffn.1.bias".
Loading pretrained parameter "ffn.4.weight".
Loading pretrained parameter "ffn.4.bias".
Model 0 test f1 = 0.776892
Model 0 test auc = 0.875781
Model 0 test ba = 0.806679
Model 0 test mcc = 0.606378
Ensemble test f1 = 0.776892
Ensemble test auc = 0.875781
Ensemble test ba = 0.806679
Ensemble test mcc = 0.606378
1-fold cross validation
	Seed 100 ==> test f1 = 0.776892
	Seed 100 ==> test auc = 0.875781
	Seed 100 ==> test ba = 0.806679
	Seed 100 ==> test mcc = 0.606378
Overall test f1 = 0.776892 +/- 0.000000
Overall test auc = 0.875781 +/- 0.000000
Overall test ba = 0.806679 +/- 0.000000
Overall test mcc = 0.606378 +/- 0.000000
Elapsed time = 0:02:38
